<?xml version="1.0" encoding="UTF-8"?>
<!-- Generated by org.testng.reporters.JUnitXMLReporter -->
<testsuite ignored="0" hostname="LTIN327099" failures="0" tests="9" name="ChromeTest3" time="36.227" errors="0" timestamp="2024-04-04T15:56:00 IST">
  <testcase classname="projectTestCases.GiftCardPageTestCases" name="checkHomePageUrlTest" time="0.015"/>
  <testcase classname="projectTestCases.GiftCardPageTestCases" name="checkClickGiftCardTest" time="9.37"/>
  <testcase classname="projectTestCases.GiftCardPageTestCases" name="checkGiftCardUrlTest" time="0.016"/>
  <testcase classname="projectTestCases.GiftCardPageTestCases" name="checkGiftCardTitleTest" time="0.013"/>
  <testcase classname="projectTestCases.GiftCardPageTestCases" name="OccasionHandleTest" time="0.783"/>
  <testcase classname="projectTestCases.GiftCardPageTestCases" name="AmountHandlerTest" time="0.17"/>
  <testcase classname="projectTestCases.GiftCardPageTestCases" name="DropDownHandlerTest" time="0.664"/>
  <testcase classname="projectTestCases.GiftCardPageTestCases" name="ButtonHandleTest" time="0.478"/>
  <testcase classname="projectTestCases.GiftCardPageTestCases" name="enterFormDetailsTest" time="11.669"/>
</testsuite> <!-- ChromeTest3 -->
