<?xml version="1.0" encoding="UTF-8"?>
<!-- Generated by org.testng.reporters.JUnitXMLReporter -->
<testsuite ignored="0" hostname="LTIN327099" failures="0" tests="9" name="ChromeTest1" time="43.588" errors="0" timestamp="2024-04-08T00:17:09 IST">
  <testcase classname="projectTestCases.ProductPageTestCases" name="checkHomePageUrlTest" time="0.022"/>
  <testcase classname="projectTestCases.ProductPageTestCases" name="clickBookShelfTest" time="4.325"/>
  <testcase classname="projectTestCases.ProductPageTestCases" name="checkProductPageUrlTest" time="0.011"/>
  <testcase classname="projectTestCases.ProductPageTestCases" name="checkProductPageTitleTest" time="0.01"/>
  <testcase classname="projectTestCases.ProductPageTestCases" name="popupTest" time="5.142"/>
  <testcase classname="projectTestCases.ProductPageTestCases" name="PriceSliderTest" time="10.645"/>
  <testcase classname="projectTestCases.ProductPageTestCases" name="StorageTypeTest" time="0.304"/>
  <testcase classname="projectTestCases.ProductPageTestCases" name="ExcludeOutOfStockTest" time="0.149"/>
  <testcase classname="projectTestCases.ProductPageTestCases" name="listOfProductsTest" time="2.543"/>
</testsuite> <!-- ChromeTest1 -->
