<?xml version="1.0" encoding="UTF-8"?>
<!-- Generated by org.testng.reporters.JUnitXMLReporter -->
<testsuite ignored="0" hostname="LTIN327099" failures="0" tests="9" name="EdgeTest3" time="69.807" errors="0" timestamp="2024-04-04T15:58:17 IST">
  <testcase classname="projectTestCases.GiftCardPageTestCases" name="checkHomePageUrlTest" time="0.103"/>
  <testcase classname="projectTestCases.GiftCardPageTestCases" name="checkClickGiftCardTest" time="15.21"/>
  <testcase classname="projectTestCases.GiftCardPageTestCases" name="checkGiftCardUrlTest" time="0.014"/>
  <testcase classname="projectTestCases.GiftCardPageTestCases" name="checkGiftCardTitleTest" time="0.015"/>
  <testcase classname="projectTestCases.GiftCardPageTestCases" name="OccasionHandleTest" time="0.803"/>
  <testcase classname="projectTestCases.GiftCardPageTestCases" name="AmountHandlerTest" time="0.173"/>
  <testcase classname="projectTestCases.GiftCardPageTestCases" name="DropDownHandlerTest" time="0.635"/>
  <testcase classname="projectTestCases.GiftCardPageTestCases" name="ButtonHandleTest" time="0.479"/>
  <testcase classname="projectTestCases.GiftCardPageTestCases" name="enterFormDetailsTest" time="12.287"/>
</testsuite> <!-- EdgeTest3 -->
