<?xml version="1.0" encoding="UTF-8"?>
<!-- Generated by org.testng.reporters.JUnitXMLReporter -->
<testsuite ignored="0" hostname="LTIN327099" failures="0" tests="9" name="EdgeTest1" time="37.271" errors="0" timestamp="2024-04-04T15:56:37 IST">
  <testcase classname="projectTestCases.ProductPageTestCases" name="checkHomePageUrlTest" time="0.02"/>
  <testcase classname="projectTestCases.ProductPageTestCases" name="clickBookShelfTest" time="2.429"/>
  <testcase classname="projectTestCases.ProductPageTestCases" name="checkProductPageUrlTest" time="0.072"/>
  <testcase classname="projectTestCases.ProductPageTestCases" name="checkProductPageTitleTest" time="0.017"/>
  <testcase classname="projectTestCases.ProductPageTestCases" name="popupTest" time="5.202"/>
  <testcase classname="projectTestCases.ProductPageTestCases" name="PriceSliderTest" time="10.843"/>
  <testcase classname="projectTestCases.ProductPageTestCases" name="StorageTypeTest" time="0.421"/>
  <testcase classname="projectTestCases.ProductPageTestCases" name="ExcludeOutOfStockTest" time="0.208"/>
  <testcase classname="projectTestCases.ProductPageTestCases" name="listOfProductsTest" time="2.775"/>
</testsuite> <!-- EdgeTest1 -->
