<?xml version="1.0" encoding="UTF-8"?>
<!-- Generated by org.testng.reporters.JUnitXMLReporter -->
<testsuite ignored="0" hostname="LTIN327099" failures="0" tests="3" name="EdgeTest2" time="29.673" errors="0" timestamp="2024-04-04T15:57:07 IST">
  <testcase classname="projectTestCases.HomePageTestCases" name="checkHomePageUrlTest" time="0.028"/>
  <testcase classname="projectTestCases.HomePageTestCases" name="checkHomePageTitleTest" time="0.139"/>
  <testcase classname="projectTestCases.HomePageTestCases" name="ExtractDealTest" time="9.004"/>
</testsuite> <!-- EdgeTest2 -->
