<?xml version="1.0" encoding="UTF-8"?>
<!-- Generated by org.testng.reporters.JUnitXMLReporter -->
<testsuite ignored="0" hostname="LTIN327099" failures="0" tests="9" name="Test1" time="48.367" errors="0" timestamp="2024-04-03T14:24:17 IST">
  <testcase classname="projectTestCases.ProductPageTestCases" name="checkHomePageUrlTest" time="0.031"/>
  <testcase classname="projectTestCases.ProductPageTestCases" name="clickBookShelfTest" time="6.689"/>
  <testcase classname="projectTestCases.ProductPageTestCases" name="checkProductPageUrlTest" time="0.04"/>
  <testcase classname="projectTestCases.ProductPageTestCases" name="checkProductPageTitleTest" time="0.013"/>
  <testcase classname="projectTestCases.ProductPageTestCases" name="popupTest" time="0.205"/>
  <testcase classname="projectTestCases.ProductPageTestCases" name="PriceSliderTest" time="10.823"/>
  <testcase classname="projectTestCases.ProductPageTestCases" name="ExcludeOutOfStockTest" time="0.212"/>
  <testcase classname="projectTestCases.ProductPageTestCases" name="StorageTypeTest" time="0.302"/>
  <testcase classname="projectTestCases.ProductPageTestCases" name="listOfProductsTest" time="2.51"/>
</testsuite> <!-- Test1 -->
