<?xml version="1.0" encoding="UTF-8"?>
<!-- Generated by org.testng.reporters.JUnitXMLReporter -->
<testsuite ignored="0" hostname="LTIN327099" failures="0" tests="3" name="Test2" time="21.247" errors="0" timestamp="2024-04-03T14:24:38 IST">
  <testcase classname="projectTestCases.HomePageTestCases" name="checkHomePageUrlTest" time="0.015"/>
  <testcase classname="projectTestCases.HomePageTestCases" name="checkHomePageTitleTest" time="0.011"/>
  <testcase classname="projectTestCases.HomePageTestCases" name="ExtractDealTest" time="6.833"/>
</testsuite> <!-- Test2 -->
