<?xml version="1.0" encoding="UTF-8"?>
<!-- Generated by org.testng.reporters.JUnitXMLReporter -->
<testsuite ignored="0" hostname="LTIN327099" failures="0" tests="9" name="ChromeTest1" time="53.835" errors="0" timestamp="2024-04-03T22:13:44 IST">
  <testcase classname="projectTestCases.ProductPageTestCases" name="checkHomePageUrlTest" time="0.024"/>
  <testcase classname="projectTestCases.ProductPageTestCases" name="clickBookShelfTest" time="2.318"/>
  <testcase classname="projectTestCases.ProductPageTestCases" name="checkProductPageUrlTest" time="0.01"/>
  <testcase classname="projectTestCases.ProductPageTestCases" name="checkProductPageTitleTest" time="0.012"/>
  <testcase classname="projectTestCases.ProductPageTestCases" name="popupTest" time="2.728"/>
  <testcase classname="projectTestCases.ProductPageTestCases" name="PriceSliderTest" time="11.034"/>
  <testcase classname="projectTestCases.ProductPageTestCases" name="ExcludeOutOfStockTest" time="0.267"/>
  <testcase classname="projectTestCases.ProductPageTestCases" name="StorageTypeTest" time="0.385"/>
  <testcase classname="projectTestCases.ProductPageTestCases" name="listOfProductsTest" time="2.756"/>
</testsuite> <!-- ChromeTest1 -->
