<?xml version="1.0" encoding="UTF-8"?>
<!-- Generated by org.testng.reporters.JUnitXMLReporter -->
<testsuite ignored="0" hostname="LTIN327099" failures="0" tests="3" name="EdgeTest2" time="82.516" errors="0" timestamp="2024-04-03T22:18:22 IST">
  <testcase classname="projectTestCases.HomePageTestCases" name="checkHomePageUrlTest" time="0.012"/>
  <testcase classname="projectTestCases.HomePageTestCases" name="checkHomePageTitleTest" time="0.008"/>
  <testcase classname="projectTestCases.HomePageTestCases" name="ExtractDealTest" time="8.621"/>
</testsuite> <!-- EdgeTest2 -->
