<?xml version="1.0" encoding="UTF-8"?>
<!-- Generated by org.testng.reporters.JUnitXMLReporter -->
<testsuite ignored="0" hostname="LTIN327099" failures="0" tests="9" name="EdgeTest3" time="99.294" errors="0" timestamp="2024-04-03T22:20:02 IST">
  <testcase classname="projectTestCases.GiftCardPageTestCases" name="checkHomePageUrlTest" time="0.019"/>
  <testcase classname="projectTestCases.GiftCardPageTestCases" name="checkClickGiftCardTest" time="9.445"/>
  <testcase classname="projectTestCases.GiftCardPageTestCases" name="checkGiftCardUrlTest" time="0.007"/>
  <testcase classname="projectTestCases.GiftCardPageTestCases" name="checkGiftCardTitleTest" time="0.009"/>
  <testcase classname="projectTestCases.GiftCardPageTestCases" name="OccasionHandleTest" time="0.8"/>
  <testcase classname="projectTestCases.GiftCardPageTestCases" name="AmountHandlerTest" time="0.113"/>
  <testcase classname="projectTestCases.GiftCardPageTestCases" name="enterFormDetailsTest" time="11.728"/>
  <testcase classname="projectTestCases.GiftCardPageTestCases" name="DropDownHandlerTest" time="0.576"/>
  <testcase classname="projectTestCases.GiftCardPageTestCases" name="ButtonHandleTest" time="0.505"/>
</testsuite> <!-- EdgeTest3 -->
