<?xml version="1.0" encoding="UTF-8"?>
<!-- Generated by org.testng.reporters.JUnitXMLReporter -->
<testsuite ignored="0" hostname="LTIN327099" failures="0" tests="3" name="Test2" time="182.79" errors="0" timestamp="2024-04-03T14:48:35 IST">
  <testcase classname="projectTestCases.HomePageTestCases" name="checkHomePageUrlTest" time="0.022"/>
  <testcase classname="projectTestCases.HomePageTestCases" name="checkHomePageTitleTest" time="0.021"/>
  <testcase classname="projectTestCases.HomePageTestCases" name="ExtractDealTest" time="7.313"/>
</testsuite> <!-- Test2 -->
