<?xml version="1.0" encoding="UTF-8"?>
<testsuite xmlns:xsi="http://www.w3.org/2001/XMLSchema-instance" xsi:noNamespaceSchemaLocation="https://maven.apache.org/surefire/maven-surefire-plugin/xsd/surefire-test-report-3.0.xsd" version="3.0" name="TestSuite" time="432.925" tests="42" errors="0" skipped="0" failures="0">
  <properties>
[...]
</properties>
  <testcase name="checkHomePageUrlTest" classname="projectTestCases.ProductPageTestCases" time="0.025">
    <system-err><![CDATA[SLF4J: Failed to load class "org.slf4j.impl.StaticLoggerBinder".
SLF4J: Defaulting to no-operation (NOP) logger implementation
SLF4J: See http://www.slf4j.org/codes.html#StaticLoggerBinder for further details.
]]></system-err>
  </testcase>
  <testcase name="checkHomePageUrlTest" classname="projectTestCases.ProductPageTestCases" time="0.009">
    <system-err><![CDATA[Apr 03, 2024 10:16:12 PM org.openqa.selenium.devtools.CdpVersionFinder findNearestMatch
WARNING: Unable to find an exact match for CDP version 123, returning the closest version; found: 122; Please update to a Selenium version that supports CDP version 123
]]></system-err>
  </testcase>
  <testcase name="clickBookShelfTest" classname="projectTestCases.ProductPageTestCases" time="2.318"/>
  <testcase name="clickBookShelfTest" classname="projectTestCases.ProductPageTestCases" time="2.614"/>
  <testcase name="checkProductPageUrlTest" classname="projectTestCases.ProductPageTestCases" time="0.01"/>
  <testcase name="checkProductPageUrlTest" classname="projectTestCases.ProductPageTestCases" time="0.008"/>
  <testcase name="checkProductPageTitleTest" classname="projectTestCases.ProductPageTestCases" time="0.013"/>
  <testcase name="checkProductPageTitleTest" classname="projectTestCases.ProductPageTestCases" time="0.009"/>
  <testcase name="popupTest" classname="projectTestCases.ProductPageTestCases" time="2.729"/>
  <testcase name="popupTest" classname="projectTestCases.ProductPageTestCases" time="2.394"/>
  <testcase name="PriceSliderTest" classname="projectTestCases.ProductPageTestCases" time="11.034"/>
  <testcase name="PriceSliderTest" classname="projectTestCases.ProductPageTestCases" time="10.706"/>
  <testcase name="ExcludeOutOfStockTest" classname="projectTestCases.ProductPageTestCases" time="0.267"/>
  <testcase name="ExcludeOutOfStockTest" classname="projectTestCases.ProductPageTestCases" time="0.164"/>
  <testcase name="StorageTypeTest" classname="projectTestCases.ProductPageTestCases" time="0.385"/>
  <testcase name="StorageTypeTest" classname="projectTestCases.ProductPageTestCases" time="0.257"/>
  <testcase name="listOfProductsTest" classname="projectTestCases.ProductPageTestCases" time="2.756">
    <system-out><![CDATA[1.Theodore Engineered Wood Bookshelf in Rustic Walnut Finish - Rs.13280
2.Rustic Engineered Wood Bookshelf in Asian Walnut Finish - Rs.7049
3.Harwin Solid Wood Bookshelf in Mahogany Finish - Rs.11263


]]></system-out>
  </testcase>
  <testcase name="listOfProductsTest" classname="projectTestCases.ProductPageTestCases" time="2.604">
    <system-out><![CDATA[1.Theodore Engineered Wood Bookshelf in Rustic Walnut Finish - Rs.13280
2.Rustic Engineered Wood Bookshelf in Asian Walnut Finish - Rs.7049
3.Harwin Solid Wood Bookshelf in Mahogany Finish - Rs.11263


]]></system-out>
  </testcase>
  <testcase name="checkHomePageUrlTest" classname="projectTestCases.HomePageTestCases" time="0.018"/>
  <testcase name="checkHomePageUrlTest" classname="projectTestCases.HomePageTestCases" time="0.012">
    <system-err><![CDATA[Apr 03, 2024 10:17:46 PM org.openqa.selenium.devtools.CdpVersionFinder findNearestMatch
WARNING: Unable to find an exact match for CDP version 123, returning the closest version; found: 122; Please update to a Selenium version that supports CDP version 123
]]></system-err>
  </testcase>
  <testcase name="checkHomePageTitleTest" classname="projectTestCases.HomePageTestCases" time="0.018"/>
  <testcase name="checkHomePageTitleTest" classname="projectTestCases.HomePageTestCases" time="0.009"/>
  <testcase name="ExtractDealTest" classname="projectTestCases.HomePageTestCases" time="8.909">
    <system-out><![CDATA[Blockbuster Deals
Clearance Sale
All Products on Sale
All Decor on Sale
UL Assured Picks


]]></system-out>
  </testcase>
  <testcase name="ExtractDealTest" classname="projectTestCases.HomePageTestCases" time="8.622">
    <system-out><![CDATA[Blockbuster Deals
Clearance Sale
All Products on Sale
All Decor on Sale
UL Assured Picks


]]></system-out>
  </testcase>
  <testcase name="checkHomePageUrlTest" classname="projectTestCases.GiftCardPageTestCases" time="0.015"/>
  <testcase name="checkHomePageUrlTest" classname="projectTestCases.GiftCardPageTestCases" time="0.018">
    <system-err><![CDATA[Apr 03, 2024 10:19:10 PM org.openqa.selenium.devtools.CdpVersionFinder findNearestMatch
WARNING: Unable to find an exact match for CDP version 123, returning the closest version; found: 122; Please update to a Selenium version that supports CDP version 123
]]></system-err>
  </testcase>
  <testcase name="checkClickGiftCardTest" classname="projectTestCases.GiftCardPageTestCases" time="8.329"/>
  <testcase name="checkClickGiftCardTest" classname="projectTestCases.GiftCardPageTestCases" time="9.444"/>
  <testcase name="checkGiftCardUrlTest" classname="projectTestCases.GiftCardPageTestCases" time="0.072"/>
  <testcase name="checkGiftCardUrlTest" classname="projectTestCases.GiftCardPageTestCases" time="0.008"/>
  <testcase name="checkGiftCardTitleTest" classname="projectTestCases.GiftCardPageTestCases" time="0.025"/>
  <testcase name="checkGiftCardTitleTest" classname="projectTestCases.GiftCardPageTestCases" time="0.009"/>
  <testcase name="OccasionHandleTest" classname="projectTestCases.GiftCardPageTestCases" time="1.025"/>
  <testcase name="OccasionHandleTest" classname="projectTestCases.GiftCardPageTestCases" time="0.801"/>
  <testcase name="AmountHandlerTest" classname="projectTestCases.GiftCardPageTestCases" time="0.205"/>
  <testcase name="AmountHandlerTest" classname="projectTestCases.GiftCardPageTestCases" time="0.114"/>
  <testcase name="enterFormDetailsTest[shreya, shreya1, 9.876543211E9, chotu, chotu@gmail.com, 9.876543212E9, park square, 700009.0](1)" classname="projectTestCases.GiftCardPageTestCases" time="11.883">
    <system-out><![CDATA[Actual Error Message is: Please include an '@' in the email address. 'shreya1' is missing an '@'.
]]></system-out>
    <system-err><![CDATA[ERROR StatusLogger Log4j2 could not find a logging implementation. Please add log4j-core to the classpath. Using SimpleLogger to log to the console...
]]></system-err>
  </testcase>
  <testcase name="enterFormDetailsTest[shreya, shreya1, 9.876543211E9, chotu, chotu@gmail.com, 9.876543212E9, park square, 700009.0](1)" classname="projectTestCases.GiftCardPageTestCases" time="11.732">
    <system-out><![CDATA[Actual Error Message is: Please include an '@' in the email address. 'shreya1' is missing an '@'.
]]></system-out>
  </testcase>
  <testcase name="DropDownHandlerTest" classname="projectTestCases.GiftCardPageTestCases" time="0.721"/>
  <testcase name="DropDownHandlerTest" classname="projectTestCases.GiftCardPageTestCases" time="0.576"/>
  <testcase name="ButtonHandleTest" classname="projectTestCases.GiftCardPageTestCases" time="0.479"/>
  <testcase name="ButtonHandleTest" classname="projectTestCases.GiftCardPageTestCases" time="0.506"/>
</testsuite>