<?xml version="1.0" encoding="UTF-8"?>
<testng-results ignored="0" total="42" passed="42" failed="0" skipped="0">
  <reporter-output>
  </reporter-output>
  <suite started-at="2024-04-04T15:54:17 IST" name="Suite" finished-at="2024-04-04T15:58:17 IST" duration-ms="239721">
    <groups>
      <group name="SmokeTest">
        <method signature="ProductPageTestCases.checkHomePageUrlTest()[pri:1, instance:projectTestCases.ProductPageTestCases@4fb3ee4e]" name="checkHomePageUrlTest" class="projectTestCases.ProductPageTestCases"/>
        <method signature="ProductPageTestCases.checkProductPageTitleTest()[pri:5, instance:projectTestCases.ProductPageTestCases@4fb3ee4e]" name="checkProductPageTitleTest" class="projectTestCases.ProductPageTestCases"/>
        <method signature="ProductPageTestCases.checkProductPageUrlTest()[pri:4, instance:projectTestCases.ProductPageTestCases@4fb3ee4e]" name="checkProductPageUrlTest" class="projectTestCases.ProductPageTestCases"/>
        <method signature="HomePageTestCases.checkHomePageTitleTest()[pri:2, instance:projectTestCases.HomePageTestCases@55634720]" name="checkHomePageTitleTest" class="projectTestCases.HomePageTestCases"/>
        <method signature="HomePageTestCases.checkHomePageUrlTest()[pri:1, instance:projectTestCases.HomePageTestCases@55634720]" name="checkHomePageUrlTest" class="projectTestCases.HomePageTestCases"/>
        <method signature="GiftCardPageTestCases.checkGiftCardTitleTest()[pri:5, instance:projectTestCases.GiftCardPageTestCases@121314f7]" name="checkGiftCardTitleTest" class="projectTestCases.GiftCardPageTestCases"/>
        <method signature="GiftCardPageTestCases.checkGiftCardUrlTest()[pri:3, instance:projectTestCases.GiftCardPageTestCases@121314f7]" name="checkGiftCardUrlTest" class="projectTestCases.GiftCardPageTestCases"/>
        <method signature="GiftCardPageTestCases.checkHomePageUrlTest()[pri:1, instance:projectTestCases.GiftCardPageTestCases@121314f7]" name="checkHomePageUrlTest" class="projectTestCases.GiftCardPageTestCases"/>
        <method signature="ProductPageTestCases.checkHomePageUrlTest()[pri:1, instance:projectTestCases.ProductPageTestCases@70e9c95d]" name="checkHomePageUrlTest" class="projectTestCases.ProductPageTestCases"/>
        <method signature="ProductPageTestCases.checkProductPageTitleTest()[pri:5, instance:projectTestCases.ProductPageTestCases@70e9c95d]" name="checkProductPageTitleTest" class="projectTestCases.ProductPageTestCases"/>
        <method signature="ProductPageTestCases.checkProductPageUrlTest()[pri:4, instance:projectTestCases.ProductPageTestCases@70e9c95d]" name="checkProductPageUrlTest" class="projectTestCases.ProductPageTestCases"/>
        <method signature="HomePageTestCases.checkHomePageTitleTest()[pri:2, instance:projectTestCases.HomePageTestCases@6221a451]" name="checkHomePageTitleTest" class="projectTestCases.HomePageTestCases"/>
        <method signature="HomePageTestCases.checkHomePageUrlTest()[pri:1, instance:projectTestCases.HomePageTestCases@6221a451]" name="checkHomePageUrlTest" class="projectTestCases.HomePageTestCases"/>
        <method signature="GiftCardPageTestCases.checkGiftCardTitleTest()[pri:5, instance:projectTestCases.GiftCardPageTestCases@7b36aa0c]" name="checkGiftCardTitleTest" class="projectTestCases.GiftCardPageTestCases"/>
        <method signature="GiftCardPageTestCases.checkGiftCardUrlTest()[pri:3, instance:projectTestCases.GiftCardPageTestCases@7b36aa0c]" name="checkGiftCardUrlTest" class="projectTestCases.GiftCardPageTestCases"/>
        <method signature="GiftCardPageTestCases.checkHomePageUrlTest()[pri:1, instance:projectTestCases.GiftCardPageTestCases@7b36aa0c]" name="checkHomePageUrlTest" class="projectTestCases.GiftCardPageTestCases"/>
      </group> <!-- SmokeTest -->
    </groups>
    <test started-at="2024-04-04T15:54:17 IST" name="ChromeTest1" finished-at="2024-04-04T15:55:00 IST" duration-ms="42877">
      <class name="projectTestCases.ProductPageTestCases">
        <test-method is-config="true" signature="beforeTest(java.lang.String)[pri:0, instance:projectTestCases.ProductPageTestCases@4fb3ee4e]" started-at="2024-04-04T15:54:17 IST" name="beforeTest" finished-at="2024-04-04T15:54:34 IST" duration-ms="17154" status="PASS">
          <params>
            <param index="0">
              <value>
                <![CDATA[chrome]]>
              </value>
            </param>
          </params>
          <reporter-output>
          </reporter-output>
        </test-method> <!-- beforeTest -->
        <test-method is-config="true" signature="beforeMethod(org.testng.ITestResult)[pri:0, instance:projectTestCases.ProductPageTestCases@4fb3ee4e]" started-at="2024-04-04T15:54:34 IST" name="beforeMethod" finished-at="2024-04-04T15:54:34 IST" duration-ms="1" status="PASS">
          <params>
            <param index="0">
              <value>
                <![CDATA[[TestResult name={null} status=CREATED method=ProductPageTestCases.checkHomePageUrlTest()[pri:1, instance:projectTestCases.ProductPageTestCases@4fb3ee4e] output={null}]]]>
              </value>
            </param>
          </params>
          <reporter-output>
          </reporter-output>
        </test-method> <!-- beforeMethod -->
        <test-method signature="checkHomePageUrlTest()[pri:1, instance:projectTestCases.ProductPageTestCases@4fb3ee4e]" started-at="2024-04-04T15:54:34 IST" name="checkHomePageUrlTest" finished-at="2024-04-04T15:54:34 IST" duration-ms="34" status="PASS">
          <reporter-output>
          </reporter-output>
        </test-method> <!-- checkHomePageUrlTest -->
        <test-method is-config="true" signature="getResult(org.testng.ITestResult)[pri:0, instance:projectTestCases.ProductPageTestCases@4fb3ee4e]" started-at="2024-04-04T15:54:34 IST" name="getResult" finished-at="2024-04-04T15:54:34 IST" duration-ms="2" status="PASS">
          <params>
            <param index="0">
              <value>
                <![CDATA[[TestResult name=checkHomePageUrlTest status=SUCCESS method=ProductPageTestCases.checkHomePageUrlTest()[pri:1, instance:projectTestCases.ProductPageTestCases@4fb3ee4e] output={null}]]]>
              </value>
            </param>
          </params>
          <reporter-output>
          </reporter-output>
        </test-method> <!-- getResult -->
        <test-method is-config="true" signature="afterMethod(org.testng.ITestResult)[pri:0, instance:projectTestCases.ProductPageTestCases@4fb3ee4e]" started-at="2024-04-04T15:54:34 IST" name="afterMethod" finished-at="2024-04-04T15:54:34 IST" duration-ms="0" status="PASS">
          <params>
            <param index="0">
              <value>
                <![CDATA[[TestResult name=checkHomePageUrlTest status=SUCCESS method=ProductPageTestCases.checkHomePageUrlTest()[pri:1, instance:projectTestCases.ProductPageTestCases@4fb3ee4e] output={null}]]]>
              </value>
            </param>
          </params>
          <reporter-output>
          </reporter-output>
        </test-method> <!-- afterMethod -->
        <test-method signature="clickBookShelfTest()[pri:2, instance:projectTestCases.ProductPageTestCases@4fb3ee4e]" started-at="2024-04-04T15:54:34 IST" name="clickBookShelfTest" finished-at="2024-04-04T15:54:38 IST" duration-ms="3070" status="PASS">
          <reporter-output>
          </reporter-output>
        </test-method> <!-- clickBookShelfTest -->
        <test-method is-config="true" signature="beforeMethod(org.testng.ITestResult)[pri:0, instance:projectTestCases.ProductPageTestCases@4fb3ee4e]" started-at="2024-04-04T15:54:34 IST" name="beforeMethod" finished-at="2024-04-04T15:54:34 IST" duration-ms="0" status="PASS">
          <params>
            <param index="0">
              <value>
                <![CDATA[[TestResult name={null} status=CREATED method=ProductPageTestCases.clickBookShelfTest()[pri:2, instance:projectTestCases.ProductPageTestCases@4fb3ee4e] output={null}]]]>
              </value>
            </param>
          </params>
          <reporter-output>
          </reporter-output>
        </test-method> <!-- beforeMethod -->
        <test-method is-config="true" signature="getResult(org.testng.ITestResult)[pri:0, instance:projectTestCases.ProductPageTestCases@4fb3ee4e]" started-at="2024-04-04T15:54:38 IST" name="getResult" finished-at="2024-04-04T15:54:38 IST" duration-ms="2" status="PASS">
          <params>
            <param index="0">
              <value>
                <![CDATA[[TestResult name=clickBookShelfTest status=SUCCESS method=ProductPageTestCases.clickBookShelfTest()[pri:2, instance:projectTestCases.ProductPageTestCases@4fb3ee4e] output={null}]]]>
              </value>
            </param>
          </params>
          <reporter-output>
          </reporter-output>
        </test-method> <!-- getResult -->
        <test-method is-config="true" signature="afterMethod(org.testng.ITestResult)[pri:0, instance:projectTestCases.ProductPageTestCases@4fb3ee4e]" started-at="2024-04-04T15:54:38 IST" name="afterMethod" finished-at="2024-04-04T15:54:38 IST" duration-ms="0" status="PASS">
          <params>
            <param index="0">
              <value>
                <![CDATA[[TestResult name=clickBookShelfTest status=SUCCESS method=ProductPageTestCases.clickBookShelfTest()[pri:2, instance:projectTestCases.ProductPageTestCases@4fb3ee4e] output={null}]]]>
              </value>
            </param>
          </params>
          <reporter-output>
          </reporter-output>
        </test-method> <!-- afterMethod -->
        <test-method is-config="true" signature="beforeMethod(org.testng.ITestResult)[pri:0, instance:projectTestCases.ProductPageTestCases@4fb3ee4e]" started-at="2024-04-04T15:54:38 IST" name="beforeMethod" finished-at="2024-04-04T15:54:38 IST" duration-ms="1" status="PASS">
          <params>
            <param index="0">
              <value>
                <![CDATA[[TestResult name={null} status=CREATED method=ProductPageTestCases.checkProductPageUrlTest()[pri:4, instance:projectTestCases.ProductPageTestCases@4fb3ee4e] output={null}]]]>
              </value>
            </param>
          </params>
          <reporter-output>
          </reporter-output>
        </test-method> <!-- beforeMethod -->
        <test-method signature="checkProductPageUrlTest()[pri:4, instance:projectTestCases.ProductPageTestCases@4fb3ee4e]" started-at="2024-04-04T15:54:38 IST" name="checkProductPageUrlTest" finished-at="2024-04-04T15:54:38 IST" duration-ms="80" status="PASS">
          <reporter-output>
          </reporter-output>
        </test-method> <!-- checkProductPageUrlTest -->
        <test-method is-config="true" signature="afterMethod(org.testng.ITestResult)[pri:0, instance:projectTestCases.ProductPageTestCases@4fb3ee4e]" started-at="2024-04-04T15:54:38 IST" name="afterMethod" finished-at="2024-04-04T15:54:38 IST" duration-ms="0" status="PASS">
          <params>
            <param index="0">
              <value>
                <![CDATA[[TestResult name=checkProductPageUrlTest status=SUCCESS method=ProductPageTestCases.checkProductPageUrlTest()[pri:4, instance:projectTestCases.ProductPageTestCases@4fb3ee4e] output={null}]]]>
              </value>
            </param>
          </params>
          <reporter-output>
          </reporter-output>
        </test-method> <!-- afterMethod -->
        <test-method is-config="true" signature="getResult(org.testng.ITestResult)[pri:0, instance:projectTestCases.ProductPageTestCases@4fb3ee4e]" started-at="2024-04-04T15:54:38 IST" name="getResult" finished-at="2024-04-04T15:54:38 IST" duration-ms="0" status="PASS">
          <params>
            <param index="0">
              <value>
                <![CDATA[[TestResult name=checkProductPageUrlTest status=SUCCESS method=ProductPageTestCases.checkProductPageUrlTest()[pri:4, instance:projectTestCases.ProductPageTestCases@4fb3ee4e] output={null}]]]>
              </value>
            </param>
          </params>
          <reporter-output>
          </reporter-output>
        </test-method> <!-- getResult -->
        <test-method is-config="true" signature="beforeMethod(org.testng.ITestResult)[pri:0, instance:projectTestCases.ProductPageTestCases@4fb3ee4e]" started-at="2024-04-04T15:54:38 IST" name="beforeMethod" finished-at="2024-04-04T15:54:38 IST" duration-ms="1" status="PASS">
          <params>
            <param index="0">
              <value>
                <![CDATA[[TestResult name={null} status=CREATED method=ProductPageTestCases.checkProductPageTitleTest()[pri:5, instance:projectTestCases.ProductPageTestCases@4fb3ee4e] output={null}]]]>
              </value>
            </param>
          </params>
          <reporter-output>
          </reporter-output>
        </test-method> <!-- beforeMethod -->
        <test-method signature="checkProductPageTitleTest()[pri:5, instance:projectTestCases.ProductPageTestCases@4fb3ee4e]" started-at="2024-04-04T15:54:38 IST" name="checkProductPageTitleTest" finished-at="2024-04-04T15:54:38 IST" duration-ms="14" status="PASS">
          <reporter-output>
          </reporter-output>
        </test-method> <!-- checkProductPageTitleTest -->
        <test-method is-config="true" signature="afterMethod(org.testng.ITestResult)[pri:0, instance:projectTestCases.ProductPageTestCases@4fb3ee4e]" started-at="2024-04-04T15:54:38 IST" name="afterMethod" finished-at="2024-04-04T15:54:38 IST" duration-ms="1" status="PASS">
          <params>
            <param index="0">
              <value>
                <![CDATA[[TestResult name=checkProductPageTitleTest status=SUCCESS method=ProductPageTestCases.checkProductPageTitleTest()[pri:5, instance:projectTestCases.ProductPageTestCases@4fb3ee4e] output={null}]]]>
              </value>
            </param>
          </params>
          <reporter-output>
          </reporter-output>
        </test-method> <!-- afterMethod -->
        <test-method is-config="true" signature="getResult(org.testng.ITestResult)[pri:0, instance:projectTestCases.ProductPageTestCases@4fb3ee4e]" started-at="2024-04-04T15:54:38 IST" name="getResult" finished-at="2024-04-04T15:54:38 IST" duration-ms="0" status="PASS">
          <params>
            <param index="0">
              <value>
                <![CDATA[[TestResult name=checkProductPageTitleTest status=SUCCESS method=ProductPageTestCases.checkProductPageTitleTest()[pri:5, instance:projectTestCases.ProductPageTestCases@4fb3ee4e] output={null}]]]>
              </value>
            </param>
          </params>
          <reporter-output>
          </reporter-output>
        </test-method> <!-- getResult -->
        <test-method signature="popupTest()[pri:6, instance:projectTestCases.ProductPageTestCases@4fb3ee4e]" started-at="2024-04-04T15:54:38 IST" name="popupTest" finished-at="2024-04-04T15:54:43 IST" duration-ms="5263" status="PASS">
          <reporter-output>
          </reporter-output>
        </test-method> <!-- popupTest -->
        <test-method is-config="true" signature="beforeMethod(org.testng.ITestResult)[pri:0, instance:projectTestCases.ProductPageTestCases@4fb3ee4e]" started-at="2024-04-04T15:54:38 IST" name="beforeMethod" finished-at="2024-04-04T15:54:38 IST" duration-ms="0" status="PASS">
          <params>
            <param index="0">
              <value>
                <![CDATA[[TestResult name={null} status=CREATED method=ProductPageTestCases.popupTest()[pri:6, instance:projectTestCases.ProductPageTestCases@4fb3ee4e] output={null}]]]>
              </value>
            </param>
          </params>
          <reporter-output>
          </reporter-output>
        </test-method> <!-- beforeMethod -->
        <test-method is-config="true" signature="afterMethod(org.testng.ITestResult)[pri:0, instance:projectTestCases.ProductPageTestCases@4fb3ee4e]" started-at="2024-04-04T15:54:43 IST" name="afterMethod" finished-at="2024-04-04T15:54:43 IST" duration-ms="1" status="PASS">
          <params>
            <param index="0">
              <value>
                <![CDATA[[TestResult name=popupTest status=SUCCESS method=ProductPageTestCases.popupTest()[pri:6, instance:projectTestCases.ProductPageTestCases@4fb3ee4e] output={null}]]]>
              </value>
            </param>
          </params>
          <reporter-output>
          </reporter-output>
        </test-method> <!-- afterMethod -->
        <test-method is-config="true" signature="getResult(org.testng.ITestResult)[pri:0, instance:projectTestCases.ProductPageTestCases@4fb3ee4e]" started-at="2024-04-04T15:54:43 IST" name="getResult" finished-at="2024-04-04T15:54:43 IST" duration-ms="0" status="PASS">
          <params>
            <param index="0">
              <value>
                <![CDATA[[TestResult name=popupTest status=SUCCESS method=ProductPageTestCases.popupTest()[pri:6, instance:projectTestCases.ProductPageTestCases@4fb3ee4e] output={null}]]]>
              </value>
            </param>
          </params>
          <reporter-output>
          </reporter-output>
        </test-method> <!-- getResult -->
        <test-method is-config="true" signature="beforeMethod(org.testng.ITestResult)[pri:0, instance:projectTestCases.ProductPageTestCases@4fb3ee4e]" started-at="2024-04-04T15:54:43 IST" name="beforeMethod" finished-at="2024-04-04T15:54:43 IST" duration-ms="0" status="PASS">
          <params>
            <param index="0">
              <value>
                <![CDATA[[TestResult name={null} status=CREATED method=ProductPageTestCases.PriceSliderTest()[pri:7, instance:projectTestCases.ProductPageTestCases@4fb3ee4e] output={null}]]]>
              </value>
            </param>
          </params>
          <reporter-output>
          </reporter-output>
        </test-method> <!-- beforeMethod -->
        <test-method signature="PriceSliderTest()[pri:7, instance:projectTestCases.ProductPageTestCases@4fb3ee4e]" started-at="2024-04-04T15:54:43 IST" name="PriceSliderTest" finished-at="2024-04-04T15:54:54 IST" duration-ms="10998" status="PASS">
          <reporter-output>
          </reporter-output>
        </test-method> <!-- PriceSliderTest -->
        <test-method is-config="true" signature="afterMethod(org.testng.ITestResult)[pri:0, instance:projectTestCases.ProductPageTestCases@4fb3ee4e]" started-at="2024-04-04T15:54:54 IST" name="afterMethod" finished-at="2024-04-04T15:54:54 IST" duration-ms="1" status="PASS">
          <params>
            <param index="0">
              <value>
                <![CDATA[[TestResult name=PriceSliderTest status=SUCCESS method=ProductPageTestCases.PriceSliderTest()[pri:7, instance:projectTestCases.ProductPageTestCases@4fb3ee4e] output={null}]]]>
              </value>
            </param>
          </params>
          <reporter-output>
          </reporter-output>
        </test-method> <!-- afterMethod -->
        <test-method is-config="true" signature="getResult(org.testng.ITestResult)[pri:0, instance:projectTestCases.ProductPageTestCases@4fb3ee4e]" started-at="2024-04-04T15:54:54 IST" name="getResult" finished-at="2024-04-04T15:54:54 IST" duration-ms="0" status="PASS">
          <params>
            <param index="0">
              <value>
                <![CDATA[[TestResult name=PriceSliderTest status=SUCCESS method=ProductPageTestCases.PriceSliderTest()[pri:7, instance:projectTestCases.ProductPageTestCases@4fb3ee4e] output={null}]]]>
              </value>
            </param>
          </params>
          <reporter-output>
          </reporter-output>
        </test-method> <!-- getResult -->
        <test-method is-config="true" signature="beforeMethod(org.testng.ITestResult)[pri:0, instance:projectTestCases.ProductPageTestCases@4fb3ee4e]" started-at="2024-04-04T15:54:54 IST" name="beforeMethod" finished-at="2024-04-04T15:54:54 IST" duration-ms="1" status="PASS">
          <params>
            <param index="0">
              <value>
                <![CDATA[[TestResult name={null} status=CREATED method=ProductPageTestCases.StorageTypeTest()[pri:8, instance:projectTestCases.ProductPageTestCases@4fb3ee4e] output={null}]]]>
              </value>
            </param>
          </params>
          <reporter-output>
          </reporter-output>
        </test-method> <!-- beforeMethod -->
        <test-method signature="StorageTypeTest()[pri:8, instance:projectTestCases.ProductPageTestCases@4fb3ee4e]" started-at="2024-04-04T15:54:54 IST" name="StorageTypeTest" finished-at="2024-04-04T15:54:54 IST" duration-ms="414" status="PASS">
          <reporter-output>
          </reporter-output>
        </test-method> <!-- StorageTypeTest -->
        <test-method is-config="true" signature="afterMethod(org.testng.ITestResult)[pri:0, instance:projectTestCases.ProductPageTestCases@4fb3ee4e]" started-at="2024-04-04T15:54:54 IST" name="afterMethod" finished-at="2024-04-04T15:54:54 IST" duration-ms="1" status="PASS">
          <params>
            <param index="0">
              <value>
                <![CDATA[[TestResult name=StorageTypeTest status=SUCCESS method=ProductPageTestCases.StorageTypeTest()[pri:8, instance:projectTestCases.ProductPageTestCases@4fb3ee4e] output={null}]]]>
              </value>
            </param>
          </params>
          <reporter-output>
          </reporter-output>
        </test-method> <!-- afterMethod -->
        <test-method is-config="true" signature="getResult(org.testng.ITestResult)[pri:0, instance:projectTestCases.ProductPageTestCases@4fb3ee4e]" started-at="2024-04-04T15:54:54 IST" name="getResult" finished-at="2024-04-04T15:54:54 IST" duration-ms="0" status="PASS">
          <params>
            <param index="0">
              <value>
                <![CDATA[[TestResult name=StorageTypeTest status=SUCCESS method=ProductPageTestCases.StorageTypeTest()[pri:8, instance:projectTestCases.ProductPageTestCases@4fb3ee4e] output={null}]]]>
              </value>
            </param>
          </params>
          <reporter-output>
          </reporter-output>
        </test-method> <!-- getResult -->
        <test-method signature="ExcludeOutOfStockTest()[pri:9, instance:projectTestCases.ProductPageTestCases@4fb3ee4e]" started-at="2024-04-04T15:54:54 IST" name="ExcludeOutOfStockTest" finished-at="2024-04-04T15:54:55 IST" duration-ms="208" status="PASS">
          <reporter-output>
          </reporter-output>
        </test-method> <!-- ExcludeOutOfStockTest -->
        <test-method is-config="true" signature="beforeMethod(org.testng.ITestResult)[pri:0, instance:projectTestCases.ProductPageTestCases@4fb3ee4e]" started-at="2024-04-04T15:54:54 IST" name="beforeMethod" finished-at="2024-04-04T15:54:54 IST" duration-ms="0" status="PASS">
          <params>
            <param index="0">
              <value>
                <![CDATA[[TestResult name={null} status=CREATED method=ProductPageTestCases.ExcludeOutOfStockTest()[pri:9, instance:projectTestCases.ProductPageTestCases@4fb3ee4e] output={null}]]]>
              </value>
            </param>
          </params>
          <reporter-output>
          </reporter-output>
        </test-method> <!-- beforeMethod -->
        <test-method is-config="true" signature="getResult(org.testng.ITestResult)[pri:0, instance:projectTestCases.ProductPageTestCases@4fb3ee4e]" started-at="2024-04-04T15:54:55 IST" name="getResult" finished-at="2024-04-04T15:54:55 IST" duration-ms="1" status="PASS">
          <params>
            <param index="0">
              <value>
                <![CDATA[[TestResult name=ExcludeOutOfStockTest status=SUCCESS method=ProductPageTestCases.ExcludeOutOfStockTest()[pri:9, instance:projectTestCases.ProductPageTestCases@4fb3ee4e] output={null}]]]>
              </value>
            </param>
          </params>
          <reporter-output>
          </reporter-output>
        </test-method> <!-- getResult -->
        <test-method is-config="true" signature="afterMethod(org.testng.ITestResult)[pri:0, instance:projectTestCases.ProductPageTestCases@4fb3ee4e]" started-at="2024-04-04T15:54:55 IST" name="afterMethod" finished-at="2024-04-04T15:54:55 IST" duration-ms="0" status="PASS">
          <params>
            <param index="0">
              <value>
                <![CDATA[[TestResult name=ExcludeOutOfStockTest status=SUCCESS method=ProductPageTestCases.ExcludeOutOfStockTest()[pri:9, instance:projectTestCases.ProductPageTestCases@4fb3ee4e] output={null}]]]>
              </value>
            </param>
          </params>
          <reporter-output>
          </reporter-output>
        </test-method> <!-- afterMethod -->
        <test-method signature="listOfProductsTest()[pri:10, instance:projectTestCases.ProductPageTestCases@4fb3ee4e]" started-at="2024-04-04T15:54:55 IST" name="listOfProductsTest" finished-at="2024-04-04T15:54:57 IST" duration-ms="2742" status="PASS">
          <reporter-output>
          </reporter-output>
        </test-method> <!-- listOfProductsTest -->
        <test-method is-config="true" signature="beforeMethod(org.testng.ITestResult)[pri:0, instance:projectTestCases.ProductPageTestCases@4fb3ee4e]" started-at="2024-04-04T15:54:55 IST" name="beforeMethod" finished-at="2024-04-04T15:54:55 IST" duration-ms="0" status="PASS">
          <params>
            <param index="0">
              <value>
                <![CDATA[[TestResult name={null} status=CREATED method=ProductPageTestCases.listOfProductsTest()[pri:10, instance:projectTestCases.ProductPageTestCases@4fb3ee4e] output={null}]]]>
              </value>
            </param>
          </params>
          <reporter-output>
          </reporter-output>
        </test-method> <!-- beforeMethod -->
        <test-method is-config="true" signature="afterMethod(org.testng.ITestResult)[pri:0, instance:projectTestCases.ProductPageTestCases@4fb3ee4e]" started-at="2024-04-04T15:54:57 IST" name="afterMethod" finished-at="2024-04-04T15:54:57 IST" duration-ms="2" status="PASS">
          <params>
            <param index="0">
              <value>
                <![CDATA[[TestResult name=listOfProductsTest status=SUCCESS method=ProductPageTestCases.listOfProductsTest()[pri:10, instance:projectTestCases.ProductPageTestCases@4fb3ee4e] output={null}]]]>
              </value>
            </param>
          </params>
          <reporter-output>
          </reporter-output>
        </test-method> <!-- afterMethod -->
        <test-method is-config="true" signature="getResult(org.testng.ITestResult)[pri:0, instance:projectTestCases.ProductPageTestCases@4fb3ee4e]" started-at="2024-04-04T15:54:57 IST" name="getResult" finished-at="2024-04-04T15:54:57 IST" duration-ms="1" status="PASS">
          <params>
            <param index="0">
              <value>
                <![CDATA[[TestResult name=listOfProductsTest status=SUCCESS method=ProductPageTestCases.listOfProductsTest()[pri:10, instance:projectTestCases.ProductPageTestCases@4fb3ee4e] output={null}]]]>
              </value>
            </param>
          </params>
          <reporter-output>
          </reporter-output>
        </test-method> <!-- getResult -->
        <test-method is-config="true" signature="afterTest()[pri:0, instance:projectTestCases.ProductPageTestCases@4fb3ee4e]" started-at="2024-04-04T15:54:57 IST" name="afterTest" finished-at="2024-04-04T15:55:00 IST" duration-ms="2803" status="PASS">
          <reporter-output>
          </reporter-output>
        </test-method> <!-- afterTest -->
      </class> <!-- projectTestCases.ProductPageTestCases -->
    </test> <!-- ChromeTest1 -->
    <test started-at="2024-04-04T15:55:00 IST" name="ChromeTest2" finished-at="2024-04-04T15:55:24 IST" duration-ms="23725">
      <class name="projectTestCases.HomePageTestCases">
        <test-method is-config="true" signature="beforeTest(java.lang.String)[pri:0, instance:projectTestCases.HomePageTestCases@55634720]" started-at="2024-04-04T15:55:00 IST" name="beforeTest" finished-at="2024-04-04T15:55:12 IST" duration-ms="11809" status="PASS">
          <params>
            <param index="0">
              <value>
                <![CDATA[chrome]]>
              </value>
            </param>
          </params>
          <reporter-output>
          </reporter-output>
        </test-method> <!-- beforeTest -->
        <test-method is-config="true" signature="beforeMethod(org.testng.ITestResult)[pri:0, instance:projectTestCases.HomePageTestCases@55634720]" started-at="2024-04-04T15:55:12 IST" name="beforeMethod" finished-at="2024-04-04T15:55:12 IST" duration-ms="0" status="PASS">
          <params>
            <param index="0">
              <value>
                <![CDATA[[TestResult name={null} status=CREATED method=HomePageTestCases.checkHomePageUrlTest()[pri:1, instance:projectTestCases.HomePageTestCases@55634720] output={null}]]]>
              </value>
            </param>
          </params>
          <reporter-output>
          </reporter-output>
        </test-method> <!-- beforeMethod -->
        <test-method signature="checkHomePageUrlTest()[pri:1, instance:projectTestCases.HomePageTestCases@55634720]" started-at="2024-04-04T15:55:12 IST" name="checkHomePageUrlTest" finished-at="2024-04-04T15:55:12 IST" duration-ms="14" status="PASS">
          <reporter-output>
          </reporter-output>
        </test-method> <!-- checkHomePageUrlTest -->
        <test-method is-config="true" signature="afterMethod(org.testng.ITestResult)[pri:0, instance:projectTestCases.HomePageTestCases@55634720]" started-at="2024-04-04T15:55:12 IST" name="afterMethod" finished-at="2024-04-04T15:55:12 IST" duration-ms="0" status="PASS">
          <params>
            <param index="0">
              <value>
                <![CDATA[[TestResult name=checkHomePageUrlTest status=SUCCESS method=HomePageTestCases.checkHomePageUrlTest()[pri:1, instance:projectTestCases.HomePageTestCases@55634720] output={null}]]]>
              </value>
            </param>
          </params>
          <reporter-output>
          </reporter-output>
        </test-method> <!-- afterMethod -->
        <test-method is-config="true" signature="getResult(org.testng.ITestResult)[pri:0, instance:projectTestCases.HomePageTestCases@55634720]" started-at="2024-04-04T15:55:12 IST" name="getResult" finished-at="2024-04-04T15:55:12 IST" duration-ms="0" status="PASS">
          <params>
            <param index="0">
              <value>
                <![CDATA[[TestResult name=checkHomePageUrlTest status=SUCCESS method=HomePageTestCases.checkHomePageUrlTest()[pri:1, instance:projectTestCases.HomePageTestCases@55634720] output={null}]]]>
              </value>
            </param>
          </params>
          <reporter-output>
          </reporter-output>
        </test-method> <!-- getResult -->
        <test-method is-config="true" signature="beforeMethod(org.testng.ITestResult)[pri:0, instance:projectTestCases.HomePageTestCases@55634720]" started-at="2024-04-04T15:55:12 IST" name="beforeMethod" finished-at="2024-04-04T15:55:12 IST" duration-ms="0" status="PASS">
          <params>
            <param index="0">
              <value>
                <![CDATA[[TestResult name={null} status=CREATED method=HomePageTestCases.checkHomePageTitleTest()[pri:2, instance:projectTestCases.HomePageTestCases@55634720] output={null}]]]>
              </value>
            </param>
          </params>
          <reporter-output>
          </reporter-output>
        </test-method> <!-- beforeMethod -->
        <test-method signature="checkHomePageTitleTest()[pri:2, instance:projectTestCases.HomePageTestCases@55634720]" started-at="2024-04-04T15:55:12 IST" name="checkHomePageTitleTest" finished-at="2024-04-04T15:55:12 IST" duration-ms="12" status="PASS">
          <reporter-output>
          </reporter-output>
        </test-method> <!-- checkHomePageTitleTest -->
        <test-method is-config="true" signature="afterMethod(org.testng.ITestResult)[pri:0, instance:projectTestCases.HomePageTestCases@55634720]" started-at="2024-04-04T15:55:12 IST" name="afterMethod" finished-at="2024-04-04T15:55:12 IST" duration-ms="0" status="PASS">
          <params>
            <param index="0">
              <value>
                <![CDATA[[TestResult name=checkHomePageTitleTest status=SUCCESS method=HomePageTestCases.checkHomePageTitleTest()[pri:2, instance:projectTestCases.HomePageTestCases@55634720] output={null}]]]>
              </value>
            </param>
          </params>
          <reporter-output>
          </reporter-output>
        </test-method> <!-- afterMethod -->
        <test-method is-config="true" signature="beforeMethod(org.testng.ITestResult)[pri:0, instance:projectTestCases.HomePageTestCases@55634720]" started-at="2024-04-04T15:55:12 IST" name="beforeMethod" finished-at="2024-04-04T15:55:12 IST" duration-ms="1" status="PASS">
          <params>
            <param index="0">
              <value>
                <![CDATA[[TestResult name={null} status=CREATED method=HomePageTestCases.ExtractDealTest()[pri:3, instance:projectTestCases.HomePageTestCases@55634720] output={null}]]]>
              </value>
            </param>
          </params>
          <reporter-output>
          </reporter-output>
        </test-method> <!-- beforeMethod -->
        <test-method is-config="true" signature="getResult(org.testng.ITestResult)[pri:0, instance:projectTestCases.HomePageTestCases@55634720]" started-at="2024-04-04T15:55:12 IST" name="getResult" finished-at="2024-04-04T15:55:12 IST" duration-ms="0" status="PASS">
          <params>
            <param index="0">
              <value>
                <![CDATA[[TestResult name=checkHomePageTitleTest status=SUCCESS method=HomePageTestCases.checkHomePageTitleTest()[pri:2, instance:projectTestCases.HomePageTestCases@55634720] output={null}]]]>
              </value>
            </param>
          </params>
          <reporter-output>
          </reporter-output>
        </test-method> <!-- getResult -->
        <test-method signature="ExtractDealTest()[pri:3, instance:projectTestCases.HomePageTestCases@55634720]" started-at="2024-04-04T15:55:12 IST" name="ExtractDealTest" finished-at="2024-04-04T15:55:21 IST" duration-ms="9262" status="PASS">
          <reporter-output>
          </reporter-output>
        </test-method> <!-- ExtractDealTest -->
        <test-method is-config="true" signature="afterMethod(org.testng.ITestResult)[pri:0, instance:projectTestCases.HomePageTestCases@55634720]" started-at="2024-04-04T15:55:21 IST" name="afterMethod" finished-at="2024-04-04T15:55:21 IST" duration-ms="1" status="PASS">
          <params>
            <param index="0">
              <value>
                <![CDATA[[TestResult name=ExtractDealTest status=SUCCESS method=HomePageTestCases.ExtractDealTest()[pri:3, instance:projectTestCases.HomePageTestCases@55634720] output={null}]]]>
              </value>
            </param>
          </params>
          <reporter-output>
          </reporter-output>
        </test-method> <!-- afterMethod -->
        <test-method is-config="true" signature="getResult(org.testng.ITestResult)[pri:0, instance:projectTestCases.HomePageTestCases@55634720]" started-at="2024-04-04T15:55:21 IST" name="getResult" finished-at="2024-04-04T15:55:21 IST" duration-ms="1" status="PASS">
          <params>
            <param index="0">
              <value>
                <![CDATA[[TestResult name=ExtractDealTest status=SUCCESS method=HomePageTestCases.ExtractDealTest()[pri:3, instance:projectTestCases.HomePageTestCases@55634720] output={null}]]]>
              </value>
            </param>
          </params>
          <reporter-output>
          </reporter-output>
        </test-method> <!-- getResult -->
        <test-method is-config="true" signature="afterTest()[pri:0, instance:projectTestCases.HomePageTestCases@55634720]" started-at="2024-04-04T15:55:21 IST" name="afterTest" finished-at="2024-04-04T15:55:24 IST" duration-ms="2614" status="PASS">
          <reporter-output>
          </reporter-output>
        </test-method> <!-- afterTest -->
      </class> <!-- projectTestCases.HomePageTestCases -->
    </test> <!-- ChromeTest2 -->
    <test started-at="2024-04-04T15:55:24 IST" name="ChromeTest3" finished-at="2024-04-04T15:56:00 IST" duration-ms="36227">
      <class name="projectTestCases.GiftCardPageTestCases">
        <test-method is-config="true" signature="beforeTest(java.lang.String)[pri:0, instance:projectTestCases.GiftCardPageTestCases@121314f7]" started-at="2024-04-04T15:55:24 IST" name="beforeTest" finished-at="2024-04-04T15:55:33 IST" duration-ms="9100" status="PASS">
          <params>
            <param index="0">
              <value>
                <![CDATA[chrome]]>
              </value>
            </param>
          </params>
          <reporter-output>
          </reporter-output>
        </test-method> <!-- beforeTest -->
        <test-method is-config="true" signature="beforeMethod(org.testng.ITestResult)[pri:0, instance:projectTestCases.GiftCardPageTestCases@121314f7]" started-at="2024-04-04T15:55:33 IST" name="beforeMethod" finished-at="2024-04-04T15:55:33 IST" duration-ms="1" status="PASS">
          <params>
            <param index="0">
              <value>
                <![CDATA[[TestResult name={null} status=CREATED method=GiftCardPageTestCases.checkHomePageUrlTest()[pri:1, instance:projectTestCases.GiftCardPageTestCases@121314f7] output={null}]]]>
              </value>
            </param>
          </params>
          <reporter-output>
          </reporter-output>
        </test-method> <!-- beforeMethod -->
        <test-method signature="checkHomePageUrlTest()[pri:1, instance:projectTestCases.GiftCardPageTestCases@121314f7]" started-at="2024-04-04T15:55:33 IST" name="checkHomePageUrlTest" finished-at="2024-04-04T15:55:33 IST" duration-ms="15" status="PASS">
          <reporter-output>
          </reporter-output>
        </test-method> <!-- checkHomePageUrlTest -->
        <test-method is-config="true" signature="afterMethod(org.testng.ITestResult)[pri:0, instance:projectTestCases.GiftCardPageTestCases@121314f7]" started-at="2024-04-04T15:55:33 IST" name="afterMethod" finished-at="2024-04-04T15:55:33 IST" duration-ms="0" status="PASS">
          <params>
            <param index="0">
              <value>
                <![CDATA[[TestResult name=checkHomePageUrlTest status=SUCCESS method=GiftCardPageTestCases.checkHomePageUrlTest()[pri:1, instance:projectTestCases.GiftCardPageTestCases@121314f7] output={null}]]]>
              </value>
            </param>
          </params>
          <reporter-output>
          </reporter-output>
        </test-method> <!-- afterMethod -->
        <test-method is-config="true" signature="getResult(org.testng.ITestResult)[pri:0, instance:projectTestCases.GiftCardPageTestCases@121314f7]" started-at="2024-04-04T15:55:33 IST" name="getResult" finished-at="2024-04-04T15:55:33 IST" duration-ms="1" status="PASS">
          <params>
            <param index="0">
              <value>
                <![CDATA[[TestResult name=checkHomePageUrlTest status=SUCCESS method=GiftCardPageTestCases.checkHomePageUrlTest()[pri:1, instance:projectTestCases.GiftCardPageTestCases@121314f7] output={null}]]]>
              </value>
            </param>
          </params>
          <reporter-output>
          </reporter-output>
        </test-method> <!-- getResult -->
        <test-method is-config="true" signature="beforeMethod(org.testng.ITestResult)[pri:0, instance:projectTestCases.GiftCardPageTestCases@121314f7]" started-at="2024-04-04T15:55:33 IST" name="beforeMethod" finished-at="2024-04-04T15:55:33 IST" duration-ms="1" status="PASS">
          <params>
            <param index="0">
              <value>
                <![CDATA[[TestResult name={null} status=CREATED method=GiftCardPageTestCases.checkClickGiftCardTest()[pri:2, instance:projectTestCases.GiftCardPageTestCases@121314f7] output={null}]]]>
              </value>
            </param>
          </params>
          <reporter-output>
          </reporter-output>
        </test-method> <!-- beforeMethod -->
        <test-method signature="checkClickGiftCardTest()[pri:2, instance:projectTestCases.GiftCardPageTestCases@121314f7]" started-at="2024-04-04T15:55:33 IST" name="checkClickGiftCardTest" finished-at="2024-04-04T15:55:42 IST" duration-ms="9370" status="PASS">
          <reporter-output>
          </reporter-output>
        </test-method> <!-- checkClickGiftCardTest -->
        <test-method is-config="true" signature="afterMethod(org.testng.ITestResult)[pri:0, instance:projectTestCases.GiftCardPageTestCases@121314f7]" started-at="2024-04-04T15:55:42 IST" name="afterMethod" finished-at="2024-04-04T15:55:42 IST" duration-ms="0" status="PASS">
          <params>
            <param index="0">
              <value>
                <![CDATA[[TestResult name=checkClickGiftCardTest status=SUCCESS method=GiftCardPageTestCases.checkClickGiftCardTest()[pri:2, instance:projectTestCases.GiftCardPageTestCases@121314f7] output={null}]]]>
              </value>
            </param>
          </params>
          <reporter-output>
          </reporter-output>
        </test-method> <!-- afterMethod -->
        <test-method is-config="true" signature="getResult(org.testng.ITestResult)[pri:0, instance:projectTestCases.GiftCardPageTestCases@121314f7]" started-at="2024-04-04T15:55:42 IST" name="getResult" finished-at="2024-04-04T15:55:42 IST" duration-ms="0" status="PASS">
          <params>
            <param index="0">
              <value>
                <![CDATA[[TestResult name=checkClickGiftCardTest status=SUCCESS method=GiftCardPageTestCases.checkClickGiftCardTest()[pri:2, instance:projectTestCases.GiftCardPageTestCases@121314f7] output={null}]]]>
              </value>
            </param>
          </params>
          <reporter-output>
          </reporter-output>
        </test-method> <!-- getResult -->
        <test-method is-config="true" signature="beforeMethod(org.testng.ITestResult)[pri:0, instance:projectTestCases.GiftCardPageTestCases@121314f7]" started-at="2024-04-04T15:55:42 IST" name="beforeMethod" finished-at="2024-04-04T15:55:42 IST" duration-ms="0" status="PASS">
          <params>
            <param index="0">
              <value>
                <![CDATA[[TestResult name={null} status=CREATED method=GiftCardPageTestCases.checkGiftCardUrlTest()[pri:3, instance:projectTestCases.GiftCardPageTestCases@121314f7] output={null}]]]>
              </value>
            </param>
          </params>
          <reporter-output>
          </reporter-output>
        </test-method> <!-- beforeMethod -->
        <test-method signature="checkGiftCardUrlTest()[pri:3, instance:projectTestCases.GiftCardPageTestCases@121314f7]" started-at="2024-04-04T15:55:42 IST" name="checkGiftCardUrlTest" finished-at="2024-04-04T15:55:42 IST" duration-ms="16" status="PASS">
          <reporter-output>
          </reporter-output>
        </test-method> <!-- checkGiftCardUrlTest -->
        <test-method is-config="true" signature="afterMethod(org.testng.ITestResult)[pri:0, instance:projectTestCases.GiftCardPageTestCases@121314f7]" started-at="2024-04-04T15:55:42 IST" name="afterMethod" finished-at="2024-04-04T15:55:42 IST" duration-ms="1" status="PASS">
          <params>
            <param index="0">
              <value>
                <![CDATA[[TestResult name=checkGiftCardUrlTest status=SUCCESS method=GiftCardPageTestCases.checkGiftCardUrlTest()[pri:3, instance:projectTestCases.GiftCardPageTestCases@121314f7] output={null}]]]>
              </value>
            </param>
          </params>
          <reporter-output>
          </reporter-output>
        </test-method> <!-- afterMethod -->
        <test-method is-config="true" signature="getResult(org.testng.ITestResult)[pri:0, instance:projectTestCases.GiftCardPageTestCases@121314f7]" started-at="2024-04-04T15:55:42 IST" name="getResult" finished-at="2024-04-04T15:55:42 IST" duration-ms="0" status="PASS">
          <params>
            <param index="0">
              <value>
                <![CDATA[[TestResult name=checkGiftCardUrlTest status=SUCCESS method=GiftCardPageTestCases.checkGiftCardUrlTest()[pri:3, instance:projectTestCases.GiftCardPageTestCases@121314f7] output={null}]]]>
              </value>
            </param>
          </params>
          <reporter-output>
          </reporter-output>
        </test-method> <!-- getResult -->
        <test-method is-config="true" signature="beforeMethod(org.testng.ITestResult)[pri:0, instance:projectTestCases.GiftCardPageTestCases@121314f7]" started-at="2024-04-04T15:55:42 IST" name="beforeMethod" finished-at="2024-04-04T15:55:42 IST" duration-ms="1" status="PASS">
          <params>
            <param index="0">
              <value>
                <![CDATA[[TestResult name={null} status=CREATED method=GiftCardPageTestCases.checkGiftCardTitleTest()[pri:5, instance:projectTestCases.GiftCardPageTestCases@121314f7] output={null}]]]>
              </value>
            </param>
          </params>
          <reporter-output>
          </reporter-output>
        </test-method> <!-- beforeMethod -->
        <test-method signature="checkGiftCardTitleTest()[pri:5, instance:projectTestCases.GiftCardPageTestCases@121314f7]" started-at="2024-04-04T15:55:42 IST" name="checkGiftCardTitleTest" finished-at="2024-04-04T15:55:42 IST" duration-ms="13" status="PASS">
          <reporter-output>
          </reporter-output>
        </test-method> <!-- checkGiftCardTitleTest -->
        <test-method is-config="true" signature="afterMethod(org.testng.ITestResult)[pri:0, instance:projectTestCases.GiftCardPageTestCases@121314f7]" started-at="2024-04-04T15:55:42 IST" name="afterMethod" finished-at="2024-04-04T15:55:42 IST" duration-ms="1" status="PASS">
          <params>
            <param index="0">
              <value>
                <![CDATA[[TestResult name=checkGiftCardTitleTest status=SUCCESS method=GiftCardPageTestCases.checkGiftCardTitleTest()[pri:5, instance:projectTestCases.GiftCardPageTestCases@121314f7] output={null}]]]>
              </value>
            </param>
          </params>
          <reporter-output>
          </reporter-output>
        </test-method> <!-- afterMethod -->
        <test-method is-config="true" signature="getResult(org.testng.ITestResult)[pri:0, instance:projectTestCases.GiftCardPageTestCases@121314f7]" started-at="2024-04-04T15:55:42 IST" name="getResult" finished-at="2024-04-04T15:55:42 IST" duration-ms="1" status="PASS">
          <params>
            <param index="0">
              <value>
                <![CDATA[[TestResult name=checkGiftCardTitleTest status=SUCCESS method=GiftCardPageTestCases.checkGiftCardTitleTest()[pri:5, instance:projectTestCases.GiftCardPageTestCases@121314f7] output={null}]]]>
              </value>
            </param>
          </params>
          <reporter-output>
          </reporter-output>
        </test-method> <!-- getResult -->
        <test-method is-config="true" signature="beforeMethod(org.testng.ITestResult)[pri:0, instance:projectTestCases.GiftCardPageTestCases@121314f7]" started-at="2024-04-04T15:55:42 IST" name="beforeMethod" finished-at="2024-04-04T15:55:42 IST" duration-ms="1" status="PASS">
          <params>
            <param index="0">
              <value>
                <![CDATA[[TestResult name={null} status=CREATED method=GiftCardPageTestCases.OccasionHandleTest()[pri:6, instance:projectTestCases.GiftCardPageTestCases@121314f7] output={null}]]]>
              </value>
            </param>
          </params>
          <reporter-output>
          </reporter-output>
        </test-method> <!-- beforeMethod -->
        <test-method signature="OccasionHandleTest()[pri:6, instance:projectTestCases.GiftCardPageTestCases@121314f7]" started-at="2024-04-04T15:55:42 IST" name="OccasionHandleTest" finished-at="2024-04-04T15:55:43 IST" duration-ms="783" status="PASS">
          <reporter-output>
          </reporter-output>
        </test-method> <!-- OccasionHandleTest -->
        <test-method is-config="true" signature="afterMethod(org.testng.ITestResult)[pri:0, instance:projectTestCases.GiftCardPageTestCases@121314f7]" started-at="2024-04-04T15:55:43 IST" name="afterMethod" finished-at="2024-04-04T15:55:43 IST" duration-ms="1" status="PASS">
          <params>
            <param index="0">
              <value>
                <![CDATA[[TestResult name=OccasionHandleTest status=SUCCESS method=GiftCardPageTestCases.OccasionHandleTest()[pri:6, instance:projectTestCases.GiftCardPageTestCases@121314f7] output={null}]]]>
              </value>
            </param>
          </params>
          <reporter-output>
          </reporter-output>
        </test-method> <!-- afterMethod -->
        <test-method is-config="true" signature="getResult(org.testng.ITestResult)[pri:0, instance:projectTestCases.GiftCardPageTestCases@121314f7]" started-at="2024-04-04T15:55:43 IST" name="getResult" finished-at="2024-04-04T15:55:43 IST" duration-ms="0" status="PASS">
          <params>
            <param index="0">
              <value>
                <![CDATA[[TestResult name=OccasionHandleTest status=SUCCESS method=GiftCardPageTestCases.OccasionHandleTest()[pri:6, instance:projectTestCases.GiftCardPageTestCases@121314f7] output={null}]]]>
              </value>
            </param>
          </params>
          <reporter-output>
          </reporter-output>
        </test-method> <!-- getResult -->
        <test-method is-config="true" signature="beforeMethod(org.testng.ITestResult)[pri:0, instance:projectTestCases.GiftCardPageTestCases@121314f7]" started-at="2024-04-04T15:55:43 IST" name="beforeMethod" finished-at="2024-04-04T15:55:43 IST" duration-ms="0" status="PASS">
          <params>
            <param index="0">
              <value>
                <![CDATA[[TestResult name={null} status=CREATED method=GiftCardPageTestCases.AmountHandlerTest()[pri:7, instance:projectTestCases.GiftCardPageTestCases@121314f7] output={null}]]]>
              </value>
            </param>
          </params>
          <reporter-output>
          </reporter-output>
        </test-method> <!-- beforeMethod -->
        <test-method signature="AmountHandlerTest()[pri:7, instance:projectTestCases.GiftCardPageTestCases@121314f7]" started-at="2024-04-04T15:55:43 IST" name="AmountHandlerTest" finished-at="2024-04-04T15:55:43 IST" duration-ms="170" status="PASS">
          <reporter-output>
          </reporter-output>
        </test-method> <!-- AmountHandlerTest -->
        <test-method is-config="true" signature="afterMethod(org.testng.ITestResult)[pri:0, instance:projectTestCases.GiftCardPageTestCases@121314f7]" started-at="2024-04-04T15:55:43 IST" name="afterMethod" finished-at="2024-04-04T15:55:43 IST" duration-ms="1" status="PASS">
          <params>
            <param index="0">
              <value>
                <![CDATA[[TestResult name=AmountHandlerTest status=SUCCESS method=GiftCardPageTestCases.AmountHandlerTest()[pri:7, instance:projectTestCases.GiftCardPageTestCases@121314f7] output={null}]]]>
              </value>
            </param>
          </params>
          <reporter-output>
          </reporter-output>
        </test-method> <!-- afterMethod -->
        <test-method is-config="true" signature="getResult(org.testng.ITestResult)[pri:0, instance:projectTestCases.GiftCardPageTestCases@121314f7]" started-at="2024-04-04T15:55:43 IST" name="getResult" finished-at="2024-04-04T15:55:43 IST" duration-ms="0" status="PASS">
          <params>
            <param index="0">
              <value>
                <![CDATA[[TestResult name=AmountHandlerTest status=SUCCESS method=GiftCardPageTestCases.AmountHandlerTest()[pri:7, instance:projectTestCases.GiftCardPageTestCases@121314f7] output={null}]]]>
              </value>
            </param>
          </params>
          <reporter-output>
          </reporter-output>
        </test-method> <!-- getResult -->
        <test-method is-config="true" signature="beforeMethod(org.testng.ITestResult)[pri:0, instance:projectTestCases.GiftCardPageTestCases@121314f7]" started-at="2024-04-04T15:55:43 IST" name="beforeMethod" finished-at="2024-04-04T15:55:43 IST" duration-ms="0" status="PASS">
          <params>
            <param index="0">
              <value>
                <![CDATA[[TestResult name={null} status=CREATED method=GiftCardPageTestCases.DropDownHandlerTest()[pri:8, instance:projectTestCases.GiftCardPageTestCases@121314f7] output={null}]]]>
              </value>
            </param>
          </params>
          <reporter-output>
          </reporter-output>
        </test-method> <!-- beforeMethod -->
        <test-method signature="DropDownHandlerTest()[pri:8, instance:projectTestCases.GiftCardPageTestCases@121314f7]" started-at="2024-04-04T15:55:43 IST" name="DropDownHandlerTest" finished-at="2024-04-04T15:55:44 IST" duration-ms="664" status="PASS">
          <reporter-output>
          </reporter-output>
        </test-method> <!-- DropDownHandlerTest -->
        <test-method is-config="true" signature="afterMethod(org.testng.ITestResult)[pri:0, instance:projectTestCases.GiftCardPageTestCases@121314f7]" started-at="2024-04-04T15:55:44 IST" name="afterMethod" finished-at="2024-04-04T15:55:44 IST" duration-ms="1" status="PASS">
          <params>
            <param index="0">
              <value>
                <![CDATA[[TestResult name=DropDownHandlerTest status=SUCCESS method=GiftCardPageTestCases.DropDownHandlerTest()[pri:8, instance:projectTestCases.GiftCardPageTestCases@121314f7] output={null}]]]>
              </value>
            </param>
          </params>
          <reporter-output>
          </reporter-output>
        </test-method> <!-- afterMethod -->
        <test-method is-config="true" signature="getResult(org.testng.ITestResult)[pri:0, instance:projectTestCases.GiftCardPageTestCases@121314f7]" started-at="2024-04-04T15:55:44 IST" name="getResult" finished-at="2024-04-04T15:55:44 IST" duration-ms="0" status="PASS">
          <params>
            <param index="0">
              <value>
                <![CDATA[[TestResult name=DropDownHandlerTest status=SUCCESS method=GiftCardPageTestCases.DropDownHandlerTest()[pri:8, instance:projectTestCases.GiftCardPageTestCases@121314f7] output={null}]]]>
              </value>
            </param>
          </params>
          <reporter-output>
          </reporter-output>
        </test-method> <!-- getResult -->
        <test-method is-config="true" signature="beforeMethod(org.testng.ITestResult)[pri:0, instance:projectTestCases.GiftCardPageTestCases@121314f7]" started-at="2024-04-04T15:55:44 IST" name="beforeMethod" finished-at="2024-04-04T15:55:44 IST" duration-ms="0" status="PASS">
          <params>
            <param index="0">
              <value>
                <![CDATA[[TestResult name={null} status=CREATED method=GiftCardPageTestCases.ButtonHandleTest()[pri:9, instance:projectTestCases.GiftCardPageTestCases@121314f7] output={null}]]]>
              </value>
            </param>
          </params>
          <reporter-output>
          </reporter-output>
        </test-method> <!-- beforeMethod -->
        <test-method signature="ButtonHandleTest()[pri:9, instance:projectTestCases.GiftCardPageTestCases@121314f7]" started-at="2024-04-04T15:55:44 IST" name="ButtonHandleTest" finished-at="2024-04-04T15:55:45 IST" duration-ms="478" status="PASS">
          <reporter-output>
          </reporter-output>
        </test-method> <!-- ButtonHandleTest -->
        <test-method is-config="true" signature="afterMethod(org.testng.ITestResult)[pri:0, instance:projectTestCases.GiftCardPageTestCases@121314f7]" started-at="2024-04-04T15:55:45 IST" name="afterMethod" finished-at="2024-04-04T15:55:45 IST" duration-ms="3" status="PASS">
          <params>
            <param index="0">
              <value>
                <![CDATA[[TestResult name=ButtonHandleTest status=SUCCESS method=GiftCardPageTestCases.ButtonHandleTest()[pri:9, instance:projectTestCases.GiftCardPageTestCases@121314f7] output={null}]]]>
              </value>
            </param>
          </params>
          <reporter-output>
          </reporter-output>
        </test-method> <!-- afterMethod -->
        <test-method is-config="true" signature="getResult(org.testng.ITestResult)[pri:0, instance:projectTestCases.GiftCardPageTestCases@121314f7]" started-at="2024-04-04T15:55:45 IST" name="getResult" finished-at="2024-04-04T15:55:45 IST" duration-ms="1" status="PASS">
          <params>
            <param index="0">
              <value>
                <![CDATA[[TestResult name=ButtonHandleTest status=SUCCESS method=GiftCardPageTestCases.ButtonHandleTest()[pri:9, instance:projectTestCases.GiftCardPageTestCases@121314f7] output={null}]]]>
              </value>
            </param>
          </params>
          <reporter-output>
          </reporter-output>
        </test-method> <!-- getResult -->
        <test-method is-config="true" signature="beforeMethod(org.testng.ITestResult)[pri:0, instance:projectTestCases.GiftCardPageTestCases@121314f7]" started-at="2024-04-04T15:55:46 IST" name="beforeMethod" finished-at="2024-04-04T15:55:46 IST" duration-ms="0" status="PASS">
          <params>
            <param index="0">
              <value>
                <![CDATA[[TestResult name={null} status=CREATED method=GiftCardPageTestCases.enterFormDetailsTest(java.lang.String,java.lang.String,java.lang.String,java.lang.String,java.lang.String,java.lang.String,java.lang.String,java.lang.String)[pri:10, instance:projectTestCases.GiftCardPageTestCases@121314f7] output={null}]]]>
              </value>
            </param>
          </params>
          <reporter-output>
          </reporter-output>
        </test-method> <!-- beforeMethod -->
        <test-method signature="enterFormDetailsTest(java.lang.String,java.lang.String,java.lang.String,java.lang.String,java.lang.String,java.lang.String,java.lang.String,java.lang.String)[pri:10, instance:projectTestCases.GiftCardPageTestCases@121314f7]" started-at="2024-04-04T15:55:46 IST" name="enterFormDetailsTest" data-provider="enterFormDetailsTest" finished-at="2024-04-04T15:55:57 IST" duration-ms="11669" status="PASS">
          <params>
            <param index="0">
              <value>
                <![CDATA[shreya]]>
              </value>
            </param>
            <param index="1">
              <value>
                <![CDATA[shreya1]]>
              </value>
            </param>
            <param index="2">
              <value>
                <![CDATA[9.876543211E9]]>
              </value>
            </param>
            <param index="3">
              <value>
                <![CDATA[chotu]]>
              </value>
            </param>
            <param index="4">
              <value>
                <![CDATA[chotu@gmail.com]]>
              </value>
            </param>
            <param index="5">
              <value>
                <![CDATA[9.876543212E9]]>
              </value>
            </param>
            <param index="6">
              <value>
                <![CDATA[park square]]>
              </value>
            </param>
            <param index="7">
              <value>
                <![CDATA[700009.0]]>
              </value>
            </param>
          </params>
          <reporter-output>
          </reporter-output>
        </test-method> <!-- enterFormDetailsTest -->
        <test-method is-config="true" signature="getResult(org.testng.ITestResult)[pri:0, instance:projectTestCases.GiftCardPageTestCases@121314f7]" started-at="2024-04-04T15:55:57 IST" name="getResult" finished-at="2024-04-04T15:55:57 IST" duration-ms="1" status="PASS">
          <params>
            <param index="0">
              <value>
                <![CDATA[[TestResult name=enterFormDetailsTest status=SUCCESS method=GiftCardPageTestCases.enterFormDetailsTest(java.lang.String,java.lang.String,java.lang.String,java.lang.String,java.lang.String,java.lang.String,java.lang.String,java.lang.String)[pri:10, instance:projectTestCases.GiftCardPageTestCases@121314f7] output={null}]]]>
              </value>
            </param>
          </params>
          <reporter-output>
          </reporter-output>
        </test-method> <!-- getResult -->
        <test-method is-config="true" signature="afterMethod(org.testng.ITestResult)[pri:0, instance:projectTestCases.GiftCardPageTestCases@121314f7]" started-at="2024-04-04T15:55:57 IST" name="afterMethod" finished-at="2024-04-04T15:55:57 IST" duration-ms="0" status="PASS">
          <params>
            <param index="0">
              <value>
                <![CDATA[[TestResult name=enterFormDetailsTest status=SUCCESS method=GiftCardPageTestCases.enterFormDetailsTest(java.lang.String,java.lang.String,java.lang.String,java.lang.String,java.lang.String,java.lang.String,java.lang.String,java.lang.String)[pri:10, instance:projectTestCases.GiftCardPageTestCases@121314f7] output={null}]]]>
              </value>
            </param>
          </params>
          <reporter-output>
          </reporter-output>
        </test-method> <!-- afterMethod -->
        <test-method is-config="true" signature="afterTest()[pri:0, instance:projectTestCases.GiftCardPageTestCases@121314f7]" started-at="2024-04-04T15:55:57 IST" name="afterTest" finished-at="2024-04-04T15:56:00 IST" duration-ms="2682" status="PASS">
          <reporter-output>
          </reporter-output>
        </test-method> <!-- afterTest -->
      </class> <!-- projectTestCases.GiftCardPageTestCases -->
    </test> <!-- ChromeTest3 -->
    <test started-at="2024-04-04T15:56:00 IST" name="EdgeTest1" finished-at="2024-04-04T15:56:37 IST" duration-ms="37271">
      <class name="projectTestCases.ProductPageTestCases">
        <test-method is-config="true" signature="beforeTest(java.lang.String)[pri:0, instance:projectTestCases.ProductPageTestCases@70e9c95d]" started-at="2024-04-04T15:56:00 IST" name="beforeTest" finished-at="2024-04-04T15:56:11 IST" duration-ms="10705" status="PASS">
          <params>
            <param index="0">
              <value>
                <![CDATA[edge]]>
              </value>
            </param>
          </params>
          <reporter-output>
          </reporter-output>
        </test-method> <!-- beforeTest -->
        <test-method is-config="true" signature="beforeMethod(org.testng.ITestResult)[pri:0, instance:projectTestCases.ProductPageTestCases@70e9c95d]" started-at="2024-04-04T15:56:11 IST" name="beforeMethod" finished-at="2024-04-04T15:56:11 IST" duration-ms="0" status="PASS">
          <params>
            <param index="0">
              <value>
                <![CDATA[[TestResult name={null} status=CREATED method=ProductPageTestCases.checkHomePageUrlTest()[pri:1, instance:projectTestCases.ProductPageTestCases@70e9c95d] output={null}]]]>
              </value>
            </param>
          </params>
          <reporter-output>
          </reporter-output>
        </test-method> <!-- beforeMethod -->
        <test-method signature="checkHomePageUrlTest()[pri:1, instance:projectTestCases.ProductPageTestCases@70e9c95d]" started-at="2024-04-04T15:56:11 IST" name="checkHomePageUrlTest" finished-at="2024-04-04T15:56:11 IST" duration-ms="20" status="PASS">
          <reporter-output>
          </reporter-output>
        </test-method> <!-- checkHomePageUrlTest -->
        <test-method is-config="true" signature="afterMethod(org.testng.ITestResult)[pri:0, instance:projectTestCases.ProductPageTestCases@70e9c95d]" started-at="2024-04-04T15:56:11 IST" name="afterMethod" finished-at="2024-04-04T15:56:11 IST" duration-ms="0" status="PASS">
          <params>
            <param index="0">
              <value>
                <![CDATA[[TestResult name=checkHomePageUrlTest status=SUCCESS method=ProductPageTestCases.checkHomePageUrlTest()[pri:1, instance:projectTestCases.ProductPageTestCases@70e9c95d] output={null}]]]>
              </value>
            </param>
          </params>
          <reporter-output>
          </reporter-output>
        </test-method> <!-- afterMethod -->
        <test-method is-config="true" signature="getResult(org.testng.ITestResult)[pri:0, instance:projectTestCases.ProductPageTestCases@70e9c95d]" started-at="2024-04-04T15:56:11 IST" name="getResult" finished-at="2024-04-04T15:56:11 IST" duration-ms="0" status="PASS">
          <params>
            <param index="0">
              <value>
                <![CDATA[[TestResult name=checkHomePageUrlTest status=SUCCESS method=ProductPageTestCases.checkHomePageUrlTest()[pri:1, instance:projectTestCases.ProductPageTestCases@70e9c95d] output={null}]]]>
              </value>
            </param>
          </params>
          <reporter-output>
          </reporter-output>
        </test-method> <!-- getResult -->
        <test-method signature="clickBookShelfTest()[pri:2, instance:projectTestCases.ProductPageTestCases@70e9c95d]" started-at="2024-04-04T15:56:11 IST" name="clickBookShelfTest" finished-at="2024-04-04T15:56:13 IST" duration-ms="2429" status="PASS">
          <reporter-output>
          </reporter-output>
        </test-method> <!-- clickBookShelfTest -->
        <test-method is-config="true" signature="beforeMethod(org.testng.ITestResult)[pri:0, instance:projectTestCases.ProductPageTestCases@70e9c95d]" started-at="2024-04-04T15:56:11 IST" name="beforeMethod" finished-at="2024-04-04T15:56:11 IST" duration-ms="0" status="PASS">
          <params>
            <param index="0">
              <value>
                <![CDATA[[TestResult name={null} status=CREATED method=ProductPageTestCases.clickBookShelfTest()[pri:2, instance:projectTestCases.ProductPageTestCases@70e9c95d] output={null}]]]>
              </value>
            </param>
          </params>
          <reporter-output>
          </reporter-output>
        </test-method> <!-- beforeMethod -->
        <test-method is-config="true" signature="afterMethod(org.testng.ITestResult)[pri:0, instance:projectTestCases.ProductPageTestCases@70e9c95d]" started-at="2024-04-04T15:56:13 IST" name="afterMethod" finished-at="2024-04-04T15:56:13 IST" duration-ms="1" status="PASS">
          <params>
            <param index="0">
              <value>
                <![CDATA[[TestResult name=clickBookShelfTest status=SUCCESS method=ProductPageTestCases.clickBookShelfTest()[pri:2, instance:projectTestCases.ProductPageTestCases@70e9c95d] output={null}]]]>
              </value>
            </param>
          </params>
          <reporter-output>
          </reporter-output>
        </test-method> <!-- afterMethod -->
        <test-method is-config="true" signature="getResult(org.testng.ITestResult)[pri:0, instance:projectTestCases.ProductPageTestCases@70e9c95d]" started-at="2024-04-04T15:56:13 IST" name="getResult" finished-at="2024-04-04T15:56:13 IST" duration-ms="1" status="PASS">
          <params>
            <param index="0">
              <value>
                <![CDATA[[TestResult name=clickBookShelfTest status=SUCCESS method=ProductPageTestCases.clickBookShelfTest()[pri:2, instance:projectTestCases.ProductPageTestCases@70e9c95d] output={null}]]]>
              </value>
            </param>
          </params>
          <reporter-output>
          </reporter-output>
        </test-method> <!-- getResult -->
        <test-method is-config="true" signature="beforeMethod(org.testng.ITestResult)[pri:0, instance:projectTestCases.ProductPageTestCases@70e9c95d]" started-at="2024-04-04T15:56:13 IST" name="beforeMethod" finished-at="2024-04-04T15:56:13 IST" duration-ms="1" status="PASS">
          <params>
            <param index="0">
              <value>
                <![CDATA[[TestResult name={null} status=CREATED method=ProductPageTestCases.checkProductPageUrlTest()[pri:4, instance:projectTestCases.ProductPageTestCases@70e9c95d] output={null}]]]>
              </value>
            </param>
          </params>
          <reporter-output>
          </reporter-output>
        </test-method> <!-- beforeMethod -->
        <test-method signature="checkProductPageUrlTest()[pri:4, instance:projectTestCases.ProductPageTestCases@70e9c95d]" started-at="2024-04-04T15:56:13 IST" name="checkProductPageUrlTest" finished-at="2024-04-04T15:56:13 IST" duration-ms="72" status="PASS">
          <reporter-output>
          </reporter-output>
        </test-method> <!-- checkProductPageUrlTest -->
        <test-method is-config="true" signature="getResult(org.testng.ITestResult)[pri:0, instance:projectTestCases.ProductPageTestCases@70e9c95d]" started-at="2024-04-04T15:56:13 IST" name="getResult" finished-at="2024-04-04T15:56:13 IST" duration-ms="1" status="PASS">
          <params>
            <param index="0">
              <value>
                <![CDATA[[TestResult name=checkProductPageUrlTest status=SUCCESS method=ProductPageTestCases.checkProductPageUrlTest()[pri:4, instance:projectTestCases.ProductPageTestCases@70e9c95d] output={null}]]]>
              </value>
            </param>
          </params>
          <reporter-output>
          </reporter-output>
        </test-method> <!-- getResult -->
        <test-method is-config="true" signature="afterMethod(org.testng.ITestResult)[pri:0, instance:projectTestCases.ProductPageTestCases@70e9c95d]" started-at="2024-04-04T15:56:13 IST" name="afterMethod" finished-at="2024-04-04T15:56:13 IST" duration-ms="0" status="PASS">
          <params>
            <param index="0">
              <value>
                <![CDATA[[TestResult name=checkProductPageUrlTest status=SUCCESS method=ProductPageTestCases.checkProductPageUrlTest()[pri:4, instance:projectTestCases.ProductPageTestCases@70e9c95d] output={null}]]]>
              </value>
            </param>
          </params>
          <reporter-output>
          </reporter-output>
        </test-method> <!-- afterMethod -->
        <test-method is-config="true" signature="beforeMethod(org.testng.ITestResult)[pri:0, instance:projectTestCases.ProductPageTestCases@70e9c95d]" started-at="2024-04-04T15:56:13 IST" name="beforeMethod" finished-at="2024-04-04T15:56:13 IST" duration-ms="1" status="PASS">
          <params>
            <param index="0">
              <value>
                <![CDATA[[TestResult name={null} status=CREATED method=ProductPageTestCases.checkProductPageTitleTest()[pri:5, instance:projectTestCases.ProductPageTestCases@70e9c95d] output={null}]]]>
              </value>
            </param>
          </params>
          <reporter-output>
          </reporter-output>
        </test-method> <!-- beforeMethod -->
        <test-method signature="checkProductPageTitleTest()[pri:5, instance:projectTestCases.ProductPageTestCases@70e9c95d]" started-at="2024-04-04T15:56:13 IST" name="checkProductPageTitleTest" finished-at="2024-04-04T15:56:13 IST" duration-ms="17" status="PASS">
          <reporter-output>
          </reporter-output>
        </test-method> <!-- checkProductPageTitleTest -->
        <test-method is-config="true" signature="afterMethod(org.testng.ITestResult)[pri:0, instance:projectTestCases.ProductPageTestCases@70e9c95d]" started-at="2024-04-04T15:56:13 IST" name="afterMethod" finished-at="2024-04-04T15:56:13 IST" duration-ms="1" status="PASS">
          <params>
            <param index="0">
              <value>
                <![CDATA[[TestResult name=checkProductPageTitleTest status=SUCCESS method=ProductPageTestCases.checkProductPageTitleTest()[pri:5, instance:projectTestCases.ProductPageTestCases@70e9c95d] output={null}]]]>
              </value>
            </param>
          </params>
          <reporter-output>
          </reporter-output>
        </test-method> <!-- afterMethod -->
        <test-method is-config="true" signature="getResult(org.testng.ITestResult)[pri:0, instance:projectTestCases.ProductPageTestCases@70e9c95d]" started-at="2024-04-04T15:56:13 IST" name="getResult" finished-at="2024-04-04T15:56:13 IST" duration-ms="0" status="PASS">
          <params>
            <param index="0">
              <value>
                <![CDATA[[TestResult name=checkProductPageTitleTest status=SUCCESS method=ProductPageTestCases.checkProductPageTitleTest()[pri:5, instance:projectTestCases.ProductPageTestCases@70e9c95d] output={null}]]]>
              </value>
            </param>
          </params>
          <reporter-output>
          </reporter-output>
        </test-method> <!-- getResult -->
        <test-method signature="popupTest()[pri:6, instance:projectTestCases.ProductPageTestCases@70e9c95d]" started-at="2024-04-04T15:56:13 IST" name="popupTest" finished-at="2024-04-04T15:56:19 IST" duration-ms="5202" status="PASS">
          <reporter-output>
          </reporter-output>
        </test-method> <!-- popupTest -->
        <test-method is-config="true" signature="beforeMethod(org.testng.ITestResult)[pri:0, instance:projectTestCases.ProductPageTestCases@70e9c95d]" started-at="2024-04-04T15:56:13 IST" name="beforeMethod" finished-at="2024-04-04T15:56:13 IST" duration-ms="0" status="PASS">
          <params>
            <param index="0">
              <value>
                <![CDATA[[TestResult name={null} status=CREATED method=ProductPageTestCases.popupTest()[pri:6, instance:projectTestCases.ProductPageTestCases@70e9c95d] output={null}]]]>
              </value>
            </param>
          </params>
          <reporter-output>
          </reporter-output>
        </test-method> <!-- beforeMethod -->
        <test-method is-config="true" signature="afterMethod(org.testng.ITestResult)[pri:0, instance:projectTestCases.ProductPageTestCases@70e9c95d]" started-at="2024-04-04T15:56:19 IST" name="afterMethod" finished-at="2024-04-04T15:56:19 IST" duration-ms="1" status="PASS">
          <params>
            <param index="0">
              <value>
                <![CDATA[[TestResult name=popupTest status=SUCCESS method=ProductPageTestCases.popupTest()[pri:6, instance:projectTestCases.ProductPageTestCases@70e9c95d] output={null}]]]>
              </value>
            </param>
          </params>
          <reporter-output>
          </reporter-output>
        </test-method> <!-- afterMethod -->
        <test-method is-config="true" signature="getResult(org.testng.ITestResult)[pri:0, instance:projectTestCases.ProductPageTestCases@70e9c95d]" started-at="2024-04-04T15:56:19 IST" name="getResult" finished-at="2024-04-04T15:56:19 IST" duration-ms="0" status="PASS">
          <params>
            <param index="0">
              <value>
                <![CDATA[[TestResult name=popupTest status=SUCCESS method=ProductPageTestCases.popupTest()[pri:6, instance:projectTestCases.ProductPageTestCases@70e9c95d] output={null}]]]>
              </value>
            </param>
          </params>
          <reporter-output>
          </reporter-output>
        </test-method> <!-- getResult -->
        <test-method is-config="true" signature="beforeMethod(org.testng.ITestResult)[pri:0, instance:projectTestCases.ProductPageTestCases@70e9c95d]" started-at="2024-04-04T15:56:19 IST" name="beforeMethod" finished-at="2024-04-04T15:56:19 IST" duration-ms="1" status="PASS">
          <params>
            <param index="0">
              <value>
                <![CDATA[[TestResult name={null} status=CREATED method=ProductPageTestCases.PriceSliderTest()[pri:7, instance:projectTestCases.ProductPageTestCases@70e9c95d] output={null}]]]>
              </value>
            </param>
          </params>
          <reporter-output>
          </reporter-output>
        </test-method> <!-- beforeMethod -->
        <test-method signature="PriceSliderTest()[pri:7, instance:projectTestCases.ProductPageTestCases@70e9c95d]" started-at="2024-04-04T15:56:19 IST" name="PriceSliderTest" finished-at="2024-04-04T15:56:29 IST" duration-ms="10843" status="PASS">
          <reporter-output>
          </reporter-output>
        </test-method> <!-- PriceSliderTest -->
        <test-method is-config="true" signature="afterMethod(org.testng.ITestResult)[pri:0, instance:projectTestCases.ProductPageTestCases@70e9c95d]" started-at="2024-04-04T15:56:29 IST" name="afterMethod" finished-at="2024-04-04T15:56:29 IST" duration-ms="1" status="PASS">
          <params>
            <param index="0">
              <value>
                <![CDATA[[TestResult name=PriceSliderTest status=SUCCESS method=ProductPageTestCases.PriceSliderTest()[pri:7, instance:projectTestCases.ProductPageTestCases@70e9c95d] output={null}]]]>
              </value>
            </param>
          </params>
          <reporter-output>
          </reporter-output>
        </test-method> <!-- afterMethod -->
        <test-method is-config="true" signature="getResult(org.testng.ITestResult)[pri:0, instance:projectTestCases.ProductPageTestCases@70e9c95d]" started-at="2024-04-04T15:56:29 IST" name="getResult" finished-at="2024-04-04T15:56:29 IST" duration-ms="0" status="PASS">
          <params>
            <param index="0">
              <value>
                <![CDATA[[TestResult name=PriceSliderTest status=SUCCESS method=ProductPageTestCases.PriceSliderTest()[pri:7, instance:projectTestCases.ProductPageTestCases@70e9c95d] output={null}]]]>
              </value>
            </param>
          </params>
          <reporter-output>
          </reporter-output>
        </test-method> <!-- getResult -->
        <test-method is-config="true" signature="beforeMethod(org.testng.ITestResult)[pri:0, instance:projectTestCases.ProductPageTestCases@70e9c95d]" started-at="2024-04-04T15:56:29 IST" name="beforeMethod" finished-at="2024-04-04T15:56:29 IST" duration-ms="1" status="PASS">
          <params>
            <param index="0">
              <value>
                <![CDATA[[TestResult name={null} status=CREATED method=ProductPageTestCases.StorageTypeTest()[pri:8, instance:projectTestCases.ProductPageTestCases@70e9c95d] output={null}]]]>
              </value>
            </param>
          </params>
          <reporter-output>
          </reporter-output>
        </test-method> <!-- beforeMethod -->
        <test-method signature="StorageTypeTest()[pri:8, instance:projectTestCases.ProductPageTestCases@70e9c95d]" started-at="2024-04-04T15:56:29 IST" name="StorageTypeTest" finished-at="2024-04-04T15:56:30 IST" duration-ms="421" status="PASS">
          <reporter-output>
          </reporter-output>
        </test-method> <!-- StorageTypeTest -->
        <test-method is-config="true" signature="afterMethod(org.testng.ITestResult)[pri:0, instance:projectTestCases.ProductPageTestCases@70e9c95d]" started-at="2024-04-04T15:56:30 IST" name="afterMethod" finished-at="2024-04-04T15:56:30 IST" duration-ms="1" status="PASS">
          <params>
            <param index="0">
              <value>
                <![CDATA[[TestResult name=StorageTypeTest status=SUCCESS method=ProductPageTestCases.StorageTypeTest()[pri:8, instance:projectTestCases.ProductPageTestCases@70e9c95d] output={null}]]]>
              </value>
            </param>
          </params>
          <reporter-output>
          </reporter-output>
        </test-method> <!-- afterMethod -->
        <test-method is-config="true" signature="getResult(org.testng.ITestResult)[pri:0, instance:projectTestCases.ProductPageTestCases@70e9c95d]" started-at="2024-04-04T15:56:30 IST" name="getResult" finished-at="2024-04-04T15:56:30 IST" duration-ms="1" status="PASS">
          <params>
            <param index="0">
              <value>
                <![CDATA[[TestResult name=StorageTypeTest status=SUCCESS method=ProductPageTestCases.StorageTypeTest()[pri:8, instance:projectTestCases.ProductPageTestCases@70e9c95d] output={null}]]]>
              </value>
            </param>
          </params>
          <reporter-output>
          </reporter-output>
        </test-method> <!-- getResult -->
[...]
          <params>
            <param index="0">
              <value>
                <![CDATA[[TestResult name={null} status=CREATED method=GiftCardPageTestCases.checkGiftCardUrlTest()[pri:3, instance:projectTestCases.GiftCardPageTestCases@7b36aa0c] output={null}]]]>
              </value>
            </param>
          </params>
          <reporter-output>
          </reporter-output>
        </test-method> <!-- beforeMethod -->
        <test-method signature="checkGiftCardUrlTest()[pri:3, instance:projectTestCases.GiftCardPageTestCases@7b36aa0c]" started-at="2024-04-04T15:57:58 IST" name="checkGiftCardUrlTest" finished-at="2024-04-04T15:57:58 IST" duration-ms="14" status="PASS">
          <reporter-output>
          </reporter-output>
        </test-method> <!-- checkGiftCardUrlTest -->
        <test-method is-config="true" signature="afterMethod(org.testng.ITestResult)[pri:0, instance:projectTestCases.GiftCardPageTestCases@7b36aa0c]" started-at="2024-04-04T15:57:58 IST" name="afterMethod" finished-at="2024-04-04T15:57:58 IST" duration-ms="0" status="PASS">
          <params>
            <param index="0">
              <value>
                <![CDATA[[TestResult name=checkGiftCardUrlTest status=SUCCESS method=GiftCardPageTestCases.checkGiftCardUrlTest()[pri:3, instance:projectTestCases.GiftCardPageTestCases@7b36aa0c] output={null}]]]>
              </value>
            </param>
          </params>
          <reporter-output>
          </reporter-output>
        </test-method> <!-- afterMethod -->
        <test-method is-config="true" signature="getResult(org.testng.ITestResult)[pri:0, instance:projectTestCases.GiftCardPageTestCases@7b36aa0c]" started-at="2024-04-04T15:57:58 IST" name="getResult" finished-at="2024-04-04T15:57:58 IST" duration-ms="1" status="PASS">
          <params>
            <param index="0">
              <value>
                <![CDATA[[TestResult name=checkGiftCardUrlTest status=SUCCESS method=GiftCardPageTestCases.checkGiftCardUrlTest()[pri:3, instance:projectTestCases.GiftCardPageTestCases@7b36aa0c] output={null}]]]>
              </value>
            </param>
          </params>
          <reporter-output>
          </reporter-output>
        </test-method> <!-- getResult -->
        <test-method is-config="true" signature="beforeMethod(org.testng.ITestResult)[pri:0, instance:projectTestCases.GiftCardPageTestCases@7b36aa0c]" started-at="2024-04-04T15:57:58 IST" name="beforeMethod" finished-at="2024-04-04T15:57:58 IST" duration-ms="1" status="PASS">
          <params>
            <param index="0">
              <value>
                <![CDATA[[TestResult name={null} status=CREATED method=GiftCardPageTestCases.checkGiftCardTitleTest()[pri:5, instance:projectTestCases.GiftCardPageTestCases@7b36aa0c] output={null}]]]>
              </value>
            </param>
          </params>
          <reporter-output>
          </reporter-output>
        </test-method> <!-- beforeMethod -->
        <test-method signature="checkGiftCardTitleTest()[pri:5, instance:projectTestCases.GiftCardPageTestCases@7b36aa0c]" started-at="2024-04-04T15:57:58 IST" name="checkGiftCardTitleTest" finished-at="2024-04-04T15:57:58 IST" duration-ms="15" status="PASS">
          <reporter-output>
          </reporter-output>
        </test-method> <!-- checkGiftCardTitleTest -->
        <test-method is-config="true" signature="afterMethod(org.testng.ITestResult)[pri:0, instance:projectTestCases.GiftCardPageTestCases@7b36aa0c]" started-at="2024-04-04T15:57:58 IST" name="afterMethod" finished-at="2024-04-04T15:57:58 IST" duration-ms="0" status="PASS">
          <params>
            <param index="0">
              <value>
                <![CDATA[[TestResult name=checkGiftCardTitleTest status=SUCCESS method=GiftCardPageTestCases.checkGiftCardTitleTest()[pri:5, instance:projectTestCases.GiftCardPageTestCases@7b36aa0c] output={null}]]]>
              </value>
            </param>
          </params>
          <reporter-output>
          </reporter-output>
        </test-method> <!-- afterMethod -->
        <test-method is-config="true" signature="getResult(org.testng.ITestResult)[pri:0, instance:projectTestCases.GiftCardPageTestCases@7b36aa0c]" started-at="2024-04-04T15:57:58 IST" name="getResult" finished-at="2024-04-04T15:57:58 IST" duration-ms="0" status="PASS">
          <params>
            <param index="0">
              <value>
                <![CDATA[[TestResult name=checkGiftCardTitleTest status=SUCCESS method=GiftCardPageTestCases.checkGiftCardTitleTest()[pri:5, instance:projectTestCases.GiftCardPageTestCases@7b36aa0c] output={null}]]]>
              </value>
            </param>
          </params>
          <reporter-output>
          </reporter-output>
        </test-method> <!-- getResult -->
        <test-method signature="OccasionHandleTest()[pri:6, instance:projectTestCases.GiftCardPageTestCases@7b36aa0c]" started-at="2024-04-04T15:57:58 IST" name="OccasionHandleTest" finished-at="2024-04-04T15:57:59 IST" duration-ms="803" status="PASS">
          <reporter-output>
          </reporter-output>
        </test-method> <!-- OccasionHandleTest -->
        <test-method is-config="true" signature="beforeMethod(org.testng.ITestResult)[pri:0, instance:projectTestCases.GiftCardPageTestCases@7b36aa0c]" started-at="2024-04-04T15:57:58 IST" name="beforeMethod" finished-at="2024-04-04T15:57:58 IST" duration-ms="0" status="PASS">
          <params>
            <param index="0">
              <value>
                <![CDATA[[TestResult name={null} status=CREATED method=GiftCardPageTestCases.OccasionHandleTest()[pri:6, instance:projectTestCases.GiftCardPageTestCases@7b36aa0c] output={null}]]]>
              </value>
            </param>
          </params>
          <reporter-output>
          </reporter-output>
        </test-method> <!-- beforeMethod -->
        <test-method is-config="true" signature="getResult(org.testng.ITestResult)[pri:0, instance:projectTestCases.GiftCardPageTestCases@7b36aa0c]" started-at="2024-04-04T15:57:59 IST" name="getResult" finished-at="2024-04-04T15:57:59 IST" duration-ms="1" status="PASS">
          <params>
            <param index="0">
              <value>
                <![CDATA[[TestResult name=OccasionHandleTest status=SUCCESS method=GiftCardPageTestCases.OccasionHandleTest()[pri:6, instance:projectTestCases.GiftCardPageTestCases@7b36aa0c] output={null}]]]>
              </value>
            </param>
          </params>
          <reporter-output>
          </reporter-output>
        </test-method> <!-- getResult -->
        <test-method is-config="true" signature="afterMethod(org.testng.ITestResult)[pri:0, instance:projectTestCases.GiftCardPageTestCases@7b36aa0c]" started-at="2024-04-04T15:57:59 IST" name="afterMethod" finished-at="2024-04-04T15:57:59 IST" duration-ms="0" status="PASS">
          <params>
            <param index="0">
              <value>
                <![CDATA[[TestResult name=OccasionHandleTest status=SUCCESS method=GiftCardPageTestCases.OccasionHandleTest()[pri:6, instance:projectTestCases.GiftCardPageTestCases@7b36aa0c] output={null}]]]>
              </value>
            </param>
          </params>
          <reporter-output>
          </reporter-output>
        </test-method> <!-- afterMethod -->
        <test-method is-config="true" signature="beforeMethod(org.testng.ITestResult)[pri:0, instance:projectTestCases.GiftCardPageTestCases@7b36aa0c]" started-at="2024-04-04T15:57:59 IST" name="beforeMethod" finished-at="2024-04-04T15:57:59 IST" duration-ms="0" status="PASS">
          <params>
            <param index="0">
              <value>
                <![CDATA[[TestResult name={null} status=CREATED method=GiftCardPageTestCases.AmountHandlerTest()[pri:7, instance:projectTestCases.GiftCardPageTestCases@7b36aa0c] output={null}]]]>
              </value>
            </param>
          </params>
          <reporter-output>
          </reporter-output>
        </test-method> <!-- beforeMethod -->
        <test-method signature="AmountHandlerTest()[pri:7, instance:projectTestCases.GiftCardPageTestCases@7b36aa0c]" started-at="2024-04-04T15:57:59 IST" name="AmountHandlerTest" finished-at="2024-04-04T15:57:59 IST" duration-ms="173" status="PASS">
          <reporter-output>
          </reporter-output>
        </test-method> <!-- AmountHandlerTest -->
        <test-method is-config="true" signature="afterMethod(org.testng.ITestResult)[pri:0, instance:projectTestCases.GiftCardPageTestCases@7b36aa0c]" started-at="2024-04-04T15:57:59 IST" name="afterMethod" finished-at="2024-04-04T15:57:59 IST" duration-ms="0" status="PASS">
          <params>
            <param index="0">
              <value>
                <![CDATA[[TestResult name=AmountHandlerTest status=SUCCESS method=GiftCardPageTestCases.AmountHandlerTest()[pri:7, instance:projectTestCases.GiftCardPageTestCases@7b36aa0c] output={null}]]]>
              </value>
            </param>
          </params>
          <reporter-output>
          </reporter-output>
        </test-method> <!-- afterMethod -->
        <test-method is-config="true" signature="getResult(org.testng.ITestResult)[pri:0, instance:projectTestCases.GiftCardPageTestCases@7b36aa0c]" started-at="2024-04-04T15:57:59 IST" name="getResult" finished-at="2024-04-04T15:57:59 IST" duration-ms="0" status="PASS">
          <params>
            <param index="0">
              <value>
                <![CDATA[[TestResult name=AmountHandlerTest status=SUCCESS method=GiftCardPageTestCases.AmountHandlerTest()[pri:7, instance:projectTestCases.GiftCardPageTestCases@7b36aa0c] output={null}]]]>
              </value>
            </param>
          </params>
          <reporter-output>
          </reporter-output>
        </test-method> <!-- getResult -->
        <test-method is-config="true" signature="beforeMethod(org.testng.ITestResult)[pri:0, instance:projectTestCases.GiftCardPageTestCases@7b36aa0c]" started-at="2024-04-04T15:57:59 IST" name="beforeMethod" finished-at="2024-04-04T15:57:59 IST" duration-ms="2" status="PASS">
          <params>
            <param index="0">
              <value>
                <![CDATA[[TestResult name={null} status=CREATED method=GiftCardPageTestCases.DropDownHandlerTest()[pri:8, instance:projectTestCases.GiftCardPageTestCases@7b36aa0c] output={null}]]]>
              </value>
            </param>
          </params>
          <reporter-output>
          </reporter-output>
        </test-method> <!-- beforeMethod -->
        <test-method signature="DropDownHandlerTest()[pri:8, instance:projectTestCases.GiftCardPageTestCases@7b36aa0c]" started-at="2024-04-04T15:57:59 IST" name="DropDownHandlerTest" finished-at="2024-04-04T15:58:00 IST" duration-ms="635" status="PASS">
          <reporter-output>
          </reporter-output>
        </test-method> <!-- DropDownHandlerTest -->
        <test-method is-config="true" signature="afterMethod(org.testng.ITestResult)[pri:0, instance:projectTestCases.GiftCardPageTestCases@7b36aa0c]" started-at="2024-04-04T15:58:00 IST" name="afterMethod" finished-at="2024-04-04T15:58:00 IST" duration-ms="1" status="PASS">
          <params>
            <param index="0">
              <value>
                <![CDATA[[TestResult name=DropDownHandlerTest status=SUCCESS method=GiftCardPageTestCases.DropDownHandlerTest()[pri:8, instance:projectTestCases.GiftCardPageTestCases@7b36aa0c] output={null}]]]>
              </value>
            </param>
          </params>
          <reporter-output>
          </reporter-output>
        </test-method> <!-- afterMethod -->
        <test-method is-config="true" signature="getResult(org.testng.ITestResult)[pri:0, instance:projectTestCases.GiftCardPageTestCases@7b36aa0c]" started-at="2024-04-04T15:58:00 IST" name="getResult" finished-at="2024-04-04T15:58:00 IST" duration-ms="0" status="PASS">
          <params>
            <param index="0">
              <value>
                <![CDATA[[TestResult name=DropDownHandlerTest status=SUCCESS method=GiftCardPageTestCases.DropDownHandlerTest()[pri:8, instance:projectTestCases.GiftCardPageTestCases@7b36aa0c] output={null}]]]>
              </value>
            </param>
          </params>
          <reporter-output>
          </reporter-output>
        </test-method> <!-- getResult -->
        <test-method signature="ButtonHandleTest()[pri:9, instance:projectTestCases.GiftCardPageTestCases@7b36aa0c]" started-at="2024-04-04T15:58:00 IST" name="ButtonHandleTest" finished-at="2024-04-04T15:58:00 IST" duration-ms="479" status="PASS">
          <reporter-output>
          </reporter-output>
        </test-method> <!-- ButtonHandleTest -->
        <test-method is-config="true" signature="beforeMethod(org.testng.ITestResult)[pri:0, instance:projectTestCases.GiftCardPageTestCases@7b36aa0c]" started-at="2024-04-04T15:58:00 IST" name="beforeMethod" finished-at="2024-04-04T15:58:00 IST" duration-ms="0" status="PASS">
          <params>
            <param index="0">
              <value>
                <![CDATA[[TestResult name={null} status=CREATED method=GiftCardPageTestCases.ButtonHandleTest()[pri:9, instance:projectTestCases.GiftCardPageTestCases@7b36aa0c] output={null}]]]>
              </value>
            </param>
          </params>
          <reporter-output>
          </reporter-output>
        </test-method> <!-- beforeMethod -->
        <test-method is-config="true" signature="afterMethod(org.testng.ITestResult)[pri:0, instance:projectTestCases.GiftCardPageTestCases@7b36aa0c]" started-at="2024-04-04T15:58:00 IST" name="afterMethod" finished-at="2024-04-04T15:58:00 IST" duration-ms="1" status="PASS">
          <params>
            <param index="0">
              <value>
                <![CDATA[[TestResult name=ButtonHandleTest status=SUCCESS method=GiftCardPageTestCases.ButtonHandleTest()[pri:9, instance:projectTestCases.GiftCardPageTestCases@7b36aa0c] output={null}]]]>
              </value>
            </param>
          </params>
          <reporter-output>
          </reporter-output>
        </test-method> <!-- afterMethod -->
        <test-method is-config="true" signature="getResult(org.testng.ITestResult)[pri:0, instance:projectTestCases.GiftCardPageTestCases@7b36aa0c]" started-at="2024-04-04T15:58:00 IST" name="getResult" finished-at="2024-04-04T15:58:00 IST" duration-ms="0" status="PASS">
          <params>
            <param index="0">
              <value>
                <![CDATA[[TestResult name=ButtonHandleTest status=SUCCESS method=GiftCardPageTestCases.ButtonHandleTest()[pri:9, instance:projectTestCases.GiftCardPageTestCases@7b36aa0c] output={null}]]]>
              </value>
            </param>
          </params>
          <reporter-output>
          </reporter-output>
        </test-method> <!-- getResult -->
        <test-method is-config="true" signature="beforeMethod(org.testng.ITestResult)[pri:0, instance:projectTestCases.GiftCardPageTestCases@7b36aa0c]" started-at="2024-04-04T15:58:00 IST" name="beforeMethod" finished-at="2024-04-04T15:58:00 IST" duration-ms="1" status="PASS">
          <params>
            <param index="0">
              <value>
                <![CDATA[[TestResult name={null} status=CREATED method=GiftCardPageTestCases.enterFormDetailsTest(java.lang.String,java.lang.String,java.lang.String,java.lang.String,java.lang.String,java.lang.String,java.lang.String,java.lang.String)[pri:10, instance:projectTestCases.GiftCardPageTestCases@7b36aa0c] output={null}]]]>
              </value>
            </param>
          </params>
          <reporter-output>
          </reporter-output>
        </test-method> <!-- beforeMethod -->
        <test-method signature="enterFormDetailsTest(java.lang.String,java.lang.String,java.lang.String,java.lang.String,java.lang.String,java.lang.String,java.lang.String,java.lang.String)[pri:10, instance:projectTestCases.GiftCardPageTestCases@7b36aa0c]" started-at="2024-04-04T15:58:00 IST" name="enterFormDetailsTest" data-provider="enterFormDetailsTest" finished-at="2024-04-04T15:58:13 IST" duration-ms="12287" status="PASS">
          <params>
            <param index="0">
              <value>
                <![CDATA[shreya]]>
              </value>
            </param>
            <param index="1">
              <value>
                <![CDATA[shreya1]]>
              </value>
            </param>
            <param index="2">
              <value>
                <![CDATA[9.876543211E9]]>
              </value>
            </param>
            <param index="3">
              <value>
                <![CDATA[chotu]]>
              </value>
            </param>
            <param index="4">
              <value>
                <![CDATA[chotu@gmail.com]]>
              </value>
            </param>
            <param index="5">
              <value>
                <![CDATA[9.876543212E9]]>
              </value>
            </param>
            <param index="6">
              <value>
                <![CDATA[park square]]>
              </value>
            </param>
            <param index="7">
              <value>
                <![CDATA[700009.0]]>
              </value>
            </param>
          </params>
          <reporter-output>
          </reporter-output>
        </test-method> <!-- enterFormDetailsTest -->
        <test-method is-config="true" signature="afterMethod(org.testng.ITestResult)[pri:0, instance:projectTestCases.GiftCardPageTestCases@7b36aa0c]" started-at="2024-04-04T15:58:13 IST" name="afterMethod" finished-at="2024-04-04T15:58:13 IST" duration-ms="2" status="PASS">
          <params>
            <param index="0">
              <value>
                <![CDATA[[TestResult name=enterFormDetailsTest status=SUCCESS method=GiftCardPageTestCases.enterFormDetailsTest(java.lang.String,java.lang.String,java.lang.String,java.lang.String,java.lang.String,java.lang.String,java.lang.String,java.lang.String)[pri:10, instance:projectTestCases.GiftCardPageTestCases@7b36aa0c] output={null}]]]>
              </value>
            </param>
          </params>
          <reporter-output>
          </reporter-output>
        </test-method> <!-- afterMethod -->
        <test-method is-config="true" signature="getResult(org.testng.ITestResult)[pri:0, instance:projectTestCases.GiftCardPageTestCases@7b36aa0c]" started-at="2024-04-04T15:58:13 IST" name="getResult" finished-at="2024-04-04T15:58:13 IST" duration-ms="1" status="PASS">
          <params>
            <param index="0">
              <value>
                <![CDATA[[TestResult name=enterFormDetailsTest status=SUCCESS method=GiftCardPageTestCases.enterFormDetailsTest(java.lang.String,java.lang.String,java.lang.String,java.lang.String,java.lang.String,java.lang.String,java.lang.String,java.lang.String)[pri:10, instance:projectTestCases.GiftCardPageTestCases@7b36aa0c] output={null}]]]>
              </value>
            </param>
          </params>
          <reporter-output>
          </reporter-output>
        </test-method> <!-- getResult -->
        <test-method is-config="true" signature="afterTest()[pri:0, instance:projectTestCases.GiftCardPageTestCases@7b36aa0c]" started-at="2024-04-04T15:58:13 IST" name="afterTest" finished-at="2024-04-04T15:58:17 IST" duration-ms="4274" status="PASS">
          <reporter-output>
          </reporter-output>
        </test-method> <!-- afterTest -->
        <test-method is-config="true" signature="tearDown()[pri:0, instance:projectTestCases.GiftCardPageTestCases@7b36aa0c]" started-at="2024-04-04T15:58:17 IST" name="tearDown" finished-at="2024-04-04T15:58:17 IST" duration-ms="406" status="PASS">
          <reporter-output>
          </reporter-output>
        </test-method> <!-- tearDown -->
      </class> <!-- projectTestCases.GiftCardPageTestCases -->
    </test> <!-- EdgeTest3 -->
  </suite> <!-- Suite -->
</testng-results>
