<?xml version="1.0" encoding="UTF-8"?>
<testng-results ignored="0" total="42" passed="42" failed="0" skipped="0">
  <reporter-output>
  </reporter-output>
  <suite started-at="2024-04-08T00:16:25 IST" name="Suite" finished-at="2024-04-08T00:20:39 IST" duration-ms="254027">
    <groups>
      <group name="SmokeTest">
        <method signature="ProductPageTestCases.checkHomePageUrlTest()[pri:1, instance:projectTestCases.ProductPageTestCases@5d7148e2]" name="checkHomePageUrlTest" class="projectTestCases.ProductPageTestCases"/>
        <method signature="ProductPageTestCases.checkProductPageTitleTest()[pri:5, instance:projectTestCases.ProductPageTestCases@5d7148e2]" name="checkProductPageTitleTest" class="projectTestCases.ProductPageTestCases"/>
        <method signature="ProductPageTestCases.checkProductPageUrlTest()[pri:4, instance:projectTestCases.ProductPageTestCases@5d7148e2]" name="checkProductPageUrlTest" class="projectTestCases.ProductPageTestCases"/>
        <method signature="HomePageTestCases.checkHomePageTitleTest()[pri:2, instance:projectTestCases.HomePageTestCases@4b0d79fc]" name="checkHomePageTitleTest" class="projectTestCases.HomePageTestCases"/>
        <method signature="HomePageTestCases.checkHomePageUrlTest()[pri:1, instance:projectTestCases.HomePageTestCases@4b0d79fc]" name="checkHomePageUrlTest" class="projectTestCases.HomePageTestCases"/>
        <method signature="GiftCardPageTestCases.checkGiftCardTitleTest()[pri:5, instance:projectTestCases.GiftCardPageTestCases@130c12b7]" name="checkGiftCardTitleTest" class="projectTestCases.GiftCardPageTestCases"/>
        <method signature="GiftCardPageTestCases.checkGiftCardUrlTest()[pri:3, instance:projectTestCases.GiftCardPageTestCases@130c12b7]" name="checkGiftCardUrlTest" class="projectTestCases.GiftCardPageTestCases"/>
        <method signature="GiftCardPageTestCases.checkHomePageUrlTest()[pri:1, instance:projectTestCases.GiftCardPageTestCases@130c12b7]" name="checkHomePageUrlTest" class="projectTestCases.GiftCardPageTestCases"/>
        <method signature="ProductPageTestCases.checkHomePageUrlTest()[pri:1, instance:projectTestCases.ProductPageTestCases@4d5650ae]" name="checkHomePageUrlTest" class="projectTestCases.ProductPageTestCases"/>
        <method signature="ProductPageTestCases.checkProductPageTitleTest()[pri:5, instance:projectTestCases.ProductPageTestCases@4d5650ae]" name="checkProductPageTitleTest" class="projectTestCases.ProductPageTestCases"/>
        <method signature="ProductPageTestCases.checkProductPageUrlTest()[pri:4, instance:projectTestCases.ProductPageTestCases@4d5650ae]" name="checkProductPageUrlTest" class="projectTestCases.ProductPageTestCases"/>
        <method signature="HomePageTestCases.checkHomePageTitleTest()[pri:2, instance:projectTestCases.HomePageTestCases@52719fb6]" name="checkHomePageTitleTest" class="projectTestCases.HomePageTestCases"/>
        <method signature="HomePageTestCases.checkHomePageUrlTest()[pri:1, instance:projectTestCases.HomePageTestCases@52719fb6]" name="checkHomePageUrlTest" class="projectTestCases.HomePageTestCases"/>
        <method signature="GiftCardPageTestCases.checkGiftCardTitleTest()[pri:5, instance:projectTestCases.GiftCardPageTestCases@5824a83d]" name="checkGiftCardTitleTest" class="projectTestCases.GiftCardPageTestCases"/>
        <method signature="GiftCardPageTestCases.checkGiftCardUrlTest()[pri:3, instance:projectTestCases.GiftCardPageTestCases@5824a83d]" name="checkGiftCardUrlTest" class="projectTestCases.GiftCardPageTestCases"/>
        <method signature="GiftCardPageTestCases.checkHomePageUrlTest()[pri:1, instance:projectTestCases.GiftCardPageTestCases@5824a83d]" name="checkHomePageUrlTest" class="projectTestCases.GiftCardPageTestCases"/>
      </group> <!-- SmokeTest -->
    </groups>
    <test started-at="2024-04-08T00:16:25 IST" name="ChromeTest1" finished-at="2024-04-08T00:17:09 IST" duration-ms="43588">
      <class name="projectTestCases.ProductPageTestCases">
        <test-method is-config="true" signature="beforeTest(java.lang.String)[pri:0, instance:projectTestCases.ProductPageTestCases@5d7148e2]" started-at="2024-04-08T00:16:25 IST" name="beforeTest" finished-at="2024-04-08T00:16:43 IST" duration-ms="18178" status="PASS">
          <params>
            <param index="0">
              <value>
                <![CDATA[chrome]]>
              </value>
            </param>
          </params>
          <reporter-output>
          </reporter-output>
        </test-method> <!-- beforeTest -->
        <test-method is-config="true" signature="beforeMethod(org.testng.ITestResult)[pri:0, instance:projectTestCases.ProductPageTestCases@5d7148e2]" started-at="2024-04-08T00:16:43 IST" name="beforeMethod" finished-at="2024-04-08T00:16:43 IST" duration-ms="2" status="PASS">
          <params>
            <param index="0">
              <value>
                <![CDATA[[TestResult name={null} status=CREATED method=ProductPageTestCases.checkHomePageUrlTest()[pri:1, instance:projectTestCases.ProductPageTestCases@5d7148e2] output={null}]]]>
              </value>
            </param>
          </params>
          <reporter-output>
          </reporter-output>
        </test-method> <!-- beforeMethod -->
        <test-method signature="checkHomePageUrlTest()[pri:1, instance:projectTestCases.ProductPageTestCases@5d7148e2]" started-at="2024-04-08T00:16:43 IST" name="checkHomePageUrlTest" finished-at="2024-04-08T00:16:43 IST" duration-ms="22" status="PASS">
          <reporter-output>
          </reporter-output>
        </test-method> <!-- checkHomePageUrlTest -->
        <test-method is-config="true" signature="afterMethod(org.testng.ITestResult)[pri:0, instance:projectTestCases.ProductPageTestCases@5d7148e2]" started-at="2024-04-08T00:16:43 IST" name="afterMethod" finished-at="2024-04-08T00:16:43 IST" duration-ms="0" status="PASS">
          <params>
            <param index="0">
              <value>
                <![CDATA[[TestResult name=checkHomePageUrlTest status=SUCCESS method=ProductPageTestCases.checkHomePageUrlTest()[pri:1, instance:projectTestCases.ProductPageTestCases@5d7148e2] output={null}]]]>
              </value>
            </param>
          </params>
          <reporter-output>
          </reporter-output>
        </test-method> <!-- afterMethod -->
        <test-method is-config="true" signature="getResult(org.testng.ITestResult)[pri:0, instance:projectTestCases.ProductPageTestCases@5d7148e2]" started-at="2024-04-08T00:16:43 IST" name="getResult" finished-at="2024-04-08T00:16:43 IST" duration-ms="1" status="PASS">
          <params>
            <param index="0">
              <value>
                <![CDATA[[TestResult name=checkHomePageUrlTest status=SUCCESS method=ProductPageTestCases.checkHomePageUrlTest()[pri:1, instance:projectTestCases.ProductPageTestCases@5d7148e2] output={null}]]]>
              </value>
            </param>
          </params>
          <reporter-output>
          </reporter-output>
        </test-method> <!-- getResult -->
        <test-method is-config="true" signature="beforeMethod(org.testng.ITestResult)[pri:0, instance:projectTestCases.ProductPageTestCases@5d7148e2]" started-at="2024-04-08T00:16:43 IST" name="beforeMethod" finished-at="2024-04-08T00:16:43 IST" duration-ms="1" status="PASS">
          <params>
            <param index="0">
              <value>
                <![CDATA[[TestResult name={null} status=CREATED method=ProductPageTestCases.clickBookShelfTest()[pri:2, instance:projectTestCases.ProductPageTestCases@5d7148e2] output={null}]]]>
              </value>
            </param>
          </params>
          <reporter-output>
          </reporter-output>
        </test-method> <!-- beforeMethod -->
        <test-method signature="clickBookShelfTest()[pri:2, instance:projectTestCases.ProductPageTestCases@5d7148e2]" started-at="2024-04-08T00:16:43 IST" name="clickBookShelfTest" finished-at="2024-04-08T00:16:47 IST" duration-ms="4325" status="PASS">
          <reporter-output>
          </reporter-output>
        </test-method> <!-- clickBookShelfTest -->
        <test-method is-config="true" signature="afterMethod(org.testng.ITestResult)[pri:0, instance:projectTestCases.ProductPageTestCases@5d7148e2]" started-at="2024-04-08T00:16:47 IST" name="afterMethod" finished-at="2024-04-08T00:16:47 IST" duration-ms="0" status="PASS">
          <params>
            <param index="0">
              <value>
                <![CDATA[[TestResult name=clickBookShelfTest status=SUCCESS method=ProductPageTestCases.clickBookShelfTest()[pri:2, instance:projectTestCases.ProductPageTestCases@5d7148e2] output={null}]]]>
              </value>
            </param>
          </params>
          <reporter-output>
          </reporter-output>
        </test-method> <!-- afterMethod -->
        <test-method is-config="true" signature="getResult(org.testng.ITestResult)[pri:0, instance:projectTestCases.ProductPageTestCases@5d7148e2]" started-at="2024-04-08T00:16:47 IST" name="getResult" finished-at="2024-04-08T00:16:47 IST" duration-ms="1" status="PASS">
          <params>
            <param index="0">
              <value>
                <![CDATA[[TestResult name=clickBookShelfTest status=SUCCESS method=ProductPageTestCases.clickBookShelfTest()[pri:2, instance:projectTestCases.ProductPageTestCases@5d7148e2] output={null}]]]>
              </value>
            </param>
          </params>
          <reporter-output>
          </reporter-output>
        </test-method> <!-- getResult -->
        <test-method is-config="true" signature="beforeMethod(org.testng.ITestResult)[pri:0, instance:projectTestCases.ProductPageTestCases@5d7148e2]" started-at="2024-04-08T00:16:47 IST" name="beforeMethod" finished-at="2024-04-08T00:16:47 IST" duration-ms="1" status="PASS">
          <params>
            <param index="0">
              <value>
                <![CDATA[[TestResult name={null} status=CREATED method=ProductPageTestCases.checkProductPageUrlTest()[pri:4, instance:projectTestCases.ProductPageTestCases@5d7148e2] output={null}]]]>
              </value>
            </param>
          </params>
          <reporter-output>
          </reporter-output>
        </test-method> <!-- beforeMethod -->
        <test-method signature="checkProductPageUrlTest()[pri:4, instance:projectTestCases.ProductPageTestCases@5d7148e2]" started-at="2024-04-08T00:16:47 IST" name="checkProductPageUrlTest" finished-at="2024-04-08T00:16:48 IST" duration-ms="11" status="PASS">
          <reporter-output>
          </reporter-output>
        </test-method> <!-- checkProductPageUrlTest -->
        <test-method is-config="true" signature="afterMethod(org.testng.ITestResult)[pri:0, instance:projectTestCases.ProductPageTestCases@5d7148e2]" started-at="2024-04-08T00:16:48 IST" name="afterMethod" finished-at="2024-04-08T00:16:48 IST" duration-ms="0" status="PASS">
          <params>
            <param index="0">
              <value>
                <![CDATA[[TestResult name=checkProductPageUrlTest status=SUCCESS method=ProductPageTestCases.checkProductPageUrlTest()[pri:4, instance:projectTestCases.ProductPageTestCases@5d7148e2] output={null}]]]>
              </value>
            </param>
          </params>
          <reporter-output>
          </reporter-output>
        </test-method> <!-- afterMethod -->
        <test-method is-config="true" signature="getResult(org.testng.ITestResult)[pri:0, instance:projectTestCases.ProductPageTestCases@5d7148e2]" started-at="2024-04-08T00:16:48 IST" name="getResult" finished-at="2024-04-08T00:16:48 IST" duration-ms="0" status="PASS">
          <params>
            <param index="0">
              <value>
                <![CDATA[[TestResult name=checkProductPageUrlTest status=SUCCESS method=ProductPageTestCases.checkProductPageUrlTest()[pri:4, instance:projectTestCases.ProductPageTestCases@5d7148e2] output={null}]]]>
              </value>
            </param>
          </params>
          <reporter-output>
          </reporter-output>
        </test-method> <!-- getResult -->
        <test-method signature="checkProductPageTitleTest()[pri:5, instance:projectTestCases.ProductPageTestCases@5d7148e2]" started-at="2024-04-08T00:16:48 IST" name="checkProductPageTitleTest" finished-at="2024-04-08T00:16:48 IST" duration-ms="10" status="PASS">
          <reporter-output>
          </reporter-output>
        </test-method> <!-- checkProductPageTitleTest -->
        <test-method is-config="true" signature="beforeMethod(org.testng.ITestResult)[pri:0, instance:projectTestCases.ProductPageTestCases@5d7148e2]" started-at="2024-04-08T00:16:48 IST" name="beforeMethod" finished-at="2024-04-08T00:16:48 IST" duration-ms="0" status="PASS">
          <params>
            <param index="0">
              <value>
                <![CDATA[[TestResult name={null} status=CREATED method=ProductPageTestCases.checkProductPageTitleTest()[pri:5, instance:projectTestCases.ProductPageTestCases@5d7148e2] output={null}]]]>
              </value>
            </param>
          </params>
          <reporter-output>
          </reporter-output>
        </test-method> <!-- beforeMethod -->
        <test-method is-config="true" signature="afterMethod(org.testng.ITestResult)[pri:0, instance:projectTestCases.ProductPageTestCases@5d7148e2]" started-at="2024-04-08T00:16:48 IST" name="afterMethod" finished-at="2024-04-08T00:16:48 IST" duration-ms="0" status="PASS">
          <params>
            <param index="0">
              <value>
                <![CDATA[[TestResult name=checkProductPageTitleTest status=SUCCESS method=ProductPageTestCases.checkProductPageTitleTest()[pri:5, instance:projectTestCases.ProductPageTestCases@5d7148e2] output={null}]]]>
              </value>
            </param>
          </params>
          <reporter-output>
          </reporter-output>
        </test-method> <!-- afterMethod -->
        <test-method is-config="true" signature="getResult(org.testng.ITestResult)[pri:0, instance:projectTestCases.ProductPageTestCases@5d7148e2]" started-at="2024-04-08T00:16:48 IST" name="getResult" finished-at="2024-04-08T00:16:48 IST" duration-ms="0" status="PASS">
          <params>
            <param index="0">
              <value>
                <![CDATA[[TestResult name=checkProductPageTitleTest status=SUCCESS method=ProductPageTestCases.checkProductPageTitleTest()[pri:5, instance:projectTestCases.ProductPageTestCases@5d7148e2] output={null}]]]>
              </value>
            </param>
          </params>
          <reporter-output>
          </reporter-output>
        </test-method> <!-- getResult -->
        <test-method is-config="true" signature="beforeMethod(org.testng.ITestResult)[pri:0, instance:projectTestCases.ProductPageTestCases@5d7148e2]" started-at="2024-04-08T00:16:48 IST" name="beforeMethod" finished-at="2024-04-08T00:16:48 IST" duration-ms="0" status="PASS">
          <params>
            <param index="0">
              <value>
                <![CDATA[[TestResult name={null} status=CREATED method=ProductPageTestCases.popupTest()[pri:6, instance:projectTestCases.ProductPageTestCases@5d7148e2] output={null}]]]>
              </value>
            </param>
          </params>
          <reporter-output>
          </reporter-output>
        </test-method> <!-- beforeMethod -->
        <test-method signature="popupTest()[pri:6, instance:projectTestCases.ProductPageTestCases@5d7148e2]" started-at="2024-04-08T00:16:48 IST" name="popupTest" finished-at="2024-04-08T00:16:53 IST" duration-ms="5142" status="PASS">
          <reporter-output>
          </reporter-output>
        </test-method> <!-- popupTest -->
        <test-method is-config="true" signature="afterMethod(org.testng.ITestResult)[pri:0, instance:projectTestCases.ProductPageTestCases@5d7148e2]" started-at="2024-04-08T00:16:53 IST" name="afterMethod" finished-at="2024-04-08T00:16:53 IST" duration-ms="0" status="PASS">
          <params>
            <param index="0">
              <value>
                <![CDATA[[TestResult name=popupTest status=SUCCESS method=ProductPageTestCases.popupTest()[pri:6, instance:projectTestCases.ProductPageTestCases@5d7148e2] output={null}]]]>
              </value>
            </param>
          </params>
          <reporter-output>
          </reporter-output>
        </test-method> <!-- afterMethod -->
        <test-method is-config="true" signature="getResult(org.testng.ITestResult)[pri:0, instance:projectTestCases.ProductPageTestCases@5d7148e2]" started-at="2024-04-08T00:16:53 IST" name="getResult" finished-at="2024-04-08T00:16:53 IST" duration-ms="1" status="PASS">
          <params>
            <param index="0">
              <value>
                <![CDATA[[TestResult name=popupTest status=SUCCESS method=ProductPageTestCases.popupTest()[pri:6, instance:projectTestCases.ProductPageTestCases@5d7148e2] output={null}]]]>
              </value>
            </param>
          </params>
          <reporter-output>
          </reporter-output>
        </test-method> <!-- getResult -->
        <test-method is-config="true" signature="beforeMethod(org.testng.ITestResult)[pri:0, instance:projectTestCases.ProductPageTestCases@5d7148e2]" started-at="2024-04-08T00:16:53 IST" name="beforeMethod" finished-at="2024-04-08T00:16:53 IST" duration-ms="0" status="PASS">
          <params>
            <param index="0">
              <value>
                <![CDATA[[TestResult name={null} status=CREATED method=ProductPageTestCases.PriceSliderTest()[pri:7, instance:projectTestCases.ProductPageTestCases@5d7148e2] output={null}]]]>
              </value>
            </param>
          </params>
          <reporter-output>
          </reporter-output>
        </test-method> <!-- beforeMethod -->
        <test-method signature="PriceSliderTest()[pri:7, instance:projectTestCases.ProductPageTestCases@5d7148e2]" started-at="2024-04-08T00:16:53 IST" name="PriceSliderTest" finished-at="2024-04-08T00:17:03 IST" duration-ms="10645" status="PASS">
          <reporter-output>
          </reporter-output>
        </test-method> <!-- PriceSliderTest -->
        <test-method is-config="true" signature="afterMethod(org.testng.ITestResult)[pri:0, instance:projectTestCases.ProductPageTestCases@5d7148e2]" started-at="2024-04-08T00:17:03 IST" name="afterMethod" finished-at="2024-04-08T00:17:03 IST" duration-ms="0" status="PASS">
          <params>
            <param index="0">
              <value>
                <![CDATA[[TestResult name=PriceSliderTest status=SUCCESS method=ProductPageTestCases.PriceSliderTest()[pri:7, instance:projectTestCases.ProductPageTestCases@5d7148e2] output={null}]]]>
              </value>
            </param>
          </params>
          <reporter-output>
          </reporter-output>
        </test-method> <!-- afterMethod -->
        <test-method is-config="true" signature="getResult(org.testng.ITestResult)[pri:0, instance:projectTestCases.ProductPageTestCases@5d7148e2]" started-at="2024-04-08T00:17:03 IST" name="getResult" finished-at="2024-04-08T00:17:03 IST" duration-ms="0" status="PASS">
          <params>
            <param index="0">
              <value>
                <![CDATA[[TestResult name=PriceSliderTest status=SUCCESS method=ProductPageTestCases.PriceSliderTest()[pri:7, instance:projectTestCases.ProductPageTestCases@5d7148e2] output={null}]]]>
              </value>
            </param>
          </params>
          <reporter-output>
          </reporter-output>
        </test-method> <!-- getResult -->
        <test-method is-config="true" signature="beforeMethod(org.testng.ITestResult)[pri:0, instance:projectTestCases.ProductPageTestCases@5d7148e2]" started-at="2024-04-08T00:17:03 IST" name="beforeMethod" finished-at="2024-04-08T00:17:03 IST" duration-ms="0" status="PASS">
          <params>
            <param index="0">
              <value>
                <![CDATA[[TestResult name={null} status=CREATED method=ProductPageTestCases.StorageTypeTest()[pri:8, instance:projectTestCases.ProductPageTestCases@5d7148e2] output={null}]]]>
              </value>
            </param>
          </params>
          <reporter-output>
          </reporter-output>
        </test-method> <!-- beforeMethod -->
        <test-method signature="StorageTypeTest()[pri:8, instance:projectTestCases.ProductPageTestCases@5d7148e2]" started-at="2024-04-08T00:17:03 IST" name="StorageTypeTest" finished-at="2024-04-08T00:17:04 IST" duration-ms="304" status="PASS">
          <reporter-output>
          </reporter-output>
        </test-method> <!-- StorageTypeTest -->
        <test-method is-config="true" signature="afterMethod(org.testng.ITestResult)[pri:0, instance:projectTestCases.ProductPageTestCases@5d7148e2]" started-at="2024-04-08T00:17:04 IST" name="afterMethod" finished-at="2024-04-08T00:17:04 IST" duration-ms="1" status="PASS">
          <params>
            <param index="0">
              <value>
                <![CDATA[[TestResult name=StorageTypeTest status=SUCCESS method=ProductPageTestCases.StorageTypeTest()[pri:8, instance:projectTestCases.ProductPageTestCases@5d7148e2] output={null}]]]>
              </value>
            </param>
          </params>
          <reporter-output>
          </reporter-output>
        </test-method> <!-- afterMethod -->
        <test-method is-config="true" signature="getResult(org.testng.ITestResult)[pri:0, instance:projectTestCases.ProductPageTestCases@5d7148e2]" started-at="2024-04-08T00:17:04 IST" name="getResult" finished-at="2024-04-08T00:17:04 IST" duration-ms="0" status="PASS">
          <params>
            <param index="0">
              <value>
                <![CDATA[[TestResult name=StorageTypeTest status=SUCCESS method=ProductPageTestCases.StorageTypeTest()[pri:8, instance:projectTestCases.ProductPageTestCases@5d7148e2] output={null}]]]>
              </value>
            </param>
          </params>
          <reporter-output>
          </reporter-output>
        </test-method> <!-- getResult -->
        <test-method signature="ExcludeOutOfStockTest()[pri:9, instance:projectTestCases.ProductPageTestCases@5d7148e2]" started-at="2024-04-08T00:17:04 IST" name="ExcludeOutOfStockTest" finished-at="2024-04-08T00:17:04 IST" duration-ms="149" status="PASS">
          <reporter-output>
          </reporter-output>
        </test-method> <!-- ExcludeOutOfStockTest -->
        <test-method is-config="true" signature="beforeMethod(org.testng.ITestResult)[pri:0, instance:projectTestCases.ProductPageTestCases@5d7148e2]" started-at="2024-04-08T00:17:04 IST" name="beforeMethod" finished-at="2024-04-08T00:17:04 IST" duration-ms="0" status="PASS">
          <params>
            <param index="0">
              <value>
                <![CDATA[[TestResult name={null} status=CREATED method=ProductPageTestCases.ExcludeOutOfStockTest()[pri:9, instance:projectTestCases.ProductPageTestCases@5d7148e2] output={null}]]]>
              </value>
            </param>
          </params>
          <reporter-output>
          </reporter-output>
        </test-method> <!-- beforeMethod -->
        <test-method is-config="true" signature="afterMethod(org.testng.ITestResult)[pri:0, instance:projectTestCases.ProductPageTestCases@5d7148e2]" started-at="2024-04-08T00:17:04 IST" name="afterMethod" finished-at="2024-04-08T00:17:04 IST" duration-ms="0" status="PASS">
          <params>
            <param index="0">
              <value>
                <![CDATA[[TestResult name=ExcludeOutOfStockTest status=SUCCESS method=ProductPageTestCases.ExcludeOutOfStockTest()[pri:9, instance:projectTestCases.ProductPageTestCases@5d7148e2] output={null}]]]>
              </value>
            </param>
          </params>
          <reporter-output>
          </reporter-output>
        </test-method> <!-- afterMethod -->
        <test-method is-config="true" signature="getResult(org.testng.ITestResult)[pri:0, instance:projectTestCases.ProductPageTestCases@5d7148e2]" started-at="2024-04-08T00:17:04 IST" name="getResult" finished-at="2024-04-08T00:17:04 IST" duration-ms="0" status="PASS">
          <params>
            <param index="0">
              <value>
                <![CDATA[[TestResult name=ExcludeOutOfStockTest status=SUCCESS method=ProductPageTestCases.ExcludeOutOfStockTest()[pri:9, instance:projectTestCases.ProductPageTestCases@5d7148e2] output={null}]]]>
              </value>
            </param>
          </params>
          <reporter-output>
          </reporter-output>
        </test-method> <!-- getResult -->
        <test-method signature="listOfProductsTest()[pri:10, instance:projectTestCases.ProductPageTestCases@5d7148e2]" started-at="2024-04-08T00:17:04 IST" name="listOfProductsTest" finished-at="2024-04-08T00:17:06 IST" duration-ms="2543" status="PASS">
          <reporter-output>
          </reporter-output>
        </test-method> <!-- listOfProductsTest -->
        <test-method is-config="true" signature="beforeMethod(org.testng.ITestResult)[pri:0, instance:projectTestCases.ProductPageTestCases@5d7148e2]" started-at="2024-04-08T00:17:04 IST" name="beforeMethod" finished-at="2024-04-08T00:17:04 IST" duration-ms="0" status="PASS">
          <params>
            <param index="0">
              <value>
                <![CDATA[[TestResult name={null} status=CREATED method=ProductPageTestCases.listOfProductsTest()[pri:10, instance:projectTestCases.ProductPageTestCases@5d7148e2] output={null}]]]>
              </value>
            </param>
          </params>
          <reporter-output>
          </reporter-output>
        </test-method> <!-- beforeMethod -->
        <test-method is-config="true" signature="afterMethod(org.testng.ITestResult)[pri:0, instance:projectTestCases.ProductPageTestCases@5d7148e2]" started-at="2024-04-08T00:17:06 IST" name="afterMethod" finished-at="2024-04-08T00:17:06 IST" duration-ms="1" status="PASS">
          <params>
            <param index="0">
              <value>
                <![CDATA[[TestResult name=listOfProductsTest status=SUCCESS method=ProductPageTestCases.listOfProductsTest()[pri:10, instance:projectTestCases.ProductPageTestCases@5d7148e2] output={null}]]]>
              </value>
            </param>
          </params>
          <reporter-output>
          </reporter-output>
        </test-method> <!-- afterMethod -->
        <test-method is-config="true" signature="getResult(org.testng.ITestResult)[pri:0, instance:projectTestCases.ProductPageTestCases@5d7148e2]" started-at="2024-04-08T00:17:06 IST" name="getResult" finished-at="2024-04-08T00:17:06 IST" duration-ms="0" status="PASS">
          <params>
            <param index="0">
              <value>
                <![CDATA[[TestResult name=listOfProductsTest status=SUCCESS method=ProductPageTestCases.listOfProductsTest()[pri:10, instance:projectTestCases.ProductPageTestCases@5d7148e2] output={null}]]]>
              </value>
            </param>
          </params>
          <reporter-output>
          </reporter-output>
        </test-method> <!-- getResult -->
        <test-method is-config="true" signature="afterTest()[pri:0, instance:projectTestCases.ProductPageTestCases@5d7148e2]" started-at="2024-04-08T00:17:06 IST" name="afterTest" finished-at="2024-04-08T00:17:09 IST" duration-ms="2189" status="PASS">
          <reporter-output>
          </reporter-output>
        </test-method> <!-- afterTest -->
      </class> <!-- projectTestCases.ProductPageTestCases -->
    </test> <!-- ChromeTest1 -->
    <test started-at="2024-04-08T00:17:09 IST" name="ChromeTest2" finished-at="2024-04-08T00:17:33 IST" duration-ms="24126">
      <class name="projectTestCases.HomePageTestCases">
        <test-method is-config="true" signature="beforeTest(java.lang.String)[pri:0, instance:projectTestCases.HomePageTestCases@4b0d79fc]" started-at="2024-04-08T00:17:09 IST" name="beforeTest" finished-at="2024-04-08T00:17:22 IST" duration-ms="13346" status="PASS">
          <params>
            <param index="0">
              <value>
                <![CDATA[chrome]]>
              </value>
            </param>
          </params>
          <reporter-output>
          </reporter-output>
        </test-method> <!-- beforeTest -->
        <test-method is-config="true" signature="beforeMethod(org.testng.ITestResult)[pri:0, instance:projectTestCases.HomePageTestCases@4b0d79fc]" started-at="2024-04-08T00:17:22 IST" name="beforeMethod" finished-at="2024-04-08T00:17:22 IST" duration-ms="1" status="PASS">
          <params>
            <param index="0">
              <value>
                <![CDATA[[TestResult name={null} status=CREATED method=HomePageTestCases.checkHomePageUrlTest()[pri:1, instance:projectTestCases.HomePageTestCases@4b0d79fc] output={null}]]]>
              </value>
            </param>
          </params>
          <reporter-output>
          </reporter-output>
        </test-method> <!-- beforeMethod -->
        <test-method signature="checkHomePageUrlTest()[pri:1, instance:projectTestCases.HomePageTestCases@4b0d79fc]" started-at="2024-04-08T00:17:22 IST" name="checkHomePageUrlTest" finished-at="2024-04-08T00:17:22 IST" duration-ms="11" status="PASS">
          <reporter-output>
          </reporter-output>
        </test-method> <!-- checkHomePageUrlTest -->
        <test-method is-config="true" signature="getResult(org.testng.ITestResult)[pri:0, instance:projectTestCases.HomePageTestCases@4b0d79fc]" started-at="2024-04-08T00:17:22 IST" name="getResult" finished-at="2024-04-08T00:17:22 IST" duration-ms="1" status="PASS">
          <params>
            <param index="0">
              <value>
                <![CDATA[[TestResult name=checkHomePageUrlTest status=SUCCESS method=HomePageTestCases.checkHomePageUrlTest()[pri:1, instance:projectTestCases.HomePageTestCases@4b0d79fc] output={null}]]]>
              </value>
            </param>
          </params>
          <reporter-output>
          </reporter-output>
        </test-method> <!-- getResult -->
        <test-method is-config="true" signature="afterMethod(org.testng.ITestResult)[pri:0, instance:projectTestCases.HomePageTestCases@4b0d79fc]" started-at="2024-04-08T00:17:22 IST" name="afterMethod" finished-at="2024-04-08T00:17:22 IST" duration-ms="0" status="PASS">
          <params>
            <param index="0">
              <value>
                <![CDATA[[TestResult name=checkHomePageUrlTest status=SUCCESS method=HomePageTestCases.checkHomePageUrlTest()[pri:1, instance:projectTestCases.HomePageTestCases@4b0d79fc] output={null}]]]>
              </value>
            </param>
          </params>
          <reporter-output>
          </reporter-output>
        </test-method> <!-- afterMethod -->
        <test-method is-config="true" signature="beforeMethod(org.testng.ITestResult)[pri:0, instance:projectTestCases.HomePageTestCases@4b0d79fc]" started-at="2024-04-08T00:17:22 IST" name="beforeMethod" finished-at="2024-04-08T00:17:22 IST" duration-ms="1" status="PASS">
          <params>
            <param index="0">
              <value>
                <![CDATA[[TestResult name={null} status=CREATED method=HomePageTestCases.checkHomePageTitleTest()[pri:2, instance:projectTestCases.HomePageTestCases@4b0d79fc] output={null}]]]>
              </value>
            </param>
          </params>
          <reporter-output>
          </reporter-output>
        </test-method> <!-- beforeMethod -->
        <test-method signature="checkHomePageTitleTest()[pri:2, instance:projectTestCases.HomePageTestCases@4b0d79fc]" started-at="2024-04-08T00:17:22 IST" name="checkHomePageTitleTest" finished-at="2024-04-08T00:17:22 IST" duration-ms="11" status="PASS">
          <reporter-output>
          </reporter-output>
        </test-method> <!-- checkHomePageTitleTest -->
        <test-method is-config="true" signature="getResult(org.testng.ITestResult)[pri:0, instance:projectTestCases.HomePageTestCases@4b0d79fc]" started-at="2024-04-08T00:17:22 IST" name="getResult" finished-at="2024-04-08T00:17:22 IST" duration-ms="1" status="PASS">
          <params>
            <param index="0">
              <value>
                <![CDATA[[TestResult name=checkHomePageTitleTest status=SUCCESS method=HomePageTestCases.checkHomePageTitleTest()[pri:2, instance:projectTestCases.HomePageTestCases@4b0d79fc] output={null}]]]>
              </value>
            </param>
          </params>
          <reporter-output>
          </reporter-output>
        </test-method> <!-- getResult -->
        <test-method is-config="true" signature="afterMethod(org.testng.ITestResult)[pri:0, instance:projectTestCases.HomePageTestCases@4b0d79fc]" started-at="2024-04-08T00:17:22 IST" name="afterMethod" finished-at="2024-04-08T00:17:22 IST" duration-ms="0" status="PASS">
          <params>
            <param index="0">
              <value>
                <![CDATA[[TestResult name=checkHomePageTitleTest status=SUCCESS method=HomePageTestCases.checkHomePageTitleTest()[pri:2, instance:projectTestCases.HomePageTestCases@4b0d79fc] output={null}]]]>
              </value>
            </param>
          </params>
          <reporter-output>
          </reporter-output>
        </test-method> <!-- afterMethod -->
        <test-method is-config="true" signature="beforeMethod(org.testng.ITestResult)[pri:0, instance:projectTestCases.HomePageTestCases@4b0d79fc]" started-at="2024-04-08T00:17:22 IST" name="beforeMethod" finished-at="2024-04-08T00:17:22 IST" duration-ms="0" status="PASS">
          <params>
            <param index="0">
              <value>
                <![CDATA[[TestResult name={null} status=CREATED method=HomePageTestCases.ExtractDealTest()[pri:3, instance:projectTestCases.HomePageTestCases@4b0d79fc] output={null}]]]>
              </value>
            </param>
          </params>
          <reporter-output>
          </reporter-output>
        </test-method> <!-- beforeMethod -->
        <test-method signature="ExtractDealTest()[pri:3, instance:projectTestCases.HomePageTestCases@4b0d79fc]" started-at="2024-04-08T00:17:22 IST" name="ExtractDealTest" finished-at="2024-04-08T00:17:31 IST" duration-ms="8975" status="PASS">
          <reporter-output>
          </reporter-output>
        </test-method> <!-- ExtractDealTest -->
        <test-method is-config="true" signature="afterMethod(org.testng.ITestResult)[pri:0, instance:projectTestCases.HomePageTestCases@4b0d79fc]" started-at="2024-04-08T00:17:31 IST" name="afterMethod" finished-at="2024-04-08T00:17:31 IST" duration-ms="1" status="PASS">
          <params>
            <param index="0">
              <value>
                <![CDATA[[TestResult name=ExtractDealTest status=SUCCESS method=HomePageTestCases.ExtractDealTest()[pri:3, instance:projectTestCases.HomePageTestCases@4b0d79fc] output={null}]]]>
              </value>
            </param>
          </params>
          <reporter-output>
          </reporter-output>
        </test-method> <!-- afterMethod -->
        <test-method is-config="true" signature="afterTest()[pri:0, instance:projectTestCases.HomePageTestCases@4b0d79fc]" started-at="2024-04-08T00:17:31 IST" name="afterTest" finished-at="2024-04-08T00:17:33 IST" duration-ms="1771" status="PASS">
          <reporter-output>
          </reporter-output>
        </test-method> <!-- afterTest -->
        <test-method is-config="true" signature="getResult(org.testng.ITestResult)[pri:0, instance:projectTestCases.HomePageTestCases@4b0d79fc]" started-at="2024-04-08T00:17:31 IST" name="getResult" finished-at="2024-04-08T00:17:31 IST" duration-ms="0" status="PASS">
          <params>
            <param index="0">
              <value>
                <![CDATA[[TestResult name=ExtractDealTest status=SUCCESS method=HomePageTestCases.ExtractDealTest()[pri:3, instance:projectTestCases.HomePageTestCases@4b0d79fc] output={null}]]]>
              </value>
            </param>
          </params>
          <reporter-output>
          </reporter-output>
        </test-method> <!-- getResult -->
      </class> <!-- projectTestCases.HomePageTestCases -->
    </test> <!-- ChromeTest2 -->
    <test started-at="2024-04-08T00:17:33 IST" name="ChromeTest3" finished-at="2024-04-08T00:18:18 IST" duration-ms="45373">
      <class name="projectTestCases.GiftCardPageTestCases">
        <test-method is-config="true" signature="beforeTest(java.lang.String)[pri:0, instance:projectTestCases.GiftCardPageTestCases@130c12b7]" started-at="2024-04-08T00:17:33 IST" name="beforeTest" finished-at="2024-04-08T00:17:50 IST" duration-ms="17716" status="PASS">
          <params>
            <param index="0">
              <value>
                <![CDATA[chrome]]>
              </value>
            </param>
          </params>
          <reporter-output>
          </reporter-output>
        </test-method> <!-- beforeTest -->
        <test-method is-config="true" signature="beforeMethod(org.testng.ITestResult)[pri:0, instance:projectTestCases.GiftCardPageTestCases@130c12b7]" started-at="2024-04-08T00:17:50 IST" name="beforeMethod" finished-at="2024-04-08T00:17:50 IST" duration-ms="1" status="PASS">
          <params>
            <param index="0">
              <value>
                <![CDATA[[TestResult name={null} status=CREATED method=GiftCardPageTestCases.checkHomePageUrlTest()[pri:1, instance:projectTestCases.GiftCardPageTestCases@130c12b7] output={null}]]]>
              </value>
            </param>
          </params>
          <reporter-output>
          </reporter-output>
        </test-method> <!-- beforeMethod -->
        <test-method signature="checkHomePageUrlTest()[pri:1, instance:projectTestCases.GiftCardPageTestCases@130c12b7]" started-at="2024-04-08T00:17:50 IST" name="checkHomePageUrlTest" finished-at="2024-04-08T00:17:50 IST" duration-ms="9" status="PASS">
          <reporter-output>
          </reporter-output>
        </test-method> <!-- checkHomePageUrlTest -->
        <test-method is-config="true" signature="afterMethod(org.testng.ITestResult)[pri:0, instance:projectTestCases.GiftCardPageTestCases@130c12b7]" started-at="2024-04-08T00:17:50 IST" name="afterMethod" finished-at="2024-04-08T00:17:50 IST" duration-ms="0" status="PASS">
          <params>
            <param index="0">
              <value>
                <![CDATA[[TestResult name=checkHomePageUrlTest status=SUCCESS method=GiftCardPageTestCases.checkHomePageUrlTest()[pri:1, instance:projectTestCases.GiftCardPageTestCases@130c12b7] output={null}]]]>
              </value>
            </param>
          </params>
          <reporter-output>
          </reporter-output>
        </test-method> <!-- afterMethod -->
        <test-method is-config="true" signature="getResult(org.testng.ITestResult)[pri:0, instance:projectTestCases.GiftCardPageTestCases@130c12b7]" started-at="2024-04-08T00:17:50 IST" name="getResult" finished-at="2024-04-08T00:17:50 IST" duration-ms="1" status="PASS">
          <params>
            <param index="0">
              <value>
                <![CDATA[[TestResult name=checkHomePageUrlTest status=SUCCESS method=GiftCardPageTestCases.checkHomePageUrlTest()[pri:1, instance:projectTestCases.GiftCardPageTestCases@130c12b7] output={null}]]]>
              </value>
            </param>
          </params>
          <reporter-output>
          </reporter-output>
        </test-method> <!-- getResult -->
        <test-method is-config="true" signature="beforeMethod(org.testng.ITestResult)[pri:0, instance:projectTestCases.GiftCardPageTestCases@130c12b7]" started-at="2024-04-08T00:17:50 IST" name="beforeMethod" finished-at="2024-04-08T00:17:50 IST" duration-ms="0" status="PASS">
          <params>
            <param index="0">
              <value>
                <![CDATA[[TestResult name={null} status=CREATED method=GiftCardPageTestCases.checkClickGiftCardTest()[pri:2, instance:projectTestCases.GiftCardPageTestCases@130c12b7] output={null}]]]>
              </value>
            </param>
          </params>
          <reporter-output>
          </reporter-output>
        </test-method> <!-- beforeMethod -->
        <test-method signature="checkClickGiftCardTest()[pri:2, instance:projectTestCases.GiftCardPageTestCases@130c12b7]" started-at="2024-04-08T00:17:50 IST" name="checkClickGiftCardTest" finished-at="2024-04-08T00:18:02 IST" duration-ms="11176" status="PASS">
          <reporter-output>
          </reporter-output>
        </test-method> <!-- checkClickGiftCardTest -->
        <test-method is-config="true" signature="getResult(org.testng.ITestResult)[pri:0, instance:projectTestCases.GiftCardPageTestCases@130c12b7]" started-at="2024-04-08T00:18:02 IST" name="getResult" finished-at="2024-04-08T00:18:02 IST" duration-ms="1" status="PASS">
          <params>
            <param index="0">
              <value>
                <![CDATA[[TestResult name=checkClickGiftCardTest status=SUCCESS method=GiftCardPageTestCases.checkClickGiftCardTest()[pri:2, instance:projectTestCases.GiftCardPageTestCases@130c12b7] output={null}]]]>
              </value>
            </param>
          </params>
          <reporter-output>
          </reporter-output>
        </test-method> <!-- getResult -->
        <test-method is-config="true" signature="afterMethod(org.testng.ITestResult)[pri:0, instance:projectTestCases.GiftCardPageTestCases@130c12b7]" started-at="2024-04-08T00:18:02 IST" name="afterMethod" finished-at="2024-04-08T00:18:02 IST" duration-ms="0" status="PASS">
          <params>
            <param index="0">
              <value>
                <![CDATA[[TestResult name=checkClickGiftCardTest status=SUCCESS method=GiftCardPageTestCases.checkClickGiftCardTest()[pri:2, instance:projectTestCases.GiftCardPageTestCases@130c12b7] output={null}]]]>
              </value>
            </param>
          </params>
          <reporter-output>
          </reporter-output>
        </test-method> <!-- afterMethod -->
        <test-method is-config="true" signature="beforeMethod(org.testng.ITestResult)[pri:0, instance:projectTestCases.GiftCardPageTestCases@130c12b7]" started-at="2024-04-08T00:18:02 IST" name="beforeMethod" finished-at="2024-04-08T00:18:02 IST" duration-ms="0" status="PASS">
          <params>
            <param index="0">
              <value>
                <![CDATA[[TestResult name={null} status=CREATED method=GiftCardPageTestCases.checkGiftCardUrlTest()[pri:3, instance:projectTestCases.GiftCardPageTestCases@130c12b7] output={null}]]]>
              </value>
            </param>
          </params>
          <reporter-output>
          </reporter-output>
        </test-method> <!-- beforeMethod -->
        <test-method signature="checkGiftCardUrlTest()[pri:3, instance:projectTestCases.GiftCardPageTestCases@130c12b7]" started-at="2024-04-08T00:18:02 IST" name="checkGiftCardUrlTest" finished-at="2024-04-08T00:18:02 IST" duration-ms="12" status="PASS">
          <reporter-output>
          </reporter-output>
        </test-method> <!-- checkGiftCardUrlTest -->
        <test-method is-config="true" signature="getResult(org.testng.ITestResult)[pri:0, instance:projectTestCases.GiftCardPageTestCases@130c12b7]" started-at="2024-04-08T00:18:02 IST" name="getResult" finished-at="2024-04-08T00:18:02 IST" duration-ms="1" status="PASS">
          <params>
            <param index="0">
              <value>
                <![CDATA[[TestResult name=checkGiftCardUrlTest status=SUCCESS method=GiftCardPageTestCases.checkGiftCardUrlTest()[pri:3, instance:projectTestCases.GiftCardPageTestCases@130c12b7] output={null}]]]>
              </value>
            </param>
          </params>
          <reporter-output>
          </reporter-output>
        </test-method> <!-- getResult -->
        <test-method is-config="true" signature="afterMethod(org.testng.ITestResult)[pri:0, instance:projectTestCases.GiftCardPageTestCases@130c12b7]" started-at="2024-04-08T00:18:02 IST" name="afterMethod" finished-at="2024-04-08T00:18:02 IST" duration-ms="0" status="PASS">
          <params>
            <param index="0">
              <value>
                <![CDATA[[TestResult name=checkGiftCardUrlTest status=SUCCESS method=GiftCardPageTestCases.checkGiftCardUrlTest()[pri:3, instance:projectTestCases.GiftCardPageTestCases@130c12b7] output={null}]]]>
              </value>
            </param>
          </params>
          <reporter-output>
          </reporter-output>
        </test-method> <!-- afterMethod -->
        <test-method signature="checkGiftCardTitleTest()[pri:5, instance:projectTestCases.GiftCardPageTestCases@130c12b7]" started-at="2024-04-08T00:18:02 IST" name="checkGiftCardTitleTest" finished-at="2024-04-08T00:18:02 IST" duration-ms="11" status="PASS">
          <reporter-output>
          </reporter-output>
        </test-method> <!-- checkGiftCardTitleTest -->
        <test-method is-config="true" signature="beforeMethod(org.testng.ITestResult)[pri:0, instance:projectTestCases.GiftCardPageTestCases@130c12b7]" started-at="2024-04-08T00:18:02 IST" name="beforeMethod" finished-at="2024-04-08T00:18:02 IST" duration-ms="0" status="PASS">
          <params>
            <param index="0">
              <value>
                <![CDATA[[TestResult name={null} status=CREATED method=GiftCardPageTestCases.checkGiftCardTitleTest()[pri:5, instance:projectTestCases.GiftCardPageTestCases@130c12b7] output={null}]]]>
              </value>
            </param>
          </params>
          <reporter-output>
          </reporter-output>
        </test-method> <!-- beforeMethod -->
        <test-method is-config="true" signature="afterMethod(org.testng.ITestResult)[pri:0, instance:projectTestCases.GiftCardPageTestCases@130c12b7]" started-at="2024-04-08T00:18:02 IST" name="afterMethod" finished-at="2024-04-08T00:18:02 IST" duration-ms="0" status="PASS">
          <params>
            <param index="0">
              <value>
                <![CDATA[[TestResult name=checkGiftCardTitleTest status=SUCCESS method=GiftCardPageTestCases.checkGiftCardTitleTest()[pri:5, instance:projectTestCases.GiftCardPageTestCases@130c12b7] output={null}]]]>
              </value>
            </param>
          </params>
          <reporter-output>
          </reporter-output>
        </test-method> <!-- afterMethod -->
        <test-method is-config="true" signature="getResult(org.testng.ITestResult)[pri:0, instance:projectTestCases.GiftCardPageTestCases@130c12b7]" started-at="2024-04-08T00:18:02 IST" name="getResult" finished-at="2024-04-08T00:18:02 IST" duration-ms="1" status="PASS">
          <params>
            <param index="0">
              <value>
                <![CDATA[[TestResult name=checkGiftCardTitleTest status=SUCCESS method=GiftCardPageTestCases.checkGiftCardTitleTest()[pri:5, instance:projectTestCases.GiftCardPageTestCases@130c12b7] output={null}]]]>
              </value>
            </param>
          </params>
          <reporter-output>
          </reporter-output>
        </test-method> <!-- getResult -->
        <test-method is-config="true" signature="beforeMethod(org.testng.ITestResult)[pri:0, instance:projectTestCases.GiftCardPageTestCases@130c12b7]" started-at="2024-04-08T00:18:02 IST" name="beforeMethod" finished-at="2024-04-08T00:18:02 IST" duration-ms="0" status="PASS">
          <params>
            <param index="0">
              <value>
                <![CDATA[[TestResult name={null} status=CREATED method=GiftCardPageTestCases.OccasionHandleTest()[pri:6, instance:projectTestCases.GiftCardPageTestCases@130c12b7] output={null}]]]>
              </value>
            </param>
          </params>
          <reporter-output>
          </reporter-output>
        </test-method> <!-- beforeMethod -->
        <test-method signature="OccasionHandleTest()[pri:6, instance:projectTestCases.GiftCardPageTestCases@130c12b7]" started-at="2024-04-08T00:18:02 IST" name="OccasionHandleTest" finished-at="2024-04-08T00:18:02 IST" duration-ms="613" status="PASS">
          <reporter-output>
          </reporter-output>
        </test-method> <!-- OccasionHandleTest -->
        <test-method is-config="true" signature="afterMethod(org.testng.ITestResult)[pri:0, instance:projectTestCases.GiftCardPageTestCases@130c12b7]" started-at="2024-04-08T00:18:02 IST" name="afterMethod" finished-at="2024-04-08T00:18:02 IST" duration-ms="1" status="PASS">
          <params>
            <param index="0">
              <value>
                <![CDATA[[TestResult name=OccasionHandleTest status=SUCCESS method=GiftCardPageTestCases.OccasionHandleTest()[pri:6, instance:projectTestCases.GiftCardPageTestCases@130c12b7] output={null}]]]>
              </value>
            </param>
          </params>
          <reporter-output>
          </reporter-output>
        </test-method> <!-- afterMethod -->
        <test-method is-config="true" signature="getResult(org.testng.ITestResult)[pri:0, instance:projectTestCases.GiftCardPageTestCases@130c12b7]" started-at="2024-04-08T00:18:02 IST" name="getResult" finished-at="2024-04-08T00:18:02 IST" duration-ms="0" status="PASS">
          <params>
            <param index="0">
              <value>
                <![CDATA[[TestResult name=OccasionHandleTest status=SUCCESS method=GiftCardPageTestCases.OccasionHandleTest()[pri:6, instance:projectTestCases.GiftCardPageTestCases@130c12b7] output={null}]]]>
              </value>
            </param>
          </params>
          <reporter-output>
          </reporter-output>
        </test-method> <!-- getResult -->
        <test-method is-config="true" signature="beforeMethod(org.testng.ITestResult)[pri:0, instance:projectTestCases.GiftCardPageTestCases@130c12b7]" started-at="2024-04-08T00:18:02 IST" name="beforeMethod" finished-at="2024-04-08T00:18:02 IST" duration-ms="1" status="PASS">
          <params>
            <param index="0">
              <value>
                <![CDATA[[TestResult name={null} status=CREATED method=GiftCardPageTestCases.AmountHandlerTest()[pri:7, instance:projectTestCases.GiftCardPageTestCases@130c12b7] output={null}]]]>
              </value>
            </param>
          </params>
          <reporter-output>
          </reporter-output>
        </test-method> <!-- beforeMethod -->
        <test-method signature="AmountHandlerTest()[pri:7, instance:projectTestCases.GiftCardPageTestCases@130c12b7]" started-at="2024-04-08T00:18:02 IST" name="AmountHandlerTest" finished-at="2024-04-08T00:18:02 IST" duration-ms="112" status="PASS">
          <reporter-output>
          </reporter-output>
        </test-method> <!-- AmountHandlerTest -->
        <test-method is-config="true" signature="afterMethod(org.testng.ITestResult)[pri:0, instance:projectTestCases.GiftCardPageTestCases@130c12b7]" started-at="2024-04-08T00:18:02 IST" name="afterMethod" finished-at="2024-04-08T00:18:02 IST" duration-ms="1" status="PASS">
          <params>
            <param index="0">
              <value>
                <![CDATA[[TestResult name=AmountHandlerTest status=SUCCESS method=GiftCardPageTestCases.AmountHandlerTest()[pri:7, instance:projectTestCases.GiftCardPageTestCases@130c12b7] output={null}]]]>
              </value>
            </param>
          </params>
          <reporter-output>
          </reporter-output>
        </test-method> <!-- afterMethod -->
        <test-method is-config="true" signature="getResult(org.testng.ITestResult)[pri:0, instance:projectTestCases.GiftCardPageTestCases@130c12b7]" started-at="2024-04-08T00:18:02 IST" name="getResult" finished-at="2024-04-08T00:18:02 IST" duration-ms="0" status="PASS">
          <params>
            <param index="0">
              <value>
                <![CDATA[[TestResult name=AmountHandlerTest status=SUCCESS method=GiftCardPageTestCases.AmountHandlerTest()[pri:7, instance:projectTestCases.GiftCardPageTestCases@130c12b7] output={null}]]]>
              </value>
            </param>
          </params>
          <reporter-output>
          </reporter-output>
        </test-method> <!-- getResult -->
        <test-method is-config="true" signature="beforeMethod(org.testng.ITestResult)[pri:0, instance:projectTestCases.GiftCardPageTestCases@130c12b7]" started-at="2024-04-08T00:18:02 IST" name="beforeMethod" finished-at="2024-04-08T00:18:02 IST" duration-ms="1" status="PASS">
          <params>
            <param index="0">
              <value>
                <![CDATA[[TestResult name={null} status=CREATED method=GiftCardPageTestCases.DropDownHandlerTest()[pri:8, instance:projectTestCases.GiftCardPageTestCases@130c12b7] output={null}]]]>
              </value>
            </param>
          </params>
          <reporter-output>
          </reporter-output>
        </test-method> <!-- beforeMethod -->
        <test-method signature="DropDownHandlerTest()[pri:8, instance:projectTestCases.GiftCardPageTestCases@130c12b7]" started-at="2024-04-08T00:18:02 IST" name="DropDownHandlerTest" finished-at="2024-04-08T00:18:03 IST" duration-ms="486" status="PASS">
          <reporter-output>
          </reporter-output>
        </test-method> <!-- DropDownHandlerTest -->
        <test-method is-config="true" signature="afterMethod(org.testng.ITestResult)[pri:0, instance:projectTestCases.GiftCardPageTestCases@130c12b7]" started-at="2024-04-08T00:18:03 IST" name="afterMethod" finished-at="2024-04-08T00:18:03 IST" duration-ms="0" status="PASS">
          <params>
            <param index="0">
              <value>
                <![CDATA[[TestResult name=DropDownHandlerTest status=SUCCESS method=GiftCardPageTestCases.DropDownHandlerTest()[pri:8, instance:projectTestCases.GiftCardPageTestCases@130c12b7] output={null}]]]>
              </value>
            </param>
          </params>
          <reporter-output>
          </reporter-output>
        </test-method> <!-- afterMethod -->
        <test-method is-config="true" signature="getResult(org.testng.ITestResult)[pri:0, instance:projectTestCases.GiftCardPageTestCases@130c12b7]" started-at="2024-04-08T00:18:03 IST" name="getResult" finished-at="2024-04-08T00:18:03 IST" duration-ms="0" status="PASS">
          <params>
            <param index="0">
              <value>
                <![CDATA[[TestResult name=DropDownHandlerTest status=SUCCESS method=GiftCardPageTestCases.DropDownHandlerTest()[pri:8, instance:projectTestCases.GiftCardPageTestCases@130c12b7] output={null}]]]>
              </value>
            </param>
          </params>
          <reporter-output>
          </reporter-output>
        </test-method> <!-- getResult -->
        <test-method is-config="true" signature="beforeMethod(org.testng.ITestResult)[pri:0, instance:projectTestCases.GiftCardPageTestCases@130c12b7]" started-at="2024-04-08T00:18:03 IST" name="beforeMethod" finished-at="2024-04-08T00:18:03 IST" duration-ms="1" status="PASS">
          <params>
            <param index="0">
              <value>
                <![CDATA[[TestResult name={null} status=CREATED method=GiftCardPageTestCases.ButtonHandleTest()[pri:9, instance:projectTestCases.GiftCardPageTestCases@130c12b7] output={null}]]]>
              </value>
            </param>
          </params>
          <reporter-output>
          </reporter-output>
        </test-method> <!-- beforeMethod -->
        <test-method signature="ButtonHandleTest()[pri:9, instance:projectTestCases.GiftCardPageTestCases@130c12b7]" started-at="2024-04-08T00:18:03 IST" name="ButtonHandleTest" finished-at="2024-04-08T00:18:03 IST" duration-ms="405" status="PASS">
          <reporter-output>
          </reporter-output>
        </test-method> <!-- ButtonHandleTest -->
        <test-method is-config="true" signature="afterMethod(org.testng.ITestResult)[pri:0, instance:projectTestCases.GiftCardPageTestCases@130c12b7]" started-at="2024-04-08T00:18:03 IST" name="afterMethod" finished-at="2024-04-08T00:18:03 IST" duration-ms="0" status="PASS">
          <params>
            <param index="0">
              <value>
                <![CDATA[[TestResult name=ButtonHandleTest status=SUCCESS method=GiftCardPageTestCases.ButtonHandleTest()[pri:9, instance:projectTestCases.GiftCardPageTestCases@130c12b7] output={null}]]]>
              </value>
            </param>
          </params>
          <reporter-output>
          </reporter-output>
        </test-method> <!-- afterMethod -->
        <test-method is-config="true" signature="getResult(org.testng.ITestResult)[pri:0, instance:projectTestCases.GiftCardPageTestCases@130c12b7]" started-at="2024-04-08T00:18:03 IST" name="getResult" finished-at="2024-04-08T00:18:03 IST" duration-ms="1" status="PASS">
          <params>
            <param index="0">
              <value>
                <![CDATA[[TestResult name=ButtonHandleTest status=SUCCESS method=GiftCardPageTestCases.ButtonHandleTest()[pri:9, instance:projectTestCases.GiftCardPageTestCases@130c12b7] output={null}]]]>
              </value>
            </param>
          </params>
          <reporter-output>
          </reporter-output>
        </test-method> <!-- getResult -->
        <test-method is-config="true" signature="beforeMethod(org.testng.ITestResult)[pri:0, instance:projectTestCases.GiftCardPageTestCases@130c12b7]" started-at="2024-04-08T00:18:04 IST" name="beforeMethod" finished-at="2024-04-08T00:18:04 IST" duration-ms="0" status="PASS">
          <params>
            <param index="0">
              <value>
                <![CDATA[[TestResult name={null} status=CREATED method=GiftCardPageTestCases.enterFormDetailsTest(java.lang.String,java.lang.String,java.lang.String,java.lang.String,java.lang.String,java.lang.String,java.lang.String,java.lang.String)[pri:10, instance:projectTestCases.GiftCardPageTestCases@130c12b7] output={null}]]]>
              </value>
            </param>
          </params>
          <reporter-output>
          </reporter-output>
        </test-method> <!-- beforeMethod -->
        <test-method signature="enterFormDetailsTest(java.lang.String,java.lang.String,java.lang.String,java.lang.String,java.lang.String,java.lang.String,java.lang.String,java.lang.String)[pri:10, instance:projectTestCases.GiftCardPageTestCases@130c12b7]" started-at="2024-04-08T00:18:04 IST" name="enterFormDetailsTest" data-provider="enterFormDetailsTest" finished-at="2024-04-08T00:18:16 IST" duration-ms="11635" status="PASS">
          <params>
            <param index="0">
              <value>
                <![CDATA[shreya]]>
              </value>
            </param>
            <param index="1">
              <value>
                <![CDATA[shreya1]]>
              </value>
            </param>
            <param index="2">
              <value>
                <![CDATA[9.876543211E9]]>
              </value>
            </param>
            <param index="3">
              <value>
                <![CDATA[chotu]]>
              </value>
            </param>
            <param index="4">
              <value>
                <![CDATA[chotu@gmail.com]]>
              </value>
            </param>
            <param index="5">
              <value>
                <![CDATA[9.876543212E9]]>
              </value>
            </param>
            <param index="6">
              <value>
                <![CDATA[park square]]>
              </value>
            </param>
            <param index="7">
              <value>
                <![CDATA[700009.0]]>
              </value>
            </param>
          </params>
          <reporter-output>
          </reporter-output>
        </test-method> <!-- enterFormDetailsTest -->
        <test-method is-config="true" signature="afterMethod(org.testng.ITestResult)[pri:0, instance:projectTestCases.GiftCardPageTestCases@130c12b7]" started-at="2024-04-08T00:18:16 IST" name="afterMethod" finished-at="2024-04-08T00:18:16 IST" duration-ms="1" status="PASS">
          <params>
            <param index="0">
              <value>
                <![CDATA[[TestResult name=enterFormDetailsTest status=SUCCESS method=GiftCardPageTestCases.enterFormDetailsTest(java.lang.String,java.lang.String,java.lang.String,java.lang.String,java.lang.String,java.lang.String,java.lang.String,java.lang.String)[pri:10, instance:projectTestCases.GiftCardPageTestCases@130c12b7] output={null}]]]>
              </value>
            </param>
          </params>
          <reporter-output>
          </reporter-output>
        </test-method> <!-- afterMethod -->
        <test-method is-config="true" signature="getResult(org.testng.ITestResult)[pri:0, instance:projectTestCases.GiftCardPageTestCases@130c12b7]" started-at="2024-04-08T00:18:16 IST" name="getResult" finished-at="2024-04-08T00:18:16 IST" duration-ms="0" status="PASS">
          <params>
            <param index="0">
              <value>
                <![CDATA[[TestResult name=enterFormDetailsTest status=SUCCESS method=GiftCardPageTestCases.enterFormDetailsTest(java.lang.String,java.lang.String,java.lang.String,java.lang.String,java.lang.String,java.lang.String,java.lang.String,java.lang.String)[pri:10, instance:projectTestCases.GiftCardPageTestCases@130c12b7] output={null}]]]>
              </value>
            </param>
          </params>
          <reporter-output>
          </reporter-output>
        </test-method> <!-- getResult -->
        <test-method is-config="true" signature="afterTest()[pri:0, instance:projectTestCases.GiftCardPageTestCases@130c12b7]" started-at="2024-04-08T00:18:16 IST" name="afterTest" finished-at="2024-04-08T00:18:18 IST" duration-ms="2097" status="PASS">
          <reporter-output>
          </reporter-output>
        </test-method> <!-- afterTest -->
      </class> <!-- projectTestCases.GiftCardPageTestCases -->
    </test> <!-- ChromeTest3 -->
    <test started-at="2024-04-08T00:18:18 IST" name="EdgeTest1" finished-at="2024-04-08T00:19:21 IST" duration-ms="62524">
      <class name="projectTestCases.ProductPageTestCases">
        <test-method is-config="true" signature="beforeTest(java.lang.String)[pri:0, instance:projectTestCases.ProductPageTestCases@4d5650ae]" started-at="2024-04-08T00:18:18 IST" name="beforeTest" finished-at="2024-04-08T00:18:53 IST" duration-ms="34804" status="PASS">
          <params>
            <param index="0">
              <value>
                <![CDATA[edge]]>
              </value>
            </param>
          </params>
          <reporter-output>
          </reporter-output>
        </test-method> <!-- beforeTest -->
        <test-method is-config="true" signature="beforeMethod(org.testng.ITestResult)[pri:0, instance:projectTestCases.ProductPageTestCases@4d5650ae]" started-at="2024-04-08T00:18:53 IST" name="beforeMethod" finished-at="2024-04-08T00:18:53 IST" duration-ms="1" status="PASS">
          <params>
            <param index="0">
              <value>
                <![CDATA[[TestResult name={null} status=CREATED method=ProductPageTestCases.checkHomePageUrlTest()[pri:1, instance:projectTestCases.ProductPageTestCases@4d5650ae] output={null}]]]>
              </value>
            </param>
          </params>
          <reporter-output>
          </reporter-output>
        </test-method> <!-- beforeMethod -->
        <test-method signature="checkHomePageUrlTest()[pri:1, instance:projectTestCases.ProductPageTestCases@4d5650ae]" started-at="2024-04-08T00:18:53 IST" name="checkHomePageUrlTest" finished-at="2024-04-08T00:18:53 IST" duration-ms="23" status="PASS">
          <reporter-output>
          </reporter-output>
        </test-method> <!-- checkHomePageUrlTest -->
        <test-method is-config="true" signature="afterMethod(org.testng.ITestResult)[pri:0, instance:projectTestCases.ProductPageTestCases@4d5650ae]" started-at="2024-04-08T00:18:53 IST" name="afterMethod" finished-at="2024-04-08T00:18:53 IST" duration-ms="0" status="PASS">
          <params>
            <param index="0">
              <value>
                <![CDATA[[TestResult name=checkHomePageUrlTest status=SUCCESS method=ProductPageTestCases.checkHomePageUrlTest()[pri:1, instance:projectTestCases.ProductPageTestCases@4d5650ae] output={null}]]]>
              </value>
            </param>
          </params>
          <reporter-output>
          </reporter-output>
        </test-method> <!-- afterMethod -->
        <test-method is-config="true" signature="getResult(org.testng.ITestResult)[pri:0, instance:projectTestCases.ProductPageTestCases@4d5650ae]" started-at="2024-04-08T00:18:53 IST" name="getResult" finished-at="2024-04-08T00:18:53 IST" duration-ms="1" status="PASS">
          <params>
            <param index="0">
              <value>
                <![CDATA[[TestResult name=checkHomePageUrlTest status=SUCCESS method=ProductPageTestCases.checkHomePageUrlTest()[pri:1, instance:projectTestCases.ProductPageTestCases@4d5650ae] output={null}]]]>
              </value>
            </param>
          </params>
          <reporter-output>
          </reporter-output>
        </test-method> <!-- getResult -->
        <test-method signature="clickBookShelfTest()[pri:2, instance:projectTestCases.ProductPageTestCases@4d5650ae]" started-at="2024-04-08T00:18:53 IST" name="clickBookShelfTest" finished-at="2024-04-08T00:18:58 IST" duration-ms="5455" status="PASS">
          <reporter-output>
          </reporter-output>
        </test-method> <!-- clickBookShelfTest -->
        <test-method is-config="true" signature="beforeMethod(org.testng.ITestResult)[pri:0, instance:projectTestCases.ProductPageTestCases@4d5650ae]" started-at="2024-04-08T00:18:53 IST" name="beforeMethod" finished-at="2024-04-08T00:18:53 IST" duration-ms="0" status="PASS">
          <params>
            <param index="0">
              <value>
                <![CDATA[[TestResult name={null} status=CREATED method=ProductPageTestCases.clickBookShelfTest()[pri:2, instance:projectTestCases.ProductPageTestCases@4d5650ae] output={null}]]]>
              </value>
            </param>
          </params>
          <reporter-output>
          </reporter-output>
        </test-method> <!-- beforeMethod -->
        <test-method is-config="true" signature="afterMethod(org.testng.ITestResult)[pri:0, instance:projectTestCases.ProductPageTestCases@4d5650ae]" started-at="2024-04-08T00:18:58 IST" name="afterMethod" finished-at="2024-04-08T00:18:58 IST" duration-ms="0" status="PASS">
          <params>
            <param index="0">
              <value>
                <![CDATA[[TestResult name=clickBookShelfTest status=SUCCESS method=ProductPageTestCases.clickBookShelfTest()[pri:2, instance:projectTestCases.ProductPageTestCases@4d5650ae] output={null}]]]>
              </value>
            </param>
          </params>
          <reporter-output>
          </reporter-output>
        </test-method> <!-- afterMethod -->
        <test-method is-config="true" signature="getResult(org.testng.ITestResult)[pri:0, instance:projectTestCases.ProductPageTestCases@4d5650ae]" started-at="2024-04-08T00:18:58 IST" name="getResult" finished-at="2024-04-08T00:18:58 IST" duration-ms="1" status="PASS">
          <params>
            <param index="0">
              <value>
                <![CDATA[[TestResult name=clickBookShelfTest status=SUCCESS method=ProductPageTestCases.clickBookShelfTest()[pri:2, instance:projectTestCases.ProductPageTestCases@4d5650ae] output={null}]]]>
              </value>
            </param>
          </params>
          <reporter-output>
          </reporter-output>
        </test-method> <!-- getResult -->
        <test-method signature="checkProductPageUrlTest()[pri:4, instance:projectTestCases.ProductPageTestCases@4d5650ae]" started-at="2024-04-08T00:18:58 IST" name="checkProductPageUrlTest" finished-at="2024-04-08T00:18:58 IST" duration-ms="56" status="PASS">
          <reporter-output>
          </reporter-output>
        </test-method> <!-- checkProductPageUrlTest -->
        <test-method is-config="true" signature="beforeMethod(org.testng.ITestResult)[pri:0, instance:projectTestCases.ProductPageTestCases@4d5650ae]" started-at="2024-04-08T00:18:58 IST" name="beforeMethod" finished-at="2024-04-08T00:18:58 IST" duration-ms="0" status="PASS">
          <params>
            <param index="0">
              <value>
                <![CDATA[[TestResult name={null} status=CREATED method=ProductPageTestCases.checkProductPageUrlTest()[pri:4, instance:projectTestCases.ProductPageTestCases@4d5650ae] output={null}]]]>
              </value>
            </param>
          </params>
          <reporter-output>
          </reporter-output>
        </test-method> <!-- beforeMethod -->
        <test-method is-config="true" signature="afterMethod(org.testng.ITestResult)[pri:0, instance:projectTestCases.ProductPageTestCases@4d5650ae]" started-at="2024-04-08T00:18:58 IST" name="afterMethod" finished-at="2024-04-08T00:18:58 IST" duration-ms="1" status="PASS">
          <params>
            <param index="0">
              <value>
                <![CDATA[[TestResult name=checkProductPageUrlTest status=SUCCESS method=ProductPageTestCases.checkProductPageUrlTest()[pri:4, instance:projectTestCases.ProductPageTestCases@4d5650ae] output={null}]]]>
              </value>
            </param>
          </params>
          <reporter-output>
          </reporter-output>
        </test-method> <!-- afterMethod -->
        <test-method is-config="true" signature="getResult(org.testng.ITestResult)[pri:0, instance:projectTestCases.ProductPageTestCases@4d5650ae]" started-at="2024-04-08T00:18:58 IST" name="getResult" finished-at="2024-04-08T00:18:58 IST" duration-ms="1" status="PASS">
          <params>
            <param index="0">
              <value>
                <![CDATA[[TestResult name=checkProductPageUrlTest status=SUCCESS method=ProductPageTestCases.checkProductPageUrlTest()[pri:4, instance:projectTestCases.ProductPageTestCases@4d5650ae] output={null}]]]>
              </value>
            </param>
          </params>
          <reporter-output>
          </reporter-output>
        </test-method> <!-- getResult -->
        <test-method is-config="true" signature="beforeMethod(org.testng.ITestResult)[pri:0, instance:projectTestCases.ProductPageTestCases@4d5650ae]" started-at="2024-04-08T00:18:58 IST" name="beforeMethod" finished-at="2024-04-08T00:18:58 IST" duration-ms="1" status="PASS">
          <params>
            <param index="0">
              <value>
                <![CDATA[[TestResult name={null} status=CREATED method=ProductPageTestCases.checkProductPageTitleTest()[pri:5, instance:projectTestCases.ProductPageTestCases@4d5650ae] output={null}]]]>
              </value>
            </param>
          </params>
          <reporter-output>
          </reporter-output>
        </test-method> <!-- beforeMethod -->
        <test-method signature="checkProductPageTitleTest()[pri:5, instance:projectTestCases.ProductPageTestCases@4d5650ae]" started-at="2024-04-08T00:18:58 IST" name="checkProductPageTitleTest" finished-at="2024-04-08T00:18:58 IST" duration-ms="34" status="PASS">
          <reporter-output>
          </reporter-output>
        </test-method> <!-- checkProductPageTitleTest -->
        <test-method is-config="true" signature="afterMethod(org.testng.ITestResult)[pri:0, instance:projectTestCases.ProductPageTestCases@4d5650ae]" started-at="2024-04-08T00:18:58 IST" name="afterMethod" finished-at="2024-04-08T00:18:58 IST" duration-ms="0" status="PASS">
          <params>
            <param index="0">
              <value>
                <![CDATA[[TestResult name=checkProductPageTitleTest status=SUCCESS method=ProductPageTestCases.checkProductPageTitleTest()[pri:5, instance:projectTestCases.ProductPageTestCases@4d5650ae] output={null}]]]>
              </value>
            </param>
          </params>
          <reporter-output>
          </reporter-output>
        </test-method> <!-- afterMethod -->
        <test-method is-config="true" signature="getResult(org.testng.ITestResult)[pri:0, instance:projectTestCases.ProductPageTestCases@4d5650ae]" started-at="2024-04-08T00:18:58 IST" name="getResult" finished-at="2024-04-08T00:18:58 IST" duration-ms="0" status="PASS">
          <params>
            <param index="0">
              <value>
                <![CDATA[[TestResult name=checkProductPageTitleTest status=SUCCESS method=ProductPageTestCases.checkProductPageTitleTest()[pri:5, instance:projectTestCases.ProductPageTestCases@4d5650ae] output={null}]]]>
              </value>
            </param>
          </params>
          <reporter-output>
          </reporter-output>
        </test-method> <!-- getResult -->
        <test-method signature="popupTest()[pri:6, instance:projectTestCases.ProductPageTestCases@4d5650ae]" started-at="2024-04-08T00:18:58 IST" name="popupTest" finished-at="2024-04-08T00:19:04 IST" duration-ms="5159" status="PASS">
          <reporter-output>
          </reporter-output>
        </test-method> <!-- popupTest -->
        <test-method is-config="true" signature="beforeMethod(org.testng.ITestResult)[pri:0, instance:projectTestCases.ProductPageTestCases@4d5650ae]" started-at="2024-04-08T00:18:58 IST" name="beforeMethod" finished-at="2024-04-08T00:18:58 IST" duration-ms="0" status="PASS">
          <params>
            <param index="0">
              <value>
                <![CDATA[[TestResult name={null} status=CREATED method=ProductPageTestCases.popupTest()[pri:6, instance:projectTestCases.ProductPageTestCases@4d5650ae] output={null}]]]>
              </value>
            </param>
          </params>
          <reporter-output>
          </reporter-output>
        </test-method> <!-- beforeMethod -->
        <test-method is-config="true" signature="afterMethod(org.testng.ITestResult)[pri:0, instance:projectTestCases.ProductPageTestCases@4d5650ae]" started-at="2024-04-08T00:19:04 IST" name="afterMethod" finished-at="2024-04-08T00:19:04 IST" duration-ms="0" status="PASS">
          <params>
            <param index="0">
              <value>
                <![CDATA[[TestResult name=popupTest status=SUCCESS method=ProductPageTestCases.popupTest()[pri:6, instance:projectTestCases.ProductPageTestCases@4d5650ae] output={null}]]]>
              </value>
            </param>
          </params>
          <reporter-output>
          </reporter-output>
        </test-method> <!-- afterMethod -->
        <test-method is-config="true" signature="getResult(org.testng.ITestResult)[pri:0, instance:projectTestCases.ProductPageTestCases@4d5650ae]" started-at="2024-04-08T00:19:04 IST" name="getResult" finished-at="2024-04-08T00:19:04 IST" duration-ms="0" status="PASS">
          <params>
            <param index="0">
              <value>
                <![CDATA[[TestResult name=popupTest status=SUCCESS method=ProductPageTestCases.popupTest()[pri:6, instance:projectTestCases.ProductPageTestCases@4d5650ae] output={null}]]]>
              </value>
            </param>
          </params>
          <reporter-output>
          </reporter-output>
        </test-method> <!-- getResult -->
        <test-method signature="PriceSliderTest()[pri:7, instance:projectTestCases.ProductPageTestCases@4d5650ae]" started-at="2024-04-08T00:19:04 IST" name="PriceSliderTest" finished-at="2024-04-08T00:19:14 IST" duration-ms="10628" status="PASS">
          <reporter-output>
          </reporter-output>
        </test-method> <!-- PriceSliderTest -->
        <test-method is-config="true" signature="beforeMethod(org.testng.ITestResult)[pri:0, instance:projectTestCases.ProductPageTestCases@4d5650ae]" started-at="2024-04-08T00:19:04 IST" name="beforeMethod" finished-at="2024-04-08T00:19:04 IST" duration-ms="0" status="PASS">
          <params>
            <param index="0">
              <value>
                <![CDATA[[TestResult name={null} status=CREATED method=ProductPageTestCases.PriceSliderTest()[pri:7, instance:projectTestCases.ProductPageTestCases@4d5650ae] output={null}]]]>
              </value>
            </param>
          </params>
          <reporter-output>
          </reporter-output>
        </test-method> <!-- beforeMethod -->
        <test-method is-config="true" signature="afterMethod(org.testng.ITestResult)[pri:0, instance:projectTestCases.ProductPageTestCases@4d5650ae]" started-at="2024-04-08T00:19:14 IST" name="afterMethod" finished-at="2024-04-08T00:19:14 IST" duration-ms="0" status="PASS">
          <params>
            <param index="0">
              <value>
                <![CDATA[[TestResult name=PriceSliderTest status=SUCCESS method=ProductPageTestCases.PriceSliderTest()[pri:7, instance:projectTestCases.ProductPageTestCases@4d5650ae] output={null}]]]>
              </value>
            </param>
          </params>
          <reporter-output>
          </reporter-output>
        </test-method> <!-- afterMethod -->
        <test-method is-config="true" signature="getResult(org.testng.ITestResult)[pri:0, instance:projectTestCases.ProductPageTestCases@4d5650ae]" started-at="2024-04-08T00:19:14 IST" name="getResult" finished-at="2024-04-08T00:19:14 IST" duration-ms="0" status="PASS">
          <params>
            <param index="0">
              <value>
                <![CDATA[[TestResult name=PriceSliderTest status=SUCCESS method=ProductPageTestCases.PriceSliderTest()[pri:7, instance:projectTestCases.ProductPageTestCases@4d5650ae] output={null}]]]>
              </value>
            </param>
          </params>
          <reporter-output>
          </reporter-output>
        </test-method> <!-- getResult -->
        <test-method is-config="true" signature="beforeMethod(org.testng.ITestResult)[pri:0, instance:projectTestCases.ProductPageTestCases@4d5650ae]" started-at="2024-04-08T00:19:14 IST" name="beforeMethod" finished-at="2024-04-08T00:19:14 IST" duration-ms="1" status="PASS">
          <params>
            <param index="0">
              <value>
                <![CDATA[[TestResult name={null} status=CREATED method=ProductPageTestCases.StorageTypeTest()[pri:8, instance:projectTestCases.ProductPageTestCases@4d5650ae] output={null}]]]>
              </value>
            </param>
          </params>
          <reporter-output>
          </reporter-output>
        </test-method> <!-- beforeMethod -->
        <test-method signature="StorageTypeTest()[pri:8, instance:projectTestCases.ProductPageTestCases@4d5650ae]" started-at="2024-04-08T00:19:14 IST" name="StorageTypeTest" finished-at="2024-04-08T00:19:15 IST" duration-ms="299" status="PASS">
          <reporter-output>
          </reporter-output>
        </test-method> <!-- StorageTypeTest -->
        <test-method is-config="true" signature="afterMethod(org.testng.ITestResult)[pri:0, instance:projectTestCases.ProductPageTestCases@4d5650ae]" started-at="2024-04-08T00:19:15 IST" name="afterMethod" finished-at="2024-04-08T00:19:15 IST" duration-ms="1" status="PASS">
          <params>
            <param index="0">
              <value>
                <![CDATA[[TestResult name=StorageTypeTest status=SUCCESS method=ProductPageTestCases.StorageTypeTest()[pri:8, instance:projectTestCases.ProductPageTestCases@4d5650ae] output={null}]]]>
              </value>
            </param>
          </params>
          <reporter-output>
          </reporter-output>
        </test-method> <!-- afterMethod -->
        <test-method is-config="true" signature="getResult(org.testng.ITestResult)[pri:0, instance:projectTestCases.ProductPageTestCases@4d5650ae]" started-at="2024-04-08T00:19:15 IST" name="getResult" finished-at="2024-04-08T00:19:15 IST" duration-ms="1" status="PASS">
          <params>
            <param index="0">
              <value>
                <![CDATA[[TestResult name=StorageTypeTest status=SUCCESS method=ProductPageTestCases.StorageTypeTest()[pri:8, instance:projectTestCases.ProductPageTestCases@4d5650ae] output={null}]]]>
              </value>
            </param>
          </params>
          <reporter-output>
          </reporter-output>
        </test-method> <!-- getResult -->
[...]
          <reporter-output>
          </reporter-output>
        </test-method> <!-- checkGiftCardUrlTest -->
        <test-method is-config="true" signature="beforeMethod(org.testng.ITestResult)[pri:0, instance:projectTestCases.GiftCardPageTestCases@5824a83d]" started-at="2024-04-08T00:20:22 IST" name="beforeMethod" finished-at="2024-04-08T00:20:22 IST" duration-ms="0" status="PASS">
          <params>
            <param index="0">
              <value>
                <![CDATA[[TestResult name={null} status=CREATED method=GiftCardPageTestCases.checkGiftCardUrlTest()[pri:3, instance:projectTestCases.GiftCardPageTestCases@5824a83d] output={null}]]]>
              </value>
            </param>
          </params>
          <reporter-output>
          </reporter-output>
        </test-method> <!-- beforeMethod -->
        <test-method is-config="true" signature="getResult(org.testng.ITestResult)[pri:0, instance:projectTestCases.GiftCardPageTestCases@5824a83d]" started-at="2024-04-08T00:20:22 IST" name="getResult" finished-at="2024-04-08T00:20:22 IST" duration-ms="0" status="PASS">
          <params>
            <param index="0">
              <value>
                <![CDATA[[TestResult name=checkGiftCardUrlTest status=SUCCESS method=GiftCardPageTestCases.checkGiftCardUrlTest()[pri:3, instance:projectTestCases.GiftCardPageTestCases@5824a83d] output={null}]]]>
              </value>
            </param>
          </params>
          <reporter-output>
          </reporter-output>
        </test-method> <!-- getResult -->
        <test-method is-config="true" signature="afterMethod(org.testng.ITestResult)[pri:0, instance:projectTestCases.GiftCardPageTestCases@5824a83d]" started-at="2024-04-08T00:20:22 IST" name="afterMethod" finished-at="2024-04-08T00:20:22 IST" duration-ms="0" status="PASS">
          <params>
            <param index="0">
              <value>
                <![CDATA[[TestResult name=checkGiftCardUrlTest status=SUCCESS method=GiftCardPageTestCases.checkGiftCardUrlTest()[pri:3, instance:projectTestCases.GiftCardPageTestCases@5824a83d] output={null}]]]>
              </value>
            </param>
          </params>
          <reporter-output>
          </reporter-output>
        </test-method> <!-- afterMethod -->
        <test-method is-config="true" signature="beforeMethod(org.testng.ITestResult)[pri:0, instance:projectTestCases.GiftCardPageTestCases@5824a83d]" started-at="2024-04-08T00:20:22 IST" name="beforeMethod" finished-at="2024-04-08T00:20:22 IST" duration-ms="0" status="PASS">
          <params>
            <param index="0">
              <value>
                <![CDATA[[TestResult name={null} status=CREATED method=GiftCardPageTestCases.checkGiftCardTitleTest()[pri:5, instance:projectTestCases.GiftCardPageTestCases@5824a83d] output={null}]]]>
              </value>
            </param>
          </params>
          <reporter-output>
          </reporter-output>
        </test-method> <!-- beforeMethod -->
        <test-method signature="checkGiftCardTitleTest()[pri:5, instance:projectTestCases.GiftCardPageTestCases@5824a83d]" started-at="2024-04-08T00:20:22 IST" name="checkGiftCardTitleTest" finished-at="2024-04-08T00:20:22 IST" duration-ms="12" status="PASS">
          <reporter-output>
          </reporter-output>
        </test-method> <!-- checkGiftCardTitleTest -->
        <test-method is-config="true" signature="afterMethod(org.testng.ITestResult)[pri:0, instance:projectTestCases.GiftCardPageTestCases@5824a83d]" started-at="2024-04-08T00:20:22 IST" name="afterMethod" finished-at="2024-04-08T00:20:22 IST" duration-ms="0" status="PASS">
          <params>
            <param index="0">
              <value>
                <![CDATA[[TestResult name=checkGiftCardTitleTest status=SUCCESS method=GiftCardPageTestCases.checkGiftCardTitleTest()[pri:5, instance:projectTestCases.GiftCardPageTestCases@5824a83d] output={null}]]]>
              </value>
            </param>
          </params>
          <reporter-output>
          </reporter-output>
        </test-method> <!-- afterMethod -->
        <test-method is-config="true" signature="getResult(org.testng.ITestResult)[pri:0, instance:projectTestCases.GiftCardPageTestCases@5824a83d]" started-at="2024-04-08T00:20:22 IST" name="getResult" finished-at="2024-04-08T00:20:22 IST" duration-ms="0" status="PASS">
          <params>
            <param index="0">
              <value>
                <![CDATA[[TestResult name=checkGiftCardTitleTest status=SUCCESS method=GiftCardPageTestCases.checkGiftCardTitleTest()[pri:5, instance:projectTestCases.GiftCardPageTestCases@5824a83d] output={null}]]]>
              </value>
            </param>
          </params>
          <reporter-output>
          </reporter-output>
        </test-method> <!-- getResult -->
        <test-method is-config="true" signature="beforeMethod(org.testng.ITestResult)[pri:0, instance:projectTestCases.GiftCardPageTestCases@5824a83d]" started-at="2024-04-08T00:20:22 IST" name="beforeMethod" finished-at="2024-04-08T00:20:22 IST" duration-ms="0" status="PASS">
          <params>
            <param index="0">
              <value>
                <![CDATA[[TestResult name={null} status=CREATED method=GiftCardPageTestCases.OccasionHandleTest()[pri:6, instance:projectTestCases.GiftCardPageTestCases@5824a83d] output={null}]]]>
              </value>
            </param>
          </params>
          <reporter-output>
          </reporter-output>
        </test-method> <!-- beforeMethod -->
        <test-method signature="OccasionHandleTest()[pri:6, instance:projectTestCases.GiftCardPageTestCases@5824a83d]" started-at="2024-04-08T00:20:22 IST" name="OccasionHandleTest" finished-at="2024-04-08T00:20:23 IST" duration-ms="664" status="PASS">
          <reporter-output>
          </reporter-output>
        </test-method> <!-- OccasionHandleTest -->
        <test-method is-config="true" signature="getResult(org.testng.ITestResult)[pri:0, instance:projectTestCases.GiftCardPageTestCases@5824a83d]" started-at="2024-04-08T00:20:23 IST" name="getResult" finished-at="2024-04-08T00:20:23 IST" duration-ms="1" status="PASS">
          <params>
            <param index="0">
              <value>
                <![CDATA[[TestResult name=OccasionHandleTest status=SUCCESS method=GiftCardPageTestCases.OccasionHandleTest()[pri:6, instance:projectTestCases.GiftCardPageTestCases@5824a83d] output={null}]]]>
              </value>
            </param>
          </params>
          <reporter-output>
          </reporter-output>
        </test-method> <!-- getResult -->
        <test-method is-config="true" signature="afterMethod(org.testng.ITestResult)[pri:0, instance:projectTestCases.GiftCardPageTestCases@5824a83d]" started-at="2024-04-08T00:20:23 IST" name="afterMethod" finished-at="2024-04-08T00:20:23 IST" duration-ms="0" status="PASS">
          <params>
            <param index="0">
              <value>
                <![CDATA[[TestResult name=OccasionHandleTest status=SUCCESS method=GiftCardPageTestCases.OccasionHandleTest()[pri:6, instance:projectTestCases.GiftCardPageTestCases@5824a83d] output={null}]]]>
              </value>
            </param>
          </params>
          <reporter-output>
          </reporter-output>
        </test-method> <!-- afterMethod -->
        <test-method signature="AmountHandlerTest()[pri:7, instance:projectTestCases.GiftCardPageTestCases@5824a83d]" started-at="2024-04-08T00:20:23 IST" name="AmountHandlerTest" finished-at="2024-04-08T00:20:23 IST" duration-ms="129" status="PASS">
          <reporter-output>
          </reporter-output>
        </test-method> <!-- AmountHandlerTest -->
        <test-method is-config="true" signature="beforeMethod(org.testng.ITestResult)[pri:0, instance:projectTestCases.GiftCardPageTestCases@5824a83d]" started-at="2024-04-08T00:20:23 IST" name="beforeMethod" finished-at="2024-04-08T00:20:23 IST" duration-ms="0" status="PASS">
          <params>
            <param index="0">
              <value>
                <![CDATA[[TestResult name={null} status=CREATED method=GiftCardPageTestCases.AmountHandlerTest()[pri:7, instance:projectTestCases.GiftCardPageTestCases@5824a83d] output={null}]]]>
              </value>
            </param>
          </params>
          <reporter-output>
          </reporter-output>
        </test-method> <!-- beforeMethod -->
        <test-method is-config="true" signature="afterMethod(org.testng.ITestResult)[pri:0, instance:projectTestCases.GiftCardPageTestCases@5824a83d]" started-at="2024-04-08T00:20:23 IST" name="afterMethod" finished-at="2024-04-08T00:20:23 IST" duration-ms="1" status="PASS">
          <params>
            <param index="0">
              <value>
                <![CDATA[[TestResult name=AmountHandlerTest status=SUCCESS method=GiftCardPageTestCases.AmountHandlerTest()[pri:7, instance:projectTestCases.GiftCardPageTestCases@5824a83d] output={null}]]]>
              </value>
            </param>
          </params>
          <reporter-output>
          </reporter-output>
        </test-method> <!-- afterMethod -->
        <test-method is-config="true" signature="getResult(org.testng.ITestResult)[pri:0, instance:projectTestCases.GiftCardPageTestCases@5824a83d]" started-at="2024-04-08T00:20:23 IST" name="getResult" finished-at="2024-04-08T00:20:23 IST" duration-ms="1" status="PASS">
          <params>
            <param index="0">
              <value>
                <![CDATA[[TestResult name=AmountHandlerTest status=SUCCESS method=GiftCardPageTestCases.AmountHandlerTest()[pri:7, instance:projectTestCases.GiftCardPageTestCases@5824a83d] output={null}]]]>
              </value>
            </param>
          </params>
          <reporter-output>
          </reporter-output>
        </test-method> <!-- getResult -->
        <test-method is-config="true" signature="beforeMethod(org.testng.ITestResult)[pri:0, instance:projectTestCases.GiftCardPageTestCases@5824a83d]" started-at="2024-04-08T00:20:23 IST" name="beforeMethod" finished-at="2024-04-08T00:20:23 IST" duration-ms="1" status="PASS">
          <params>
            <param index="0">
              <value>
                <![CDATA[[TestResult name={null} status=CREATED method=GiftCardPageTestCases.DropDownHandlerTest()[pri:8, instance:projectTestCases.GiftCardPageTestCases@5824a83d] output={null}]]]>
              </value>
            </param>
          </params>
          <reporter-output>
          </reporter-output>
        </test-method> <!-- beforeMethod -->
        <test-method signature="DropDownHandlerTest()[pri:8, instance:projectTestCases.GiftCardPageTestCases@5824a83d]" started-at="2024-04-08T00:20:23 IST" name="DropDownHandlerTest" finished-at="2024-04-08T00:20:23 IST" duration-ms="592" status="PASS">
          <reporter-output>
          </reporter-output>
        </test-method> <!-- DropDownHandlerTest -->
        <test-method is-config="true" signature="getResult(org.testng.ITestResult)[pri:0, instance:projectTestCases.GiftCardPageTestCases@5824a83d]" started-at="2024-04-08T00:20:23 IST" name="getResult" finished-at="2024-04-08T00:20:23 IST" duration-ms="1" status="PASS">
          <params>
            <param index="0">
              <value>
                <![CDATA[[TestResult name=DropDownHandlerTest status=SUCCESS method=GiftCardPageTestCases.DropDownHandlerTest()[pri:8, instance:projectTestCases.GiftCardPageTestCases@5824a83d] output={null}]]]>
              </value>
            </param>
          </params>
          <reporter-output>
          </reporter-output>
        </test-method> <!-- getResult -->
        <test-method is-config="true" signature="afterMethod(org.testng.ITestResult)[pri:0, instance:projectTestCases.GiftCardPageTestCases@5824a83d]" started-at="2024-04-08T00:20:23 IST" name="afterMethod" finished-at="2024-04-08T00:20:23 IST" duration-ms="0" status="PASS">
          <params>
            <param index="0">
              <value>
                <![CDATA[[TestResult name=DropDownHandlerTest status=SUCCESS method=GiftCardPageTestCases.DropDownHandlerTest()[pri:8, instance:projectTestCases.GiftCardPageTestCases@5824a83d] output={null}]]]>
              </value>
            </param>
          </params>
          <reporter-output>
          </reporter-output>
        </test-method> <!-- afterMethod -->
        <test-method signature="ButtonHandleTest()[pri:9, instance:projectTestCases.GiftCardPageTestCases@5824a83d]" started-at="2024-04-08T00:20:23 IST" name="ButtonHandleTest" finished-at="2024-04-08T00:20:24 IST" duration-ms="433" status="PASS">
          <reporter-output>
          </reporter-output>
        </test-method> <!-- ButtonHandleTest -->
        <test-method is-config="true" signature="beforeMethod(org.testng.ITestResult)[pri:0, instance:projectTestCases.GiftCardPageTestCases@5824a83d]" started-at="2024-04-08T00:20:23 IST" name="beforeMethod" finished-at="2024-04-08T00:20:23 IST" duration-ms="0" status="PASS">
          <params>
            <param index="0">
              <value>
                <![CDATA[[TestResult name={null} status=CREATED method=GiftCardPageTestCases.ButtonHandleTest()[pri:9, instance:projectTestCases.GiftCardPageTestCases@5824a83d] output={null}]]]>
              </value>
            </param>
          </params>
          <reporter-output>
          </reporter-output>
        </test-method> <!-- beforeMethod -->
        <test-method is-config="true" signature="getResult(org.testng.ITestResult)[pri:0, instance:projectTestCases.GiftCardPageTestCases@5824a83d]" started-at="2024-04-08T00:20:24 IST" name="getResult" finished-at="2024-04-08T00:20:24 IST" duration-ms="1" status="PASS">
          <params>
            <param index="0">
              <value>
                <![CDATA[[TestResult name=ButtonHandleTest status=SUCCESS method=GiftCardPageTestCases.ButtonHandleTest()[pri:9, instance:projectTestCases.GiftCardPageTestCases@5824a83d] output={null}]]]>
              </value>
            </param>
          </params>
          <reporter-output>
          </reporter-output>
        </test-method> <!-- getResult -->
        <test-method is-config="true" signature="afterMethod(org.testng.ITestResult)[pri:0, instance:projectTestCases.GiftCardPageTestCases@5824a83d]" started-at="2024-04-08T00:20:24 IST" name="afterMethod" finished-at="2024-04-08T00:20:24 IST" duration-ms="0" status="PASS">
          <params>
            <param index="0">
              <value>
                <![CDATA[[TestResult name=ButtonHandleTest status=SUCCESS method=GiftCardPageTestCases.ButtonHandleTest()[pri:9, instance:projectTestCases.GiftCardPageTestCases@5824a83d] output={null}]]]>
              </value>
            </param>
          </params>
          <reporter-output>
          </reporter-output>
        </test-method> <!-- afterMethod -->
        <test-method signature="enterFormDetailsTest(java.lang.String,java.lang.String,java.lang.String,java.lang.String,java.lang.String,java.lang.String,java.lang.String,java.lang.String)[pri:10, instance:projectTestCases.GiftCardPageTestCases@5824a83d]" started-at="2024-04-08T00:20:24 IST" name="enterFormDetailsTest" data-provider="enterFormDetailsTest" finished-at="2024-04-08T00:20:35 IST" duration-ms="11511" status="PASS">
          <params>
            <param index="0">
              <value>
                <![CDATA[shreya]]>
              </value>
            </param>
            <param index="1">
              <value>
                <![CDATA[shreya1]]>
              </value>
            </param>
            <param index="2">
              <value>
                <![CDATA[9.876543211E9]]>
              </value>
            </param>
            <param index="3">
              <value>
                <![CDATA[chotu]]>
              </value>
            </param>
            <param index="4">
              <value>
                <![CDATA[chotu@gmail.com]]>
              </value>
            </param>
            <param index="5">
              <value>
                <![CDATA[9.876543212E9]]>
              </value>
            </param>
            <param index="6">
              <value>
                <![CDATA[park square]]>
              </value>
            </param>
            <param index="7">
              <value>
                <![CDATA[700009.0]]>
              </value>
            </param>
          </params>
          <reporter-output>
          </reporter-output>
        </test-method> <!-- enterFormDetailsTest -->
        <test-method is-config="true" signature="beforeMethod(org.testng.ITestResult)[pri:0, instance:projectTestCases.GiftCardPageTestCases@5824a83d]" started-at="2024-04-08T00:20:24 IST" name="beforeMethod" finished-at="2024-04-08T00:20:24 IST" duration-ms="0" status="PASS">
          <params>
            <param index="0">
              <value>
                <![CDATA[[TestResult name={null} status=CREATED method=GiftCardPageTestCases.enterFormDetailsTest(java.lang.String,java.lang.String,java.lang.String,java.lang.String,java.lang.String,java.lang.String,java.lang.String,java.lang.String)[pri:10, instance:projectTestCases.GiftCardPageTestCases@5824a83d] output={null}]]]>
              </value>
            </param>
          </params>
          <reporter-output>
          </reporter-output>
        </test-method> <!-- beforeMethod -->
        <test-method is-config="true" signature="afterMethod(org.testng.ITestResult)[pri:0, instance:projectTestCases.GiftCardPageTestCases@5824a83d]" started-at="2024-04-08T00:20:35 IST" name="afterMethod" finished-at="2024-04-08T00:20:35 IST" duration-ms="0" status="PASS">
          <params>
            <param index="0">
              <value>
                <![CDATA[[TestResult name=enterFormDetailsTest status=SUCCESS method=GiftCardPageTestCases.enterFormDetailsTest(java.lang.String,java.lang.String,java.lang.String,java.lang.String,java.lang.String,java.lang.String,java.lang.String,java.lang.String)[pri:10, instance:projectTestCases.GiftCardPageTestCases@5824a83d] output={null}]]]>
              </value>
            </param>
          </params>
          <reporter-output>
          </reporter-output>
        </test-method> <!-- afterMethod -->
        <test-method is-config="true" signature="afterTest()[pri:0, instance:projectTestCases.GiftCardPageTestCases@5824a83d]" started-at="2024-04-08T00:20:35 IST" name="afterTest" finished-at="2024-04-08T00:20:39 IST" duration-ms="3673" status="PASS">
          <reporter-output>
          </reporter-output>
        </test-method> <!-- afterTest -->
        <test-method is-config="true" signature="getResult(org.testng.ITestResult)[pri:0, instance:projectTestCases.GiftCardPageTestCases@5824a83d]" started-at="2024-04-08T00:20:35 IST" name="getResult" finished-at="2024-04-08T00:20:35 IST" duration-ms="0" status="PASS">
          <params>
            <param index="0">
              <value>
                <![CDATA[[TestResult name=enterFormDetailsTest status=SUCCESS method=GiftCardPageTestCases.enterFormDetailsTest(java.lang.String,java.lang.String,java.lang.String,java.lang.String,java.lang.String,java.lang.String,java.lang.String,java.lang.String)[pri:10, instance:projectTestCases.GiftCardPageTestCases@5824a83d] output={null}]]]>
              </value>
            </param>
          </params>
          <reporter-output>
          </reporter-output>
        </test-method> <!-- getResult -->
        <test-method is-config="true" signature="tearDown()[pri:0, instance:projectTestCases.GiftCardPageTestCases@5824a83d]" started-at="2024-04-08T00:20:39 IST" name="tearDown" finished-at="2024-04-08T00:20:39 IST" duration-ms="299" status="PASS">
          <reporter-output>
          </reporter-output>
        </test-method> <!-- tearDown -->
      </class> <!-- projectTestCases.GiftCardPageTestCases -->
    </test> <!-- EdgeTest3 -->
  </suite> <!-- Suite -->
</testng-results>
